VirtualBox XPCOM Server 5.2.10_Ubuntu r121806 linux.amd64 (Jun 15 2018 16:14:07) release log
00:00:00.005389 main     Log opened 2019-01-26T19:57:31.737420000Z
00:00:00.005394 main     Build Type: release
00:00:00.005403 main     OS Product: Linux
00:00:00.005405 main     OS Release: 4.15.0-39-generic
00:00:00.005406 main     OS Version: #42-Ubuntu SMP Tue Oct 23 15:48:01 UTC 2018
00:00:00.005483 main     DMI Product Name: X540LA
00:00:00.005505 main     DMI Product Version: 1.0       
00:00:00.005615 main     Host RAM: 7878MB (7.6GB) total, 5357MB (5.2GB) available
00:00:00.005619 main     Executable: /usr/lib/virtualbox/VBoxSVC
00:00:00.005620 main     Process ID: 6403
00:00:00.005620 main     Package type: LINUX_64BITS_GENERIC (OSE)
00:00:00.009070 main     IPC socket path: /tmp/.vbox-bitchhunter3000-ipc/ipcd
00:00:00.117122 nspr-2   VirtualBox: object creation starts
00:00:00.118345 nspr-2   Home directory: '/home/bitchhunter3000/.config/VirtualBox'
00:00:00.118814 nspr-2   Loading settings file "/home/bitchhunter3000/.config/VirtualBox/VirtualBox.xml" with version "1.12-linux"
00:00:00.133394 nspr-2   NetIfAdpCtlOut: VBoxNetAdpCtl: Error while retrieving link speed for wlp3s0: VBoxNetAdpCtl: ioctl failed: Operation not supported
00:00:00.135479 nspr-2   NAT: resolv.conf: nameserver 127.0.0.53
00:00:00.135579 nspr-2   HostDnsMonitor: old information
00:00:00.135586 nspr-2     no server entries
00:00:00.135589 nspr-2     no domain set
00:00:00.135592 nspr-2     no search string entries
00:00:00.135595 nspr-2   HostDnsMonitor: new information
00:00:00.135598 nspr-2     server 1: 127.0.0.53
00:00:00.135602 nspr-2     domain: hi.is
00:00:00.135605 nspr-2     search string 1: hi.is
00:00:00.135608 nspr-2     search string 2: rhi.hi.is
00:00:00.135611 nspr-2     search string 3: cs.rhi.hi.is
00:00:00.135618 nspr-2   HostDnsMonitorProxy::notify
00:00:00.139088 nspr-2   Failed to open "/dev/vboxdrvu", errno=13, rc=VERR_VM_DRIVER_NOT_ACCESSIBLE
00:00:00.143233 nspr-2   VD: VDInit finished with VINF_SUCCESS
00:00:00.143916 nspr-2   ERROR [COM]: aRC=NS_ERROR_FAILURE (0x80004005) aIID={0eb668d2-495e-5a36-8890-29999b5f030c} aComponent={SystemPropertiesWrap} aText={Cannot determine default Guest Additions ISO location. Most likely they are not available}, preserve=false aResultDetail=0
00:00:00.154020 nspr-2   Loading settings file "/home/bitchhunter3000/big_stuff/virtualMachines/win10clone/win10clone.vbox" with version "1.15-linux"
00:00:00.156164 nspr-2   VirtualBox: object created
00:00:00.675430 nspr-3   WARNING [COM]: aRC=NS_ERROR_FAILURE (0x80004005) aIID={afca788c-4477-787d-60b2-3fa70e56fbbc} aComponent={HostWrap} aText={VirtualBox is not currently allowed to access USB devices.  You can change this by adding your user to the 'vboxusers' group.  Please see the user manual for a more detailed explanation}, preserve=true  aResultDetail=0
00:00:00.702317 nspr-3   Failed to open "/dev/vboxdrvu", errno=13, rc=VERR_VM_DRIVER_NOT_ACCESSIBLE
00:00:00.832088 nspr-2   WARNING [COM]: aRC=NS_ERROR_FAILURE (0x80004005) aIID={afca788c-4477-787d-60b2-3fa70e56fbbc} aComponent={HostWrap} aText={VirtualBox is not currently allowed to access USB devices.  You can change this by adding your user to the 'vboxusers' group.  Please see the user manual for a more detailed explanation}, preserve=true  aResultDetail=0
00:00:00.834343 nspr-2   WARNING [COM]: aRC=NS_ERROR_FAILURE (0x80004005) aIID={afca788c-4477-787d-60b2-3fa70e56fbbc} aComponent={HostWrap} aText={VirtualBox is not currently allowed to access USB devices.  You can change this by adding your user to the 'vboxusers' group.  Please see the user manual for a more detailed explanation}, preserve=true  aResultDetail=0
00:00:00.836086 nspr-3   WARNING [COM]: aRC=NS_ERROR_FAILURE (0x80004005) aIID={afca788c-4477-787d-60b2-3fa70e56fbbc} aComponent={HostWrap} aText={VirtualBox is not currently allowed to access USB devices.  You can change this by adding your user to the 'vboxusers' group.  Please see the user manual for a more detailed explanation}, preserve=true  aResultDetail=0
00:00:02.569654 nspr-3   Failed to open "/dev/vboxdrvu", errno=13, rc=VERR_VM_DRIVER_NOT_ACCESSIBLE
00:00:02.571798 nspr-3   Failed to open "/dev/vboxdrvu", errno=13, rc=VERR_VM_DRIVER_NOT_ACCESSIBLE
00:00:02.754091 nspr-3   Failed to open "/dev/vboxdrvu", errno=13, rc=VERR_VM_DRIVER_NOT_ACCESSIBLE
00:00:02.781373 nspr-4   WARNING [COM]: aRC=NS_ERROR_FAILURE (0x80004005) aIID={afca788c-4477-787d-60b2-3fa70e56fbbc} aComponent={HostWrap} aText={VirtualBox is not currently allowed to access USB devices.  You can change this by adding your user to the 'vboxusers' group.  Please see the user manual for a more detailed explanation}, preserve=true  aResultDetail=0
00:00:02.783305 nspr-4   WARNING [COM]: aRC=NS_ERROR_FAILURE (0x80004005) aIID={afca788c-4477-787d-60b2-3fa70e56fbbc} aComponent={HostWrap} aText={VirtualBox is not currently allowed to access USB devices.  You can change this by adding your user to the 'vboxusers' group.  Please see the user manual for a more detailed explanation}, preserve=true  aResultDetail=0
00:00:02.784894 nspr-3   WARNING [COM]: aRC=NS_ERROR_FAILURE (0x80004005) aIID={afca788c-4477-787d-60b2-3fa70e56fbbc} aComponent={HostWrap} aText={VirtualBox is not currently allowed to access USB devices.  You can change this by adding your user to the 'vboxusers' group.  Please see the user manual for a more detailed explanation}, preserve=true  aResultDetail=0
00:08:13.975948 nspr-4   Failed to open "/dev/vboxdrvu", errno=13, rc=VERR_VM_DRIVER_NOT_ACCESSIBLE
00:08:13.978348 nspr-4   Failed to open "/dev/vboxdrvu", errno=13, rc=VERR_VM_DRIVER_NOT_ACCESSIBLE
00:08:14.183750 nspr-3   Failed to open "/dev/vboxdrvu", errno=13, rc=VERR_VM_DRIVER_NOT_ACCESSIBLE
00:08:14.221354 nspr-3   WARNING [COM]: aRC=NS_ERROR_FAILURE (0x80004005) aIID={afca788c-4477-787d-60b2-3fa70e56fbbc} aComponent={HostWrap} aText={VirtualBox is not currently allowed to access USB devices.  You can change this by adding your user to the 'vboxusers' group.  Please see the user manual for a more detailed explanation}, preserve=true  aResultDetail=0
00:08:14.225154 nspr-3   WARNING [COM]: aRC=NS_ERROR_FAILURE (0x80004005) aIID={afca788c-4477-787d-60b2-3fa70e56fbbc} aComponent={HostWrap} aText={VirtualBox is not currently allowed to access USB devices.  You can change this by adding your user to the 'vboxusers' group.  Please see the user manual for a more detailed explanation}, preserve=true  aResultDetail=0
00:08:14.227916 nspr-2   WARNING [COM]: aRC=NS_ERROR_FAILURE (0x80004005) aIID={afca788c-4477-787d-60b2-3fa70e56fbbc} aComponent={HostWrap} aText={VirtualBox is not currently allowed to access USB devices.  You can change this by adding your user to the 'vboxusers' group.  Please see the user manual for a more detailed explanation}, preserve=true  aResultDetail=0
00:08:59.080689 nspr-2   Saving settings file "/home/bitchhunter3000/big_stuff/virtualMachines/ubuntu/ubuntu.vbox" with version "1.16-linux"
00:08:59.095731 nspr-4   WARNING [COM]: aRC=NS_ERROR_FAILURE (0x80004005) aIID={afca788c-4477-787d-60b2-3fa70e56fbbc} aComponent={HostWrap} aText={VirtualBox is not currently allowed to access USB devices.  You can change this by adding your user to the 'vboxusers' group.  Please see the user manual for a more detailed explanation}, preserve=true  aResultDetail=0
00:08:59.104723 nspr-3   Saving settings file "/home/bitchhunter3000/big_stuff/virtualMachines/ubuntu/ubuntu.vbox" with version "1.16-linux"
00:08:59.113146 nspr-3   Saving settings file "/home/bitchhunter3000/.config/VirtualBox/VirtualBox.xml" with version "1.12-linux"
00:08:59.132753 nspr-3   Saving settings file "/home/bitchhunter3000/big_stuff/virtualMachines/ubuntu/ubuntu.vbox" with version "1.16-linux"
00:08:59.166599 nspr-3   ERROR [COM]: aRC=NS_ERROR_FAILURE (0x80004005) aIID={85cd948e-a71f-4289-281e-0ca7ad48cd89} aComponent={MachineWrap} aText={This machine does not have any snapshots}, preserve=false aResultDetail=0
00:08:59.218440 nspr-4   WARNING [COM]: aRC=NS_ERROR_FAILURE (0x80004005) aIID={afca788c-4477-787d-60b2-3fa70e56fbbc} aComponent={HostWrap} aText={VirtualBox is not currently allowed to access USB devices.  You can change this by adding your user to the 'vboxusers' group.  Please see the user manual for a more detailed explanation}, preserve=true  aResultDetail=0
00:08:59.256585 nspr-4   Failed to open "/dev/vboxdrvu", errno=13, rc=VERR_VM_DRIVER_NOT_ACCESSIBLE
00:08:59.298843 nspr-3   WARNING [COM]: aRC=NS_ERROR_FAILURE (0x80004005) aIID={afca788c-4477-787d-60b2-3fa70e56fbbc} aComponent={HostWrap} aText={VirtualBox is not currently allowed to access USB devices.  You can change this by adding your user to the 'vboxusers' group.  Please see the user manual for a more detailed explanation}, preserve=true  aResultDetail=0
00:08:59.302274 nspr-3   WARNING [COM]: aRC=NS_ERROR_FAILURE (0x80004005) aIID={afca788c-4477-787d-60b2-3fa70e56fbbc} aComponent={HostWrap} aText={VirtualBox is not currently allowed to access USB devices.  You can change this by adding your user to the 'vboxusers' group.  Please see the user manual for a more detailed explanation}, preserve=true  aResultDetail=0
00:08:59.305946 nspr-4   WARNING [COM]: aRC=NS_ERROR_FAILURE (0x80004005) aIID={afca788c-4477-787d-60b2-3fa70e56fbbc} aComponent={HostWrap} aText={VirtualBox is not currently allowed to access USB devices.  You can change this by adding your user to the 'vboxusers' group.  Please see the user manual for a more detailed explanation}, preserve=true  aResultDetail=0
00:09:03.699907 nspr-4   Failed to open "/dev/vboxdrvu", errno=13, rc=VERR_VM_DRIVER_NOT_ACCESSIBLE
00:09:03.741745 nspr-4   WARNING [COM]: aRC=NS_ERROR_FAILURE (0x80004005) aIID={afca788c-4477-787d-60b2-3fa70e56fbbc} aComponent={HostWrap} aText={VirtualBox is not currently allowed to access USB devices.  You can change this by adding your user to the 'vboxusers' group.  Please see the user manual for a more detailed explanation}, preserve=true  aResultDetail=0
00:09:03.745569 nspr-4   WARNING [COM]: aRC=NS_ERROR_FAILURE (0x80004005) aIID={afca788c-4477-787d-60b2-3fa70e56fbbc} aComponent={HostWrap} aText={VirtualBox is not currently allowed to access USB devices.  You can change this by adding your user to the 'vboxusers' group.  Please see the user manual for a more detailed explanation}, preserve=true  aResultDetail=0
00:09:03.747448 nspr-4   WARNING [COM]: aRC=NS_ERROR_FAILURE (0x80004005) aIID={afca788c-4477-787d-60b2-3fa70e56fbbc} aComponent={HostWrap} aText={VirtualBox is not currently allowed to access USB devices.  You can change this by adding your user to the 'vboxusers' group.  Please see the user manual for a more detailed explanation}, preserve=true  aResultDetail=0
00:09:04.110798 nspr-7   Failed to open "/dev/vboxdrvu", errno=13, rc=VERR_VM_DRIVER_NOT_ACCESSIBLE
00:09:04.144218 nspr-7   WARNING [COM]: aRC=NS_ERROR_FAILURE (0x80004005) aIID={afca788c-4477-787d-60b2-3fa70e56fbbc} aComponent={HostWrap} aText={VirtualBox is not currently allowed to access USB devices.  You can change this by adding your user to the 'vboxusers' group.  Please see the user manual for a more detailed explanation}, preserve=true  aResultDetail=0
00:09:04.146873 nspr-2   WARNING [COM]: aRC=NS_ERROR_FAILURE (0x80004005) aIID={afca788c-4477-787d-60b2-3fa70e56fbbc} aComponent={HostWrap} aText={VirtualBox is not currently allowed to access USB devices.  You can change this by adding your user to the 'vboxusers' group.  Please see the user manual for a more detailed explanation}, preserve=true  aResultDetail=0
00:09:04.148933 nspr-2   WARNING [COM]: aRC=NS_ERROR_FAILURE (0x80004005) aIID={afca788c-4477-787d-60b2-3fa70e56fbbc} aComponent={HostWrap} aText={VirtualBox is not currently allowed to access USB devices.  You can change this by adding your user to the 'vboxusers' group.  Please see the user manual for a more detailed explanation}, preserve=true  aResultDetail=0
00:09:04.185391 nspr-7   WARNING [COM]: aRC=NS_ERROR_FAILURE (0x80004005) aIID={afca788c-4477-787d-60b2-3fa70e56fbbc} aComponent={HostWrap} aText={VirtualBox is not currently allowed to access USB devices.  You can change this by adding your user to the 'vboxusers' group.  Please see the user manual for a more detailed explanation}, preserve=true  aResultDetail=0
00:09:04.188207 nspr-3   WARNING [COM]: aRC=NS_ERROR_FAILURE (0x80004005) aIID={afca788c-4477-787d-60b2-3fa70e56fbbc} aComponent={HostWrap} aText={VirtualBox is not currently allowed to access USB devices.  You can change this by adding your user to the 'vboxusers' group.  Please see the user manual for a more detailed explanation}, preserve=true  aResultDetail=0
00:09:04.188815 nspr-3   ERROR [COM]: aRC=VBOX_E_OBJECT_NOT_FOUND (0x80bb0001) aIID={edba9d10-45d8-b440-1712-46ac0c9bc4c5} aComponent={ExtPackManagerWrap} aText={No extension pack by the name 'Oracle VM VirtualBox Extension Pack' was found}, preserve=false aResultDetail=0
00:09:04.256754 nspr-6   WARNING [COM]: aRC=NS_ERROR_FAILURE (0x80004005) aIID={afca788c-4477-787d-60b2-3fa70e56fbbc} aComponent={HostWrap} aText={VirtualBox is not currently allowed to access USB devices.  You can change this by adding your user to the 'vboxusers' group.  Please see the user manual for a more detailed explanation}, preserve=true  aResultDetail=0
00:09:04.258362 nspr-2   WARNING [COM]: aRC=NS_ERROR_FAILURE (0x80004005) aIID={afca788c-4477-787d-60b2-3fa70e56fbbc} aComponent={HostWrap} aText={VirtualBox is not currently allowed to access USB devices.  You can change this by adding your user to the 'vboxusers' group.  Please see the user manual for a more detailed explanation}, preserve=true  aResultDetail=0
00:09:04.306016 nspr-3   ERROR [COM]: aRC=VBOX_E_IPRT_ERROR (0x80bb0005) aIID={85cd948e-a71f-4289-281e-0ca7ad48cd89} aComponent={SessionMachine} aText={Saved screenshot data is not available (VERR_NOT_SUPPORTED)}, preserve=false aResultDetail=0
00:09:04.360109 nspr-3   NetIfAdpCtlOut: VBoxNetAdpCtl: Error while retrieving link speed for wlp3s0: VBoxNetAdpCtl: ioctl failed: Operation not supported
00:09:43.719389 nspr-3   Saving settings file "/home/bitchhunter3000/.config/VirtualBox/VirtualBox.xml" with version "1.12-linux"
00:09:43.734363 nspr-3   Saving settings file "/home/bitchhunter3000/.config/VirtualBox/VirtualBox.xml" with version "1.12-linux"
00:09:45.150286 nspr-7   Saving settings file "/home/bitchhunter3000/big_stuff/virtualMachines/ubuntu/ubuntu.vbox" with version "1.16-linux"
00:09:45.252762 nspr-4   Failed to open "/dev/vboxdrvu", errno=13, rc=VERR_VM_DRIVER_NOT_ACCESSIBLE
00:09:45.278081 nspr-2   WARNING [COM]: aRC=NS_ERROR_FAILURE (0x80004005) aIID={afca788c-4477-787d-60b2-3fa70e56fbbc} aComponent={HostWrap} aText={VirtualBox is not currently allowed to access USB devices.  You can change this by adding your user to the 'vboxusers' group.  Please see the user manual for a more detailed explanation}, preserve=true  aResultDetail=0
00:09:45.300297 nspr-9   Failed to open "/dev/vboxdrvu", errno=13, rc=VERR_VM_DRIVER_NOT_ACCESSIBLE
00:09:45.358794 nspr-6   WARNING [COM]: aRC=NS_ERROR_FAILURE (0x80004005) aIID={afca788c-4477-787d-60b2-3fa70e56fbbc} aComponent={HostWrap} aText={VirtualBox is not currently allowed to access USB devices.  You can change this by adding your user to the 'vboxusers' group.  Please see the user manual for a more detailed explanation}, preserve=true  aResultDetail=0
00:09:45.362693 nspr-5   WARNING [COM]: aRC=NS_ERROR_FAILURE (0x80004005) aIID={afca788c-4477-787d-60b2-3fa70e56fbbc} aComponent={HostWrap} aText={VirtualBox is not currently allowed to access USB devices.  You can change this by adding your user to the 'vboxusers' group.  Please see the user manual for a more detailed explanation}, preserve=true  aResultDetail=0
00:09:45.366772 nspr-6   WARNING [COM]: aRC=NS_ERROR_FAILURE (0x80004005) aIID={afca788c-4477-787d-60b2-3fa70e56fbbc} aComponent={HostWrap} aText={VirtualBox is not currently allowed to access USB devices.  You can change this by adding your user to the 'vboxusers' group.  Please see the user manual for a more detailed explanation}, preserve=true  aResultDetail=0
00:09:46.188171 nspr-3   Failed to open "/dev/vboxdrvu", errno=13, rc=VERR_VM_DRIVER_NOT_ACCESSIBLE
00:09:46.235375 nspr-6   WARNING [COM]: aRC=NS_ERROR_FAILURE (0x80004005) aIID={afca788c-4477-787d-60b2-3fa70e56fbbc} aComponent={HostWrap} aText={VirtualBox is not currently allowed to access USB devices.  You can change this by adding your user to the 'vboxusers' group.  Please see the user manual for a more detailed explanation}, preserve=true  aResultDetail=0
00:09:46.237857 nspr-3   WARNING [COM]: aRC=NS_ERROR_FAILURE (0x80004005) aIID={afca788c-4477-787d-60b2-3fa70e56fbbc} aComponent={HostWrap} aText={VirtualBox is not currently allowed to access USB devices.  You can change this by adding your user to the 'vboxusers' group.  Please see the user manual for a more detailed explanation}, preserve=true  aResultDetail=0
00:09:46.240063 nspr-7   WARNING [COM]: aRC=NS_ERROR_FAILURE (0x80004005) aIID={afca788c-4477-787d-60b2-3fa70e56fbbc} aComponent={HostWrap} aText={VirtualBox is not currently allowed to access USB devices.  You can change this by adding your user to the 'vboxusers' group.  Please see the user manual for a more detailed explanation}, preserve=true  aResultDetail=0
00:40:52.575440 nspr-6   Saving settings file "/home/bitchhunter3000/.config/VirtualBox/VirtualBox.xml" with version "1.12-linux"
00:40:52.612848 nspr-3   Saving settings file "/home/bitchhunter3000/.config/VirtualBox/VirtualBox.xml" with version "1.12-linux"
00:40:52.631548 nspr-2   Saving settings file "/home/bitchhunter3000/.config/VirtualBox/VirtualBox.xml" with version "1.12-linux"
00:41:03.170674 nspr-6   Saving settings file "/home/bitchhunter3000/big_stuff/virtualMachines/ubuntu/ubuntu.vbox" with version "1.16-linux"
00:41:03.310218 nspr-4   Saving settings file "/home/bitchhunter3000/big_stuff/virtualMachines/ubuntu/ubuntu.vbox" with version "1.16-linux"
00:41:04.031656 nspr-6   Saving settings file "/home/bitchhunter3000/big_stuff/virtualMachines/ubuntu/ubuntu.vbox" with version "1.16-linux"
00:41:04.100129 nspr-2   Saving settings file "/home/bitchhunter3000/big_stuff/virtualMachines/ubuntu/ubuntu.vbox" with version "1.16-linux"
00:41:09.641222 main     VirtualBox: object deletion starts
00:41:09.641273 main     ERROR [COM]: aRC=VBOX_E_OBJECT_IN_USE (0x80bb000c) aIID={4afe423b-43e0-e9d0-82e8-ceb307940dda} aComponent={MediumWrap} aText={Medium '/home/bitchhunter3000/big_stuff/virtualMachines/win10clone/win10clone.vdi' cannot be closed because it is still attached to 1 virtual machines}, preserve=false aResultDetail=0
00:41:09.641432 main     ERROR [COM]: aRC=VBOX_E_OBJECT_IN_USE (0x80bb000c) aIID={4afe423b-43e0-e9d0-82e8-ceb307940dda} aComponent={MediumWrap} aText={Medium '/home/bitchhunter3000/big_stuff/virtualMachines/ubuntu/ubuntu.vdi' cannot be closed because it is still attached to 1 virtual machines}, preserve=false aResultDetail=0
00:41:09.813538 Watcher  ERROR [COM]: aRC=E_ACCESSDENIED (0x80070005) aIID={9570b9d5-f1a1-448a-10c5-e12f5285adad} aComponent={VirtualBoxWrap} aText={The object is not ready}, preserve=false aResultDetail=0
00:41:14.641828 main     {00007f70c8018500} HostPowerServiceLinux::~HostPowerServiceLinux: RTThreadWait() for 5000 ms failed with VERR_TIMEOUT
00:41:14.642126 main     VirtualBox: object deleted
