[04/10/18, 13:18:47:492] info: ╔═════════════════════════════════════════════════════════════════════════════════╗
[04/10/18, 13:18:47:494] info: ║      Slack 3.1.1, linux 4.13.0-36-generic on x64 at 04/10/18, 13:18:47:472      ║
[04/10/18, 13:18:47:495] info: ╚═════════════════════════════════════════════════════════════════════════════════╝
[04/10/18, 13:18:47:865] info: Initializing local storage instance at path: /home/pimp-of-pimps/.config/Slack/local-settings.json
[04/10/18, 13:18:49:141] info: cld3::loadModule: loading cld3 module
[04/10/18, 13:18:49:262] info: cld3Loader::loadModule: running environment is NODE
[04/10/18, 13:18:49:263] info: cld3Loader::loadModule: constructed module object for runtime
[04/10/18, 13:18:49:841] info: cld3Loader::initializeRuntime: successfully initialized module
[04/10/18, 13:18:49:842] info: cld3Loader::loadModule: initialized wasm binary Runtime
[04/10/18, 13:18:49:855] warn: updateSpellcheckerLanguage: Tried to update language, but spellchecker not initialized
[04/10/18, 13:18:49:856] info: SSBIntegration: Main window preload script loaded 3190.429741
[04/10/18, 13:18:57:624] info: Store: SELECT_CHANNEL C8TMARN2V
[04/10/18, 13:18:57:627] info: Store: UPDATE_TEAM_LOCALE
{
  "locale": "en-US"
}
[04/10/18, 13:18:57:627] info: Store: UPDATE_SETTINGS
{
  "locale": "en-US"
}
[04/10/18, 13:18:57:630] info: Store: UPSERT_WEB_CONTENTS
{
  "id": 3,
  "state": "loaded",
  "teamId": "T8U7NRKQU"
}
[04/10/18, 13:18:57:635] info: Store: MAIN_WINDOW_SHOWN
[04/10/18, 13:18:57:637] info: Store: SET_FULL_SCREEN
[04/10/18, 13:18:57:637] info: Store: SET_FULL_SCREEN
[04/10/18, 13:18:57:638] info: Store: SET_FULL_SCREEN
[04/10/18, 13:18:57:638] info: Store: SET_FULL_SCREEN
[04/10/18, 13:18:57:638] info: Store: SET_FULL_SCREEN
[04/10/18, 13:18:57:946] info: Store: UPDATE_SESSION_STATUS
{
  "hasValidSession": true,
  "teamId": "T8U7NRKQU"
}
[04/10/18, 13:18:57:947] info: Store: SELECT_CHANNEL C9CRAPUAG
[04/10/18, 13:18:57:948] info: Store: UPDATE_TEAM_LOCALE
{
  "locale": "en-US"
}
[04/10/18, 13:18:57:949] info: Store: UPDATE_TEAM_LOCALE
{
  "locale": "en-US"
}
[04/10/18, 13:18:57:950] info: Store: UPSERT_WEB_CONTENTS
{
  "id": 3,
  "state": "webapp-loaded",
  "teamId": "T8U7NRKQU"
}
[04/10/18, 13:18:57:952] info: Store: UPSERT_WEB_CONTENTS
{
  "id": 4,
  "state": "loaded",
  "teamId": "T9C6NUMBJ"
}
[04/10/18, 13:18:57:989] info: Store: SAVE_WINDOW_SETTINGS
{
  "isMaximized": true,
  "position": [
    384,
    108
  ],
  "size": [
    1152,
    864
  ]
}
[04/10/18, 13:18:57:992] info: Store: UPDATE_TEAM_THEME
{
  "teamId": "T8U7NRKQU",
  "theme": {
    "active_item": "#4C9689",
    "active_item_text": "#FFFFFF",
    "active_presence": "#38978D",
    "badge": "#EB4D5C",
    "column_bg": "#4D394B",
    "hover_item": "#3E313C",
    "menu_bg": "#3E313C",
    "text_color": "#FFFFFF"
  }
}
[04/10/18, 13:18:57:993] info: Store: UPDATE_TEAM_LOCALE
{
  "locale": "en-US"
}
[04/10/18, 13:18:57:994] info: Store: UPSERT_WEB_CONTENTS
{
  "id": 4,
  "state": "webapp-loaded",
  "teamId": "T9C6NUMBJ"
}
[04/10/18, 13:18:57:999] info: Store: UPDATE_SESSION_STATUS
{
  "hasValidSession": true,
  "teamId": "T9C6NUMBJ"
}
[04/10/18, 13:18:58:001] info: Store: UPDATE_TEAM_THEME
{
  "teamId": "T9C6NUMBJ",
  "theme": {
    "active_item": "#4C9689",
    "active_item_text": "#FFFFFF",
    "active_presence": "#38978D",
    "badge": "#EB4D5C",
    "column_bg": "#4D394B",
    "hover_item": "#3E313C",
    "menu_bg": "#3E313C",
    "text_color": "#FFFFFF"
  }
}
[04/10/18, 13:18:58:004] info: Store: STORE_API_TOKEN
{
  "teamId": "T9C6NUMBJ",
  "token": "xoxs-⋯"
}
[04/10/18, 13:18:58:132] info: Store: STORE_API_TOKEN
{
  "teamId": "T8U7NRKQU",
  "token": "xoxs-⋯"
}
[04/10/18, 13:18:58:330] info: Store: UPDATE_TEAM_ICONS
{
  "icons": false,
  "teamId": "T8U7NRKQU"
}
[04/10/18, 13:18:58:371] info: Store: UPDATE_TEAM_ICONS
{
  "icons": false,
  "teamId": "T9C6NUMBJ"
}
[04/10/18, 13:19:20:215] info: Store: SELECT_CHANNEL C8TJBPHEC
[04/10/18, 13:19:36:137] info: Store: SELECT_CHANNEL C8TMARN2V
[04/10/18, 13:24:21:340] info: Store: SET_NETWORK_STATUS offline
[04/10/18, 13:24:22:347] info: Store: SET_NETWORK_STATUS online
[04/10/18, 13:26:22:341] info: Store: SET_NETWORK_STATUS offline
[04/10/18, 13:26:23:338] info: Store: SET_NETWORK_STATUS online
[04/10/18, 13:27:56:206] info: Store: SAVE_WINDOW_SETTINGS
{
  "isMaximized": true,
  "position": [
    384,
    108
  ],
  "size": [
    1152,
    864
  ]
}
[04/10/18, 13:46:59:864] info: Store: NEW_NOTIFICATION
{
  "avatarImage": "https://ca.slack-edge.com/T8U7NRKQU-U8U581G3V-g01dbb70d805-512",
  "channel": "C8TJQJ1RN",
  "content": "[REDACTED]",
  "id": "4xEWuJhW9p3lgEo",
  "imageUri": null,
  "launchUri": "slack://channel?id=C8TJQJ1RN&message=1523368019.000558&team=T8U7NRKQU",
  "msg": "1523368019.000558",
  "silent": true,
  "subtitle": "",
  "teamId": "T8U7NRKQU",
  "title": "[REDACTED]"
}
[04/10/18, 13:47:19:187] info: Store: NEW_NOTIFICATION
{
  "avatarImage": "https://ca.slack-edge.com/T8U7NRKQU-U8U581G3V-g01dbb70d805-512",
  "channel": "C8TJQJ1RN",
  "content": "[REDACTED]",
  "id": "PNX6h0ijqGmKywX",
  "imageUri": null,
  "launchUri": "slack://channel?id=C8TJQJ1RN&message=1523368038.000835&team=T8U7NRKQU",
  "msg": "1523368038.000835",
  "silent": true,
  "subtitle": "",
  "teamId": "T8U7NRKQU",
  "title": "[REDACTED]"
}
[04/10/18, 13:47:30:351] info: Store: NEW_NOTIFICATION
{
  "avatarImage": "https://ca.slack-edge.com/T8U7NRKQU-U8U581G3V-g01dbb70d805-512",
  "channel": "C8TJQJ1RN",
  "content": "[REDACTED]",
  "id": "Z6qZsPsy2pM7jEV",
  "imageUri": null,
  "launchUri": "slack://channel?id=C8TJQJ1RN&message=1523368050.000190&team=T8U7NRKQU",
  "msg": "1523368050.000190",
  "silent": true,
  "subtitle": "",
  "teamId": "T8U7NRKQU",
  "title": "[REDACTED]"
}
[04/10/18, 13:48:00:187] info: Store: NEW_NOTIFICATION
{
  "avatarImage": "https://ca.slack-edge.com/T8U7NRKQU-U8U581G3V-g01dbb70d805-512",
  "channel": "C8TJQJ1RN",
  "content": "[REDACTED]",
  "id": "QWZAINtkmyGplWY",
  "imageUri": null,
  "launchUri": "slack://channel?id=C8TJQJ1RN&message=1523368080.000041&team=T8U7NRKQU",
  "msg": "1523368080.000041",
  "silent": true,
  "subtitle": "",
  "teamId": "T8U7NRKQU",
  "title": "[REDACTED]"
}
[04/10/18, 13:48:07:794] info: Store: NEW_NOTIFICATION
{
  "avatarImage": "https://ca.slack-edge.com/T8U7NRKQU-U8U581G3V-g01dbb70d805-512",
  "channel": "C8TJQJ1RN",
  "content": "[REDACTED]",
  "id": "0RvAImuWQ0oy1Kp",
  "imageUri": null,
  "launchUri": "slack://channel?id=C8TJQJ1RN&message=1523368087.000602&team=T8U7NRKQU",
  "msg": "1523368087.000602",
  "silent": true,
  "subtitle": "",
  "teamId": "T8U7NRKQU",
  "title": "[REDACTED]"
}
[04/10/18, 13:48:20:735] info: Store: NEW_NOTIFICATION
{
  "avatarImage": "https://ca.slack-edge.com/T8U7NRKQU-U8U581G3V-g01dbb70d805-512",
  "channel": "C8TJQJ1RN",
  "content": "[REDACTED]",
  "id": "XDmYhDCkZ5rJ4oG",
  "imageUri": null,
  "launchUri": "slack://channel?id=C8TJQJ1RN&message=1523368100.000384&team=T8U7NRKQU",
  "msg": "1523368100.000384",
  "silent": true,
  "subtitle": "",
  "teamId": "T8U7NRKQU",
  "title": "[REDACTED]"
}
[04/10/18, 13:48:27:524] info: Store: NEW_NOTIFICATION
{
  "avatarImage": "https://ca.slack-edge.com/T8U7NRKQU-U8U581G3V-g01dbb70d805-512",
  "channel": "C8TJQJ1RN",
  "content": "[REDACTED]",
  "id": "XDmYhqFkZ5rJNqY",
  "imageUri": null,
  "launchUri": "slack://channel?id=C8TJQJ1RN&message=1523368107.000369&team=T8U7NRKQU",
  "msg": "1523368107.000369",
  "silent": true,
  "subtitle": "",
  "teamId": "T8U7NRKQU",
  "title": "[REDACTED]"
}
[04/10/18, 13:48:34:885] info: Store: NEW_NOTIFICATION
{
  "avatarImage": "https://ca.slack-edge.com/T8U7NRKQU-U8U581G3V-g01dbb70d805-512",
  "channel": "C8TJQJ1RN",
  "content": "[REDACTED]",
  "id": "mZl7h6H9vz4gjqz",
  "imageUri": null,
  "launchUri": "slack://channel?id=C8TJQJ1RN&message=1523368114.000660&team=T8U7NRKQU",
  "msg": "1523368114.000660",
  "silent": true,
  "subtitle": "",
  "teamId": "T8U7NRKQU",
  "title": "[REDACTED]"
}
[04/10/18, 13:48:45:082] info: Store: NEW_NOTIFICATION
{
  "avatarImage": "https://ca.slack-edge.com/T8U7NRKQU-U8U581G3V-g01dbb70d805-512",
  "channel": "C8TJQJ1RN",
  "content": "[REDACTED]",
  "id": "lYj8S6IqXpjZrzn",
  "imageUri": null,
  "launchUri": "slack://channel?id=C8TJQJ1RN&message=1523368124.000855&team=T8U7NRKQU",
  "msg": "1523368124.000855",
  "silent": true,
  "subtitle": "",
  "teamId": "T8U7NRKQU",
  "title": "[REDACTED]"
}
[04/10/18, 13:48:50:963] info: Store: NEW_NOTIFICATION
{
  "avatarImage": "https://ca.slack-edge.com/T8U7NRKQU-U8U581G3V-g01dbb70d805-512",
  "channel": "C8TJQJ1RN",
  "content": "[REDACTED]",
  "id": "zpVqhESKQ0VkZZ2",
  "imageUri": null,
  "launchUri": "slack://channel?id=C8TJQJ1RN&message=1523368130.000709&team=T8U7NRKQU",
  "msg": "1523368130.000709",
  "silent": true,
  "subtitle": "",
  "teamId": "T8U7NRKQU",
  "title": "[REDACTED]"
}
[04/10/18, 13:48:57:361] info: Store: NEW_NOTIFICATION
{
  "avatarImage": "https://ca.slack-edge.com/T8U7NRKQU-U8U581G3V-g01dbb70d805-512",
  "channel": "C8TJQJ1RN",
  "content": "[REDACTED]",
  "id": "gJ17F8T3LvyO2kw",
  "imageUri": null,
  "launchUri": "slack://channel?id=C8TJQJ1RN&message=1523368137.000201&team=T8U7NRKQU",
  "msg": "1523368137.000201",
  "silent": true,
  "subtitle": "",
  "teamId": "T8U7NRKQU",
  "title": "[REDACTED]"
}
[04/10/18, 13:49:03:796] info: Store: NEW_NOTIFICATION
{
  "avatarImage": "https://ca.slack-edge.com/T8U7NRKQU-U8U581G3V-g01dbb70d805-512",
  "channel": "C8TJQJ1RN",
  "content": "[REDACTED]",
  "id": "wpMnhXUK2YR68nq",
  "imageUri": null,
  "launchUri": "slack://channel?id=C8TJQJ1RN&message=1523368143.000634&team=T8U7NRKQU",
  "msg": "1523368143.000634",
  "silent": true,
  "subtitle": "",
  "teamId": "T8U7NRKQU",
  "title": "[REDACTED]"
}
[04/10/18, 13:49:09:964] info: Store: NEW_NOTIFICATION
{
  "avatarImage": "https://ca.slack-edge.com/T8U7NRKQU-U8U581G3V-g01dbb70d805-512",
  "channel": "C8TJQJ1RN",
  "content": "[REDACTED]",
  "id": "lYj8SqcqXpjoj8L",
  "imageUri": null,
  "launchUri": "slack://channel?id=C8TJQJ1RN&message=1523368149.000706&team=T8U7NRKQU",
  "msg": "1523368149.000706",
  "silent": true,
  "subtitle": "",
  "teamId": "T8U7NRKQU",
  "title": "[REDACTED]"
}
[04/10/18, 13:49:14:640] info: Store: NEW_NOTIFICATION
{
  "avatarImage": "https://ca.slack-edge.com/T8U7NRKQU-U8U581G3V-g01dbb70d805-512",
  "channel": "C8TJQJ1RN",
  "content": "[REDACTED]",
  "id": "XDmYh6fkZ5rPEQ0",
  "imageUri": null,
  "launchUri": "slack://channel?id=C8TJQJ1RN&message=1523368154.000456&team=T8U7NRKQU",
  "msg": "1523368154.000456",
  "silent": true,
  "subtitle": "",
  "teamId": "T8U7NRKQU",
  "title": "[REDACTED]"
}
[04/10/18, 13:49:19:757] info: Store: NEW_NOTIFICATION
{
  "avatarImage": "https://ca.slack-edge.com/T8U7NRKQU-U8U581G3V-g01dbb70d805-512",
  "channel": "C8TJQJ1RN",
  "content": "[REDACTED]",
  "id": "n5nGFMhZA3vn1nQ",
  "imageUri": null,
  "launchUri": "slack://channel?id=C8TJQJ1RN&message=1523368159.000563&team=T8U7NRKQU",
  "msg": "1523368159.000563",
  "silent": true,
  "subtitle": "",
  "teamId": "T8U7NRKQU",
  "title": "[REDACTED]"
}
[04/10/18, 13:49:25:111] info: Store: NEW_NOTIFICATION
{
  "avatarImage": "https://ca.slack-edge.com/T8U7NRKQU-U8U581G3V-g01dbb70d805-512",
  "channel": "C8TJQJ1RN",
  "content": "[REDACTED]",
  "id": "xkOoHwiwQ5AjBoy",
  "imageUri": null,
  "launchUri": "slack://channel?id=C8TJQJ1RN&message=1523368164.000744&team=T8U7NRKQU",
  "msg": "1523368164.000744",
  "silent": true,
  "subtitle": "",
  "teamId": "T8U7NRKQU",
  "title": "[REDACTED]"
}
[04/10/18, 13:49:30:009] info: Store: NEW_NOTIFICATION
{
  "avatarImage": "https://ca.slack-edge.com/T8U7NRKQU-U8U581G3V-g01dbb70d805-512",
  "channel": "C8TJQJ1RN",
  "content": "[REDACTED]",
  "id": "ADj8h6sY7LBr52x",
  "imageUri": null,
  "launchUri": "slack://channel?id=C8TJQJ1RN&message=1523368169.000728&team=T8U7NRKQU",
  "msg": "1523368169.000728",
  "silent": true,
  "subtitle": "",
  "teamId": "T8U7NRKQU",
  "title": "[REDACTED]"
}
[04/10/18, 13:49:35:367] info: Store: NEW_NOTIFICATION
{
  "avatarImage": "https://ca.slack-edge.com/T8U7NRKQU-U8U581G3V-g01dbb70d805-512",
  "channel": "C8TJQJ1RN",
  "content": "[REDACTED]",
  "id": "xkOoHOtwQ5AjD5L",
  "imageUri": null,
  "launchUri": "slack://channel?id=C8TJQJ1RN&message=1523368175.000198&team=T8U7NRKQU",
  "msg": "1523368175.000198",
  "silent": true,
  "subtitle": "",
  "teamId": "T8U7NRKQU",
  "title": "[REDACTED]"
}
[04/10/18, 13:49:44:005] info: Store: NEW_NOTIFICATION
{
  "avatarImage": "https://ca.slack-edge.com/T8U7NRKQU-U8U581G3V-g01dbb70d805-512",
  "channel": "C8TJQJ1RN",
  "content": "[REDACTED]",
  "id": "OYVJSJurygW0oX2",
  "imageUri": null,
  "launchUri": "slack://channel?id=C8TJQJ1RN&message=1523368183.000768&team=T8U7NRKQU",
  "msg": "1523368183.000768",
  "silent": true,
  "subtitle": "",
  "teamId": "T8U7NRKQU",
  "title": "[REDACTED]"
}
[04/10/18, 13:49:49:411] info: Store: NEW_NOTIFICATION
{
  "avatarImage": "https://ca.slack-edge.com/T8U7NRKQU-U8U581G3V-g01dbb70d805-512",
  "channel": "C8TJQJ1RN",
  "content": "[REDACTED]",
  "id": "PNX6h7CjqGm43Zq",
  "imageUri": null,
  "launchUri": "slack://channel?id=C8TJQJ1RN&message=1523368189.000300&team=T8U7NRKQU",
  "msg": "1523368189.000300",
  "silent": true,
  "subtitle": "",
  "teamId": "T8U7NRKQU",
  "title": "[REDACTED]"
}
[04/10/18, 13:49:55:122] info: Store: NEW_NOTIFICATION
{
  "avatarImage": "https://ca.slack-edge.com/T8U7NRKQU-U8U581G3V-g01dbb70d805-512",
  "channel": "C8TJQJ1RN",
  "content": "[REDACTED]",
  "id": "PNX6hPFjqGm4qrg",
  "imageUri": null,
  "launchUri": "slack://channel?id=C8TJQJ1RN&message=1523368195.000001&team=T8U7NRKQU",
  "msg": "1523368195.000001",
  "silent": true,
  "subtitle": "",
  "teamId": "T8U7NRKQU",
  "title": "[REDACTED]"
}
[04/10/18, 13:53:09:271] info: Store: NEW_NOTIFICATION
{
  "avatarImage": "https://ca.slack-edge.com/T8U7NRKQU-U8TMX55PB-g824735fd9fd-512",
  "channel": "C8TJQJ1RN",
  "content": "[REDACTED]",
  "id": "NkQ7H6HRqZyZmgY",
  "imageUri": null,
  "launchUri": "slack://channel?id=C8TJQJ1RN&message=1523368389.000146&team=T8U7NRKQU",
  "msg": "1523368389.000146",
  "silent": true,
  "subtitle": "",
  "teamId": "T8U7NRKQU",
  "title": "[REDACTED]"
}
[04/10/18, 13:53:11:873] info: Store: SELECT_CHANNEL C8TJQJ1RN
[04/10/18, 14:01:38:171] info: Store: NEW_NOTIFICATION
{
  "avatarImage": "https://ca.slack-edge.com/T8U7NRKQU-U8U581G3V-g01dbb70d805-512",
  "channel": "C8TJQJ1RN",
  "content": "[REDACTED]",
  "id": "kR96IvI9qRDQEGB",
  "imageUri": null,
  "launchUri": "slack://channel?id=C8TJQJ1RN&message=1523368897.000703&team=T8U7NRKQU",
  "msg": "1523368897.000703",
  "silent": true,
  "subtitle": "",
  "teamId": "T8U7NRKQU",
  "title": "[REDACTED]"
}
[04/10/18, 14:28:24:930] info: Store: SET_NETWORK_STATUS offline
[04/10/18, 14:28:25:690] info: Store: SET_NETWORK_STATUS online
[04/10/18, 14:40:25:954] info: Store: SET_NETWORK_STATUS offline
[04/10/18, 14:40:26:936] info: Store: SET_NETWORK_STATUS online
[04/10/18, 15:10:27:221] info: Store: SET_NETWORK_STATUS offline
[04/10/18, 15:10:28:305] info: Store: SET_NETWORK_STATUS online
[04/10/18, 15:16:59:873] info: Store: SAVE_WINDOW_SETTINGS
{
  "isMaximized": false,
  "position": [
    0,
    29
  ],
  "size": [
    1920,
    1051
  ]
}
[04/10/18, 15:26:24:338] info: Store: SET_NETWORK_STATUS offline
[04/10/18, 15:26:25:341] info: Store: SET_NETWORK_STATUS online
[04/10/18, 15:32:25:341] info: Store: SET_NETWORK_STATUS offline
[04/10/18, 15:32:26:343] info: Store: SET_NETWORK_STATUS online
[04/10/18, 15:35:45:343] info: Store: SET_NETWORK_STATUS offline
