[04/10/18, 13:18:46:029] info: ╔═════════════════════════════════════════════════════════════════════════════════╗
[04/10/18, 13:18:46:031] info: ║      Slack 3.1.1, linux 4.13.0-36-generic on x64 at 04/10/18, 13:18:46:025      ║
[04/10/18, 13:18:46:031] info: ╚═════════════════════════════════════════════════════════════════════════════════╝
[04/10/18, 13:18:46:447] info: Initializing local storage instance at path: /home/pimp-of-pimps/.config/Slack/local-settings.json
[04/10/18, 13:18:46:782] info: NetworkStatus: Waiting for network online…
[04/10/18, 13:18:48:128] info: NetworkStatus: Response from api.test
{
  "status": "online"
}
[04/10/18, 13:18:48:535] info: Store: SET_NETWORK_STATUS online
[04/10/18, 13:18:55:958] info: Store: SELECT_CHANNEL C8TMARN2V
[04/10/18, 13:18:55:969] info: Store: UPDATE_TEAM_LOCALE
{
  "locale": "en-US"
}
[04/10/18, 13:18:55:976] info: Store: UPDATE_SETTINGS
{
  "locale": "en-US"
}
[04/10/18, 13:18:56:530] info: Store: UPSERT_WEB_CONTENTS
{
  "id": 3,
  "state": "loaded",
  "teamId": "T8U7NRKQU"
}
[04/10/18, 13:18:56:564] info: Store: MAIN_WINDOW_SHOWN
[04/10/18, 13:18:56:650] info: Store: SET_FULL_SCREEN
[04/10/18, 13:18:56:659] info: Store: SET_FULL_SCREEN
[04/10/18, 13:18:56:665] info: Store: SET_FULL_SCREEN
[04/10/18, 13:18:56:670] info: Store: SET_FULL_SCREEN
[04/10/18, 13:18:56:680] info: Store: SET_FULL_SCREEN
[04/10/18, 13:18:56:857] info: Store: UPDATE_SESSION_STATUS
{
  "hasValidSession": true,
  "teamId": "T8U7NRKQU"
}
[04/10/18, 13:18:56:980] info: Store: SELECT_CHANNEL C9CRAPUAG
[04/10/18, 13:18:56:988] info: Store: UPDATE_TEAM_LOCALE
{
  "locale": "en-US"
}
[04/10/18, 13:18:57:533] info: Store: UPDATE_TEAM_LOCALE
{
  "locale": "en-US"
}
[04/10/18, 13:18:57:540] info: Store: UPSERT_WEB_CONTENTS
{
  "id": 3,
  "state": "webapp-loaded",
  "teamId": "T8U7NRKQU"
}
[04/10/18, 13:18:57:619] info: Store: UPSERT_WEB_CONTENTS
{
  "id": 4,
  "state": "loaded",
  "teamId": "T9C6NUMBJ"
}
[04/10/18, 13:18:57:646] info: Store: SAVE_WINDOW_SETTINGS
{
  "isMaximized": true,
  "position": [
    384,
    108
  ],
  "size": [
    1152,
    864
  ]
}
[04/10/18, 13:18:57:658] info: Store: UPDATE_TEAM_THEME
{
  "teamId": "T8U7NRKQU",
  "theme": {
    "active_item": "#4C9689",
    "active_item_text": "#FFFFFF",
    "active_presence": "#38978D",
    "badge": "#EB4D5C",
    "column_bg": "#4D394B",
    "hover_item": "#3E313C",
    "menu_bg": "#3E313C",
    "text_color": "#FFFFFF"
  }
}
[04/10/18, 13:18:57:859] info: Store: UPDATE_TEAM_LOCALE
{
  "locale": "en-US"
}
[04/10/18, 13:18:57:866] info: Store: UPSERT_WEB_CONTENTS
{
  "id": 4,
  "state": "webapp-loaded",
  "teamId": "T9C6NUMBJ"
}
[04/10/18, 13:18:57:927] info: Store: UPDATE_SESSION_STATUS
{
  "hasValidSession": true,
  "teamId": "T9C6NUMBJ"
}
[04/10/18, 13:18:57:989] info: Store: UPDATE_TEAM_THEME
{
  "teamId": "T9C6NUMBJ",
  "theme": {
    "active_item": "#4C9689",
    "active_item_text": "#FFFFFF",
    "active_presence": "#38978D",
    "badge": "#EB4D5C",
    "column_bg": "#4D394B",
    "hover_item": "#3E313C",
    "menu_bg": "#3E313C",
    "text_color": "#FFFFFF"
  }
}
[04/10/18, 13:18:57:999] info: Store: STORE_API_TOKEN
{
  "teamId": "T9C6NUMBJ",
  "token": "xoxs-⋯"
}
[04/10/18, 13:18:58:132] info: Store: STORE_API_TOKEN
{
  "teamId": "T8U7NRKQU",
  "token": "xoxs-⋯"
}
[04/10/18, 13:18:58:331] info: Store: UPDATE_TEAM_ICONS
{
  "icons": false,
  "teamId": "T8U7NRKQU"
}
[04/10/18, 13:18:58:367] info: Store: UPDATE_TEAM_ICONS
{
  "icons": false,
  "teamId": "T9C6NUMBJ"
}
[04/10/18, 13:19:20:218] info: Store: SELECT_CHANNEL C8TJBPHEC
[04/10/18, 13:19:36:137] info: Store: SELECT_CHANNEL C8TMARN2V
[04/10/18, 13:24:20:819] info: NetworkStatus: Waiting for network online…
[04/10/18, 13:24:21:340] info: Store: SET_NETWORK_STATUS offline
[04/10/18, 13:24:21:634] info: NetworkStatus: Response from api.test
{
  "status": "online"
}
[04/10/18, 13:24:22:347] info: Store: SET_NETWORK_STATUS online
[04/10/18, 13:24:22:351] warn: Base Component: Attempting to update LoadingScreen when unmounted.
[04/10/18, 13:26:21:336] info: NetworkStatus: Waiting for network online…
[04/10/18, 13:26:22:339] info: Store: SET_NETWORK_STATUS offline
[04/10/18, 13:26:22:469] info: NetworkStatus: Response from api.test
{
  "status": "online"
}
[04/10/18, 13:26:23:338] info: Store: SET_NETWORK_STATUS online
[04/10/18, 13:26:23:344] warn: Base Component: Attempting to update LoadingScreen when unmounted.
[04/10/18, 13:27:56:208] info: Store: SAVE_WINDOW_SETTINGS
{
  "isMaximized": true,
  "position": [
    384,
    108
  ],
  "size": [
    1152,
    864
  ]
}
[04/10/18, 13:30:20:816] info: NetworkStatus: Waiting for network online…
[04/10/18, 13:30:21:082] info: NetworkStatus: Response from api.test
{
  "status": "online"
}
[04/10/18, 13:32:21:647] info: NetworkStatus: Waiting for network online…
[04/10/18, 13:32:21:828] info: NetworkStatus: Response from api.test
{
  "status": "online"
}
[04/10/18, 13:34:24:411] info: NetworkStatus: Waiting for network online…
[04/10/18, 13:34:24:543] info: NetworkStatus: Response from api.test
{
  "status": "online"
}
[04/10/18, 13:46:59:864] info: Store: NEW_NOTIFICATION
{
  "avatarImage": "https://ca.slack-edge.com/T8U7NRKQU-U8U581G3V-g01dbb70d805-512",
  "channel": "C8TJQJ1RN",
  "content": "[REDACTED]",
  "id": "4xEWuJhW9p3lgEo",
  "imageUri": null,
  "launchUri": "slack://channel?id=C8TJQJ1RN&message=1523368019.000558&team=T8U7NRKQU",
  "msg": "1523368019.000558",
  "silent": true,
  "subtitle": "",
  "teamId": "T8U7NRKQU",
  "title": "[REDACTED]"
}
[04/10/18, 13:47:19:190] info: Store: NEW_NOTIFICATION
{
  "avatarImage": "https://ca.slack-edge.com/T8U7NRKQU-U8U581G3V-g01dbb70d805-512",
  "channel": "C8TJQJ1RN",
  "content": "[REDACTED]",
  "id": "PNX6h0ijqGmKywX",
  "imageUri": null,
  "launchUri": "slack://channel?id=C8TJQJ1RN&message=1523368038.000835&team=T8U7NRKQU",
  "msg": "1523368038.000835",
  "silent": true,
  "subtitle": "",
  "teamId": "T8U7NRKQU",
  "title": "[REDACTED]"
}
[04/10/18, 13:47:30:353] info: Store: NEW_NOTIFICATION
{
  "avatarImage": "https://ca.slack-edge.com/T8U7NRKQU-U8U581G3V-g01dbb70d805-512",
  "channel": "C8TJQJ1RN",
  "content": "[REDACTED]",
  "id": "Z6qZsPsy2pM7jEV",
  "imageUri": null,
  "launchUri": "slack://channel?id=C8TJQJ1RN&message=1523368050.000190&team=T8U7NRKQU",
  "msg": "1523368050.000190",
  "silent": true,
  "subtitle": "",
  "teamId": "T8U7NRKQU",
  "title": "[REDACTED]"
}
[04/10/18, 13:48:00:187] info: Store: NEW_NOTIFICATION
{
  "avatarImage": "https://ca.slack-edge.com/T8U7NRKQU-U8U581G3V-g01dbb70d805-512",
  "channel": "C8TJQJ1RN",
  "content": "[REDACTED]",
  "id": "QWZAINtkmyGplWY",
  "imageUri": null,
  "launchUri": "slack://channel?id=C8TJQJ1RN&message=1523368080.000041&team=T8U7NRKQU",
  "msg": "1523368080.000041",
  "silent": true,
  "subtitle": "",
  "teamId": "T8U7NRKQU",
  "title": "[REDACTED]"
}
[04/10/18, 13:48:07:799] info: Store: NEW_NOTIFICATION
{
  "avatarImage": "https://ca.slack-edge.com/T8U7NRKQU-U8U581G3V-g01dbb70d805-512",
  "channel": "C8TJQJ1RN",
  "content": "[REDACTED]",
  "id": "0RvAImuWQ0oy1Kp",
  "imageUri": null,
  "launchUri": "slack://channel?id=C8TJQJ1RN&message=1523368087.000602&team=T8U7NRKQU",
  "msg": "1523368087.000602",
  "silent": true,
  "subtitle": "",
  "teamId": "T8U7NRKQU",
  "title": "[REDACTED]"
}
[04/10/18, 13:48:20:741] info: Store: NEW_NOTIFICATION
{
  "avatarImage": "https://ca.slack-edge.com/T8U7NRKQU-U8U581G3V-g01dbb70d805-512",
  "channel": "C8TJQJ1RN",
  "content": "[REDACTED]",
  "id": "XDmYhDCkZ5rJ4oG",
  "imageUri": null,
  "launchUri": "slack://channel?id=C8TJQJ1RN&message=1523368100.000384&team=T8U7NRKQU",
  "msg": "1523368100.000384",
  "silent": true,
  "subtitle": "",
  "teamId": "T8U7NRKQU",
  "title": "[REDACTED]"
}
[04/10/18, 13:48:27:527] info: Store: NEW_NOTIFICATION
{
  "avatarImage": "https://ca.slack-edge.com/T8U7NRKQU-U8U581G3V-g01dbb70d805-512",
  "channel": "C8TJQJ1RN",
  "content": "[REDACTED]",
  "id": "XDmYhqFkZ5rJNqY",
  "imageUri": null,
  "launchUri": "slack://channel?id=C8TJQJ1RN&message=1523368107.000369&team=T8U7NRKQU",
  "msg": "1523368107.000369",
  "silent": true,
  "subtitle": "",
  "teamId": "T8U7NRKQU",
  "title": "[REDACTED]"
}
[04/10/18, 13:48:34:885] info: Store: NEW_NOTIFICATION
{
  "avatarImage": "https://ca.slack-edge.com/T8U7NRKQU-U8U581G3V-g01dbb70d805-512",
  "channel": "C8TJQJ1RN",
  "content": "[REDACTED]",
  "id": "mZl7h6H9vz4gjqz",
  "imageUri": null,
  "launchUri": "slack://channel?id=C8TJQJ1RN&message=1523368114.000660&team=T8U7NRKQU",
  "msg": "1523368114.000660",
  "silent": true,
  "subtitle": "",
  "teamId": "T8U7NRKQU",
  "title": "[REDACTED]"
}
[04/10/18, 13:48:45:082] info: Store: NEW_NOTIFICATION
{
  "avatarImage": "https://ca.slack-edge.com/T8U7NRKQU-U8U581G3V-g01dbb70d805-512",
  "channel": "C8TJQJ1RN",
  "content": "[REDACTED]",
  "id": "lYj8S6IqXpjZrzn",
  "imageUri": null,
  "launchUri": "slack://channel?id=C8TJQJ1RN&message=1523368124.000855&team=T8U7NRKQU",
  "msg": "1523368124.000855",
  "silent": true,
  "subtitle": "",
  "teamId": "T8U7NRKQU",
  "title": "[REDACTED]"
}
[04/10/18, 13:48:50:963] info: Store: NEW_NOTIFICATION
{
  "avatarImage": "https://ca.slack-edge.com/T8U7NRKQU-U8U581G3V-g01dbb70d805-512",
  "channel": "C8TJQJ1RN",
  "content": "[REDACTED]",
  "id": "zpVqhESKQ0VkZZ2",
  "imageUri": null,
  "launchUri": "slack://channel?id=C8TJQJ1RN&message=1523368130.000709&team=T8U7NRKQU",
  "msg": "1523368130.000709",
  "silent": true,
  "subtitle": "",
  "teamId": "T8U7NRKQU",
  "title": "[REDACTED]"
}
[04/10/18, 13:48:57:361] info: Store: NEW_NOTIFICATION
{
  "avatarImage": "https://ca.slack-edge.com/T8U7NRKQU-U8U581G3V-g01dbb70d805-512",
  "channel": "C8TJQJ1RN",
  "content": "[REDACTED]",
  "id": "gJ17F8T3LvyO2kw",
  "imageUri": null,
  "launchUri": "slack://channel?id=C8TJQJ1RN&message=1523368137.000201&team=T8U7NRKQU",
  "msg": "1523368137.000201",
  "silent": true,
  "subtitle": "",
  "teamId": "T8U7NRKQU",
  "title": "[REDACTED]"
}
[04/10/18, 13:49:03:798] info: Store: NEW_NOTIFICATION
{
  "avatarImage": "https://ca.slack-edge.com/T8U7NRKQU-U8U581G3V-g01dbb70d805-512",
  "channel": "C8TJQJ1RN",
  "content": "[REDACTED]",
  "id": "wpMnhXUK2YR68nq",
  "imageUri": null,
  "launchUri": "slack://channel?id=C8TJQJ1RN&message=1523368143.000634&team=T8U7NRKQU",
  "msg": "1523368143.000634",
  "silent": true,
  "subtitle": "",
  "teamId": "T8U7NRKQU",
  "title": "[REDACTED]"
}
[04/10/18, 13:49:09:966] info: Store: NEW_NOTIFICATION
{
  "avatarImage": "https://ca.slack-edge.com/T8U7NRKQU-U8U581G3V-g01dbb70d805-512",
  "channel": "C8TJQJ1RN",
  "content": "[REDACTED]",
  "id": "lYj8SqcqXpjoj8L",
  "imageUri": null,
  "launchUri": "slack://channel?id=C8TJQJ1RN&message=1523368149.000706&team=T8U7NRKQU",
  "msg": "1523368149.000706",
  "silent": true,
  "subtitle": "",
  "teamId": "T8U7NRKQU",
  "title": "[REDACTED]"
}
[04/10/18, 13:49:14:640] info: Store: NEW_NOTIFICATION
{
  "avatarImage": "https://ca.slack-edge.com/T8U7NRKQU-U8U581G3V-g01dbb70d805-512",
  "channel": "C8TJQJ1RN",
  "content": "[REDACTED]",
  "id": "XDmYh6fkZ5rPEQ0",
  "imageUri": null,
  "launchUri": "slack://channel?id=C8TJQJ1RN&message=1523368154.000456&team=T8U7NRKQU",
  "msg": "1523368154.000456",
  "silent": true,
  "subtitle": "",
  "teamId": "T8U7NRKQU",
  "title": "[REDACTED]"
}
[04/10/18, 13:49:19:757] info: Store: NEW_NOTIFICATION
{
  "avatarImage": "https://ca.slack-edge.com/T8U7NRKQU-U8U581G3V-g01dbb70d805-512",
  "channel": "C8TJQJ1RN",
  "content": "[REDACTED]",
  "id": "n5nGFMhZA3vn1nQ",
  "imageUri": null,
  "launchUri": "slack://channel?id=C8TJQJ1RN&message=1523368159.000563&team=T8U7NRKQU",
  "msg": "1523368159.000563",
  "silent": true,
  "subtitle": "",
  "teamId": "T8U7NRKQU",
  "title": "[REDACTED]"
}
[04/10/18, 13:49:25:115] info: Store: NEW_NOTIFICATION
{
  "avatarImage": "https://ca.slack-edge.com/T8U7NRKQU-U8U581G3V-g01dbb70d805-512",
  "channel": "C8TJQJ1RN",
  "content": "[REDACTED]",
  "id": "xkOoHwiwQ5AjBoy",
  "imageUri": null,
  "launchUri": "slack://channel?id=C8TJQJ1RN&message=1523368164.000744&team=T8U7NRKQU",
  "msg": "1523368164.000744",
  "silent": true,
  "subtitle": "",
  "teamId": "T8U7NRKQU",
  "title": "[REDACTED]"
}
[04/10/18, 13:49:30:010] info: Store: NEW_NOTIFICATION
{
  "avatarImage": "https://ca.slack-edge.com/T8U7NRKQU-U8U581G3V-g01dbb70d805-512",
  "channel": "C8TJQJ1RN",
  "content": "[REDACTED]",
  "id": "ADj8h6sY7LBr52x",
  "imageUri": null,
  "launchUri": "slack://channel?id=C8TJQJ1RN&message=1523368169.000728&team=T8U7NRKQU",
  "msg": "1523368169.000728",
  "silent": true,
  "subtitle": "",
  "teamId": "T8U7NRKQU",
  "title": "[REDACTED]"
}
[04/10/18, 13:49:35:368] info: Store: NEW_NOTIFICATION
{
  "avatarImage": "https://ca.slack-edge.com/T8U7NRKQU-U8U581G3V-g01dbb70d805-512",
  "channel": "C8TJQJ1RN",
  "content": "[REDACTED]",
  "id": "xkOoHOtwQ5AjD5L",
  "imageUri": null,
  "launchUri": "slack://channel?id=C8TJQJ1RN&message=1523368175.000198&team=T8U7NRKQU",
  "msg": "1523368175.000198",
  "silent": true,
  "subtitle": "",
  "teamId": "T8U7NRKQU",
  "title": "[REDACTED]"
}
[04/10/18, 13:49:44:006] info: Store: NEW_NOTIFICATION
{
  "avatarImage": "https://ca.slack-edge.com/T8U7NRKQU-U8U581G3V-g01dbb70d805-512",
  "channel": "C8TJQJ1RN",
  "content": "[REDACTED]",
  "id": "OYVJSJurygW0oX2",
  "imageUri": null,
  "launchUri": "slack://channel?id=C8TJQJ1RN&message=1523368183.000768&team=T8U7NRKQU",
  "msg": "1523368183.000768",
  "silent": true,
  "subtitle": "",
  "teamId": "T8U7NRKQU",
  "title": "[REDACTED]"
}
[04/10/18, 13:49:49:411] info: Store: NEW_NOTIFICATION
{
  "avatarImage": "https://ca.slack-edge.com/T8U7NRKQU-U8U581G3V-g01dbb70d805-512",
  "channel": "C8TJQJ1RN",
  "content": "[REDACTED]",
  "id": "PNX6h7CjqGm43Zq",
  "imageUri": null,
  "launchUri": "slack://channel?id=C8TJQJ1RN&message=1523368189.000300&team=T8U7NRKQU",
  "msg": "1523368189.000300",
  "silent": true,
  "subtitle": "",
  "teamId": "T8U7NRKQU",
  "title": "[REDACTED]"
}
[04/10/18, 13:49:55:122] info: Store: NEW_NOTIFICATION
{
  "avatarImage": "https://ca.slack-edge.com/T8U7NRKQU-U8U581G3V-g01dbb70d805-512",
  "channel": "C8TJQJ1RN",
  "content": "[REDACTED]",
  "id": "PNX6hPFjqGm4qrg",
  "imageUri": null,
  "launchUri": "slack://channel?id=C8TJQJ1RN&message=1523368195.000001&team=T8U7NRKQU",
  "msg": "1523368195.000001",
  "silent": true,
  "subtitle": "",
  "teamId": "T8U7NRKQU",
  "title": "[REDACTED]"
}
[04/10/18, 13:50:24:691] info: NetworkStatus: Waiting for network online…
[04/10/18, 13:50:24:989] info: NetworkStatus: Response from api.test
{
  "status": "online"
}
[04/10/18, 13:52:23:648] info: NetworkStatus: Waiting for network online…
[04/10/18, 13:52:23:780] info: NetworkStatus: Response from api.test
{
  "status": "online"
}
[04/10/18, 13:53:09:271] info: Store: NEW_NOTIFICATION
{
  "avatarImage": "https://ca.slack-edge.com/T8U7NRKQU-U8TMX55PB-g824735fd9fd-512",
  "channel": "C8TJQJ1RN",
  "content": "[REDACTED]",
  "id": "NkQ7H6HRqZyZmgY",
  "imageUri": null,
  "launchUri": "slack://channel?id=C8TJQJ1RN&message=1523368389.000146&team=T8U7NRKQU",
  "msg": "1523368389.000146",
  "silent": true,
  "subtitle": "",
  "teamId": "T8U7NRKQU",
  "title": "[REDACTED]"
}
[04/10/18, 13:53:11:873] info: Store: SELECT_CHANNEL C8TJQJ1RN
[04/10/18, 13:54:24:562] info: NetworkStatus: Waiting for network online…
[04/10/18, 13:54:24:716] info: NetworkStatus: Response from api.test
{
  "status": "online"
}
[04/10/18, 14:01:38:171] info: Store: NEW_NOTIFICATION
{
  "avatarImage": "https://ca.slack-edge.com/T8U7NRKQU-U8U581G3V-g01dbb70d805-512",
  "channel": "C8TJQJ1RN",
  "content": "[REDACTED]",
  "id": "kR96IvI9qRDQEGB",
  "imageUri": null,
  "launchUri": "slack://channel?id=C8TJQJ1RN&message=1523368897.000703&team=T8U7NRKQU",
  "msg": "1523368897.000703",
  "silent": true,
  "subtitle": "",
  "teamId": "T8U7NRKQU",
  "title": "[REDACTED]"
}
[04/10/18, 14:08:22:621] info: NetworkStatus: Waiting for network online…
[04/10/18, 14:08:22:919] info: NetworkStatus: Response from api.test
{
  "status": "online"
}
[04/10/18, 14:10:22:869] info: NetworkStatus: Waiting for network online…
[04/10/18, 14:10:23:008] info: NetworkStatus: Response from api.test
{
  "status": "online"
}
[04/10/18, 14:24:24:276] info: NetworkStatus: Waiting for network online…
[04/10/18, 14:24:24:573] info: NetworkStatus: Response from api.test
{
  "status": "online"
}
[04/10/18, 14:26:24:290] info: NetworkStatus: Waiting for network online…
[04/10/18, 14:26:24:418] info: NetworkStatus: Response from api.test
{
  "status": "online"
}
[04/10/18, 14:28:24:932] info: Store: SET_NETWORK_STATUS offline
[04/10/18, 14:28:25:151] info: NetworkStatus: Waiting for network online…
[04/10/18, 14:28:25:288] info: NetworkStatus: Response from api.test
{
  "status": "online"
}
[04/10/18, 14:28:25:691] info: Store: SET_NETWORK_STATUS online
[04/10/18, 14:28:25:695] warn: Base Component: Attempting to update LoadingScreen when unmounted.
[04/10/18, 14:30:23:276] info: NetworkStatus: Waiting for network online…
[04/10/18, 14:30:23:432] info: NetworkStatus: Response from api.test
{
  "status": "online"
}
[04/10/18, 14:40:24:273] info: NetworkStatus: Waiting for network online…
[04/10/18, 14:40:25:939] info: Store: SET_NETWORK_STATUS offline
[04/10/18, 14:40:26:532] info: NetworkStatus: Response from api.test
{
  "status": "online"
}
[04/10/18, 14:40:26:936] info: Store: SET_NETWORK_STATUS online
[04/10/18, 14:40:26:940] warn: Base Component: Attempting to update LoadingScreen when unmounted.
[04/10/18, 14:42:23:658] info: NetworkStatus: Waiting for network online…
[04/10/18, 14:42:23:806] info: NetworkStatus: Response from api.test
{
  "status": "online"
}
[04/10/18, 14:44:24:298] info: NetworkStatus: Waiting for network online…
[04/10/18, 14:44:24:460] info: NetworkStatus: Response from api.test
{
  "status": "online"
}
[04/10/18, 14:52:24:720] info: NetworkStatus: Waiting for network online…
[04/10/18, 14:52:25:017] info: NetworkStatus: Response from api.test
{
  "status": "online"
}
[04/10/18, 14:54:23:666] info: NetworkStatus: Waiting for network online…
[04/10/18, 14:54:23:803] info: NetworkStatus: Response from api.test
{
  "status": "online"
}
[04/10/18, 15:10:24:874] info: NetworkStatus: Waiting for network online…
[04/10/18, 15:10:27:040] info: Store: SET_NETWORK_STATUS offline
[04/10/18, 15:10:27:903] info: NetworkStatus: Response from api.test
{
  "status": "online"
}
[04/10/18, 15:10:28:305] info: Store: SET_NETWORK_STATUS online
[04/10/18, 15:10:28:312] warn: Base Component: Attempting to update LoadingScreen when unmounted.
[04/10/18, 15:12:24:423] info: NetworkStatus: Waiting for network online…
[04/10/18, 15:12:24:564] info: NetworkStatus: Response from api.test
{
  "status": "online"
}
[04/10/18, 15:14:23:150] info: NetworkStatus: Waiting for network online…
[04/10/18, 15:14:23:282] info: NetworkStatus: Response from api.test
{
  "status": "online"
}
[04/10/18, 15:16:59:873] info: Store: SAVE_WINDOW_SETTINGS
{
  "isMaximized": false,
  "position": [
    0,
    29
  ],
  "size": [
    1920,
    1051
  ]
}
[04/10/18, 15:26:23:868] info: NetworkStatus: Waiting for network online…
[04/10/18, 15:26:24:338] info: Store: SET_NETWORK_STATUS offline
[04/10/18, 15:26:24:574] info: NetworkStatus: Response from api.test
{
  "status": "online"
}
[04/10/18, 15:26:25:341] info: Store: SET_NETWORK_STATUS online
[04/10/18, 15:26:25:345] warn: Base Component: Attempting to update LoadingScreen when unmounted.
[04/10/18, 15:32:24:542] info: NetworkStatus: Waiting for network online…
[04/10/18, 15:32:25:343] info: Store: SET_NETWORK_STATUS offline
[04/10/18, 15:32:25:638] info: NetworkStatus: Response from api.test
{
  "status": "online"
}
[04/10/18, 15:32:26:339] info: Store: SET_NETWORK_STATUS online
[04/10/18, 15:32:26:344] warn: Base Component: Attempting to update LoadingScreen when unmounted.
[04/10/18, 15:35:45:338] info: Store: SET_NETWORK_STATUS offline
