[04/19/18, 15:33:47:551] info: ╔═════════════════════════════════════════════════════════════════════════════════╗
[04/19/18, 15:33:47:553] info: ║      Slack 3.1.1, linux 4.13.0-36-generic on x64 at 04/19/18, 15:33:47:545      ║
[04/19/18, 15:33:47:553] info: ╚═════════════════════════════════════════════════════════════════════════════════╝
[04/19/18, 15:33:48:142] info: Initializing local storage instance at path: /home/pimp-of-pimps/.config/Slack/local-settings.json
[04/19/18, 15:33:48:619] info: NetworkStatus: Waiting for network online…
[04/19/18, 15:33:49:905] info: NetworkStatus: Response from api.test
{
  "status": "online"
}
[04/19/18, 15:33:50:310] info: Store: SET_NETWORK_STATUS online
[04/19/18, 15:33:58:502] info: Store: SELECT_CHANNEL C9CRAPUAG
[04/19/18, 15:33:58:516] info: Store: UPDATE_TEAM_LOCALE
{
  "locale": "en-US"
}
[04/19/18, 15:33:58:527] info: Store: UPDATE_SETTINGS
{
  "locale": "en-US"
}
[04/19/18, 15:33:58:632] info: Store: SELECT_CHANNEL C8TMARN2V
[04/19/18, 15:33:58:641] info: Store: UPDATE_TEAM_LOCALE
{
  "locale": "en-US"
}
[04/19/18, 15:33:59:172] info: Store: UPSERT_WEB_CONTENTS
{
  "id": 4,
  "state": "loaded",
  "teamId": "T9C6NUMBJ"
}
[04/19/18, 15:33:59:287] info: Store: UPSERT_WEB_CONTENTS
{
  "id": 3,
  "state": "loaded",
  "teamId": "T8U7NRKQU"
}
[04/19/18, 15:33:59:297] info: Store: MAIN_WINDOW_SHOWN
[04/19/18, 15:33:59:343] info: Store: SET_FULL_SCREEN
[04/19/18, 15:33:59:353] info: Store: SET_FULL_SCREEN
[04/19/18, 15:33:59:361] info: Store: SET_FULL_SCREEN
[04/19/18, 15:33:59:365] info: Store: SET_FULL_SCREEN
[04/19/18, 15:33:59:368] info: Store: SET_FULL_SCREEN
[04/19/18, 15:33:59:414] info: Store: UPDATE_TEAM_THEME
{
  "teamId": "T9C6NUMBJ",
  "theme": {
    "active_item": "#4C9689",
    "active_item_text": "#FFFFFF",
    "active_presence": "#38978D",
    "badge": "#EB4D5C",
    "column_bg": "#4D394B",
    "hover_item": "#3E313C",
    "menu_bg": "#3E313C",
    "text_color": "#FFFFFF"
  }
}
[04/19/18, 15:33:59:594] info: Store: UPDATE_SESSION_STATUS
{
  "hasValidSession": true,
  "teamId": "T9C6NUMBJ"
}
[04/19/18, 15:33:59:649] info: Store: UPDATE_TEAM_ICONS
{
  "icons": false,
  "teamId": "T9C6NUMBJ"
}
[04/19/18, 15:33:59:819] info: Store: UPDATE_SESSION_STATUS
{
  "hasValidSession": true,
  "teamId": "T8U7NRKQU"
}
[04/19/18, 15:34:00:113] info: Store: UPDATE_TEAM_LOCALE
{
  "locale": "en-US",
  "teamId": "T9C6NUMBJ"
}
[04/19/18, 15:34:00:142] info: Store: UPSERT_WEB_CONTENTS
{
  "id": 4,
  "state": "webapp-loaded",
  "teamId": "T9C6NUMBJ"
}
[04/19/18, 15:34:00:219] info: Store: UPDATE_TEAM_THEME
{
  "teamId": "T8U7NRKQU",
  "theme": {
    "active_item": "#4C9689",
    "active_item_text": "#FFFFFF",
    "active_presence": "#38978D",
    "badge": "#EB4D5C",
    "column_bg": "#4D394B",
    "hover_item": "#3E313C",
    "menu_bg": "#3E313C",
    "text_color": "#FFFFFF"
  }
}
[04/19/18, 15:34:00:308] info: Store: STORE_API_TOKEN
{
  "teamId": "T9C6NUMBJ",
  "token": "xoxs-⋯"
}
[04/19/18, 15:34:00:341] info: Store: SAVE_WINDOW_SETTINGS
{
  "isMaximized": true,
  "position": [
    384,
    108
  ],
  "size": [
    1152,
    864
  ]
}
[04/19/18, 15:34:00:695] info: Store: UPDATE_TEAM_ICONS
{
  "icons": false,
  "teamId": "T8U7NRKQU"
}
[04/19/18, 15:34:00:928] info: Store: UPDATE_TEAM_LOCALE
{
  "locale": "en-US",
  "teamId": "T8U7NRKQU"
}
[04/19/18, 15:34:00:945] info: Store: UPSERT_WEB_CONTENTS
{
  "id": 3,
  "state": "webapp-loaded",
  "teamId": "T8U7NRKQU"
}
[04/19/18, 15:34:01:292] info: Store: STORE_API_TOKEN
{
  "teamId": "T8U7NRKQU",
  "token": "xoxs-⋯"
}
[04/19/18, 15:46:28:321] info: NetworkStatus: Waiting for network online…
[04/19/18, 15:46:28:601] info: NetworkStatus: Response from api.test
{
  "status": "online"
}
[04/19/18, 16:09:10:349] info: Store: SET_FULL_SCREEN
[04/19/18, 16:09:11:581] info: Store: SET_FULL_SCREEN
[04/19/18, 16:09:11:877] info: Store: SET_FULL_SCREEN
[04/19/18, 16:09:19:263] info: Store: SET_FULL_SCREEN
[04/19/18, 16:22:30:116] info: NetworkStatus: Waiting for network online…
[04/19/18, 16:22:31:853] info: Store: SET_NETWORK_STATUS offline
[04/19/18, 16:22:33:200] info: NetworkStatus: Response from api.test
{
  "status": "online"
}
[04/19/18, 16:22:33:607] info: Store: SET_NETWORK_STATUS online
[04/19/18, 16:22:33:619] warn: Base Component: Attempting to update LoadingScreen when unmounted.
[04/19/18, 16:27:04:074] info: Store: SET_FULL_SCREEN
[04/19/18, 16:27:16:916] info: Store: SET_FULL_SCREEN
[04/19/18, 16:27:33:165] info: Store: SET_FULL_SCREEN
[04/19/18, 16:27:34:403] info: Store: FOREGROUND_APP
[04/19/18, 16:27:34:524] info: Store: SET_FULL_SCREEN
[04/19/18, 16:27:39:253] info: Store: SET_FULL_SCREEN
[04/19/18, 16:27:49:734] info: Store: SET_FULL_SCREEN
[04/19/18, 16:28:03:484] info: NetworkStatus: Waiting for network online…
[04/19/18, 16:28:03:773] info: NetworkStatus: Response from api.test
{
  "status": "online"
}
[04/19/18, 16:28:09:489] info: Store: SELECT_CHANNEL D8TJFNSHW
[04/19/18, 16:28:13:797] info: Store: START_DOWNLOAD
{
  "id": "FA9T1H7QV",
  "teamId": "T8U7NRKQU",
  "url": "[REDACTED]"
}
[04/19/18, 16:28:13:804] info: Store: UPDATE_DOWNLOAD
{
  "downloadState": "started",
  "id": "FA9T1H7QV",
  "teamId": "T8U7NRKQU"
}
[04/19/18, 16:28:14:339] info: Store: UPDATE_DOWNLOAD
{
  "downloadPath": "[REDACTED]",
  "downloadState": "progressing",
  "id": "FA9T1H7QV",
  "requestState": null,
  "teamId": "T8U7NRKQU"
}
[04/19/18, 16:28:14:343] info: Store: UPDATE_DOWNLOAD
{
  "id": "FA9T1H7QV",
  "isPaused": false,
  "progress": 0,
  "teamId": "T8U7NRKQU"
}
[04/19/18, 16:28:14:355] info: Store: UPDATE_DOWNLOAD
{
  "id": "FA9T1H7QV",
  "isPaused": false,
  "progress": 1,
  "teamId": "T8U7NRKQU"
}
[04/19/18, 16:28:14:407] info: Store: UPDATE_DOWNLOAD
{
  "id": "FA9T1H7QV",
  "isPaused": false,
  "progress": 1,
  "teamId": "T8U7NRKQU"
}
[04/19/18, 16:28:14:411] info: Store: UPDATE_DOWNLOAD
{
  "id": "FA9T1H7QV",
  "isPaused": false,
  "progress": 1,
  "teamId": "T8U7NRKQU"
}
[04/19/18, 16:28:14:413] info: Store: UPDATE_DOWNLOAD
{
  "id": "FA9T1H7QV",
  "isPaused": false,
  "progress": 1,
  "teamId": "T8U7NRKQU"
}
[04/19/18, 16:28:14:427] info: Store: UPDATE_DOWNLOAD
{
  "downloadState": "completed",
  "endTime": 1524155294423,
  "id": "FA9T1H7QV",
  "requestState": null,
  "teamId": "T8U7NRKQU"
}
[04/19/18, 16:28:14:471] info: Store: DOWNLOAD_NOTIFICATION
{
  "avatarImage": "",
  "body": "",
  "channel": "",
  "content": "[REDACTED]",
  "id": "T8U7NRKQUFA9T1H7QV",
  "initials": "",
  "msg": "[REDACTED]",
  "silent": false,
  "sound": "confirm_delivery.mp3",
  "ssbFilename": "confirm_delivery.mp3",
  "subtitle": "",
  "teamId": "T8U7NRKQU",
  "title": "Download complete",
  "type": 1
}
[04/19/18, 16:29:45:095] info: NetworkStatus: Waiting for network online…
[04/19/18, 16:29:45:231] info: NetworkStatus: Response from api.test
{
  "status": "online"
}
[04/19/18, 16:31:16:480] info: Store: MAIN_WINDOW_FOCUSED
[04/19/18, 16:31:18:702] info: Store: SAVE_WINDOW_SETTINGS
{
  "isMaximized": false,
  "position": [
    0,
    29
  ],
  "size": [
    1920,
    1051
  ]
}
[04/19/18, 17:02:02:968] info: NetworkStatus: Waiting for network online…
[04/19/18, 17:02:03:554] info: Store: SET_NETWORK_STATUS offline
[04/19/18, 17:02:08:892] info: NetworkStatus: Response from api.test
{
  "status": "online"
}
[04/19/18, 17:02:09:550] info: Store: SET_NETWORK_STATUS online
[04/19/18, 17:02:09:556] warn: Base Component: Attempting to update LoadingScreen when unmounted.
[04/19/18, 17:06:04:273] info: NetworkStatus: Waiting for network online…
[04/19/18, 17:06:04:774] info: NetworkStatus: Response from api.test
{
  "status": "online"
}
[04/19/18, 17:24:04:497] info: NetworkStatus: Waiting for network online…
[04/19/18, 17:24:04:815] info: NetworkStatus: Response from api.test
{
  "status": "online"
}
[04/19/18, 17:26:04:279] info: NetworkStatus: Waiting for network online…
[04/19/18, 17:26:04:681] info: NetworkStatus: Response from api.test
{
  "status": "online"
}
[04/19/18, 18:04:04:630] info: NetworkStatus: Waiting for network online…
[04/19/18, 18:04:05:667] info: Store: SET_NETWORK_STATUS offline
[04/19/18, 18:04:06:033] info: NetworkStatus: Response from api.test
{
  "status": "online"
}
[04/19/18, 18:04:06:552] info: Store: SET_NETWORK_STATUS online
[04/19/18, 18:04:06:557] warn: Base Component: Attempting to update LoadingScreen when unmounted.
[04/19/18, 18:06:04:052] info: NetworkStatus: Waiting for network online…
[04/19/18, 18:06:04:557] info: Store: SET_NETWORK_STATUS offline
[04/19/18, 18:06:04:699] info: NetworkStatus: Response from api.test
{
  "status": "online"
}
[04/19/18, 18:06:05:555] info: Store: SET_NETWORK_STATUS online
[04/19/18, 18:06:05:557] warn: Base Component: Attempting to update LoadingScreen when unmounted.
[04/19/18, 18:32:05:012] info: NetworkStatus: Waiting for network online…
[04/19/18, 18:32:05:552] info: Store: SET_NETWORK_STATUS offline
[04/19/18, 18:32:05:871] info: NetworkStatus: Response from api.test
{
  "status": "online"
}
[04/19/18, 18:32:06:553] info: Store: SET_NETWORK_STATUS online
[04/19/18, 18:32:06:559] warn: Base Component: Attempting to update LoadingScreen when unmounted.
[04/19/18, 18:34:04:066] info: NetworkStatus: Waiting for network online…
[04/19/18, 18:34:04:555] info: Store: SET_NETWORK_STATUS offline
[04/19/18, 18:34:04:678] info: NetworkStatus: Response from api.test
{
  "status": "online"
}
[04/19/18, 18:34:05:553] info: Store: SET_NETWORK_STATUS online
[04/19/18, 18:34:05:556] warn: Base Component: Attempting to update LoadingScreen when unmounted.
[04/19/18, 19:58:04:536] info: NetworkStatus: Waiting for network online…
[04/19/18, 19:58:04:829] info: NetworkStatus: Response from api.test
{
  "status": "online"
}
[04/19/18, 19:58:06:494] info: Store: UPSERT_WEB_CONTENTS
{
  "id": 3,
  "state": "page-will-navigate",
  "teamId": "T8U7NRKQU"
}
[04/19/18, 19:58:07:260] info: Store: UPSERT_WEB_CONTENTS
{
  "id": 4,
  "state": "page-will-navigate",
  "teamId": "T9C6NUMBJ"
}
[04/19/18, 19:58:07:723] info: Store: UPDATE_SESSION_STATUS
{
  "hasValidSession": true,
  "teamId": "T8U7NRKQU"
}
[04/19/18, 19:58:07:802] info: Store: UPDATE_SESSION_STATUS
{
  "hasValidSession": true,
  "teamId": "T9C6NUMBJ"
}
[04/19/18, 19:58:19:474] info: Store: SELECT_CHANNEL D8TJFNSHW
[04/19/18, 19:58:19:478] info: Store: UPDATE_TEAM_LOCALE
{
  "locale": "en-US"
}
[04/19/18, 19:58:19:591] info: Store: SELECT_CHANNEL C9CRAPUAG
[04/19/18, 19:58:19:597] info: Store: UPDATE_TEAM_LOCALE
{
  "locale": "en-US"
}
[04/19/18, 19:58:20:206] info: Store: UPSERT_WEB_CONTENTS
{
  "id": 4,
  "state": "loaded",
  "teamId": "T9C6NUMBJ"
}
[04/19/18, 19:58:20:235] info: Store: UPSERT_WEB_CONTENTS
{
  "id": 3,
  "state": "loaded",
  "teamId": "T8U7NRKQU"
}
[04/19/18, 19:58:20:331] info: Store: UPDATE_TEAM_THEME
{
  "teamId": "T9C6NUMBJ",
  "theme": {
    "active_item": "#4C9689",
    "active_item_text": "#FFFFFF",
    "active_presence": "#38978D",
    "badge": "#EB4D5C",
    "column_bg": "#4D394B",
    "hover_item": "#3E313C",
    "menu_bg": "#3E313C",
    "text_color": "#FFFFFF"
  }
}
[04/19/18, 19:58:20:354] info: Store: UPDATE_TEAM_THEME
{
  "teamId": "T8U7NRKQU",
  "theme": {
    "active_item": "#4C9689",
    "active_item_text": "#FFFFFF",
    "active_presence": "#38978D",
    "badge": "#EB4D5C",
    "column_bg": "#4D394B",
    "hover_item": "#3E313C",
    "menu_bg": "#3E313C",
    "text_color": "#FFFFFF"
  }
}
[04/19/18, 19:58:20:700] info: Store: UPDATE_SESSION_STATUS
{
  "hasValidSession": true,
  "teamId": "T9C6NUMBJ"
}
[04/19/18, 19:58:20:714] info: Store: UPDATE_SESSION_STATUS
{
  "hasValidSession": true,
  "teamId": "T8U7NRKQU"
}
[04/19/18, 19:58:21:227] info: Store: UPDATE_TEAM_LOCALE
{
  "locale": "en-US",
  "teamId": "T8U7NRKQU"
}
[04/19/18, 19:58:21:265] info: Store: UPSERT_WEB_CONTENTS
{
  "id": 3,
  "state": "webapp-loaded",
  "teamId": "T8U7NRKQU"
}
[04/19/18, 19:58:21:341] info: Store: UPDATE_TEAM_LOCALE
{
  "locale": "en-US",
  "teamId": "T9C6NUMBJ"
}
[04/19/18, 19:58:21:365] info: Store: UPSERT_WEB_CONTENTS
{
  "id": 4,
  "state": "webapp-loaded",
  "teamId": "T9C6NUMBJ"
}
[04/19/18, 20:02:04:031] info: NetworkStatus: Waiting for network online…
[04/19/18, 20:02:04:552] info: Store: SET_NETWORK_STATUS offline
[04/19/18, 20:02:04:891] info: NetworkStatus: Response from api.test
{
  "status": "online"
}
[04/19/18, 20:02:05:553] info: Store: SET_NETWORK_STATUS online
[04/19/18, 20:02:05:559] warn: Base Component: Attempting to update LoadingScreen when unmounted.
[04/19/18, 20:16:03:742] info: NetworkStatus: Waiting for network online…
[04/19/18, 20:16:04:552] info: Store: SET_NETWORK_STATUS offline
[04/19/18, 20:16:04:835] info: NetworkStatus: Response from api.test
{
  "status": "online"
}
[04/19/18, 20:16:05:554] info: Store: SET_NETWORK_STATUS online
[04/19/18, 20:16:05:560] warn: Base Component: Attempting to update LoadingScreen when unmounted.
[04/19/18, 20:16:24:388] info: NetworkStatus: Waiting for network online…
[04/19/18, 20:16:24:699] info: NetworkStatus: Response from api.test
{
  "status": "online"
}
[04/19/18, 21:39:26:549] info: Store: SET_NETWORK_STATUS offline
