[04/11/18, 16:57:18:481] info: ╔═════════════════════════════════════════════════════════════════════════════════╗
[04/11/18, 16:57:18:483] info: ║      Slack 3.1.1, linux 4.13.0-36-generic on x64 at 04/11/18, 16:57:18:470      ║
[04/11/18, 16:57:18:483] info: ╚═════════════════════════════════════════════════════════════════════════════════╝
[04/11/18, 16:57:18:739] info: Initializing local storage instance at path: /home/pimp-of-pimps/.config/Slack/local-settings.json
[04/11/18, 16:57:20:529] info: cld3::loadModule: loading cld3 module
[04/11/18, 16:57:20:625] info: cld3Loader::loadModule: running environment is NODE
[04/11/18, 16:57:20:626] info: cld3Loader::loadModule: constructed module object for runtime
[04/11/18, 16:57:21:098] info: cld3Loader::initializeRuntime: successfully initialized module
[04/11/18, 16:57:21:099] info: cld3Loader::loadModule: initialized wasm binary Runtime
[04/11/18, 16:57:21:107] warn: updateSpellcheckerLanguage: Tried to update language, but spellchecker not initialized
[04/11/18, 16:57:21:109] info: SSBIntegration: Main window preload script loaded 3468.396131
[04/11/18, 16:57:33:804] info: Store: SELECT_CHANNEL C8TJBPHEC
[04/11/18, 16:57:33:812] info: Store: UPDATE_TEAM_LOCALE
{
  "locale": "en-US"
}
[04/11/18, 16:57:33:813] info: Store: UPDATE_SETTINGS
{
  "locale": "en-US"
}
[04/11/18, 16:57:33:835] info: Store: SELECT_CHANNEL C9CRAPUAG
[04/11/18, 16:57:33:836] info: Store: UPDATE_TEAM_LOCALE
{
  "locale": "en-US"
}
[04/11/18, 16:57:33:837] info: Store: UPSERT_WEB_CONTENTS
{
  "id": 3,
  "state": "loaded",
  "teamId": "T8U7NRKQU"
}
[04/11/18, 16:57:33:838] info: Store: MAIN_WINDOW_SHOWN
[04/11/18, 16:57:33:839] info: Store: SET_FULL_SCREEN
[04/11/18, 16:57:33:841] info: Store: SET_FULL_SCREEN
[04/11/18, 16:57:33:842] info: Store: SET_FULL_SCREEN
[04/11/18, 16:57:33:843] info: Store: SET_FULL_SCREEN
[04/11/18, 16:57:33:843] info: Store: SET_FULL_SCREEN
[04/11/18, 16:57:33:845] info: Store: UPDATE_SESSION_STATUS
{
  "hasValidSession": true,
  "teamId": "T8U7NRKQU"
}
[04/11/18, 16:57:33:846] info: Store: UPSERT_WEB_CONTENTS
{
  "id": 4,
  "state": "loaded",
  "teamId": "T9C6NUMBJ"
}
[04/11/18, 16:57:33:924] info: Store: UPDATE_SESSION_STATUS
{
  "hasValidSession": true,
  "teamId": "T9C6NUMBJ"
}
[04/11/18, 16:57:33:925] info: Store: UPDATE_TEAM_LOCALE
{
  "locale": "en-US"
}
[04/11/18, 16:57:33:926] info: Store: UPSERT_WEB_CONTENTS
{
  "id": 4,
  "state": "webapp-loaded",
  "teamId": "T9C6NUMBJ"
}
[04/11/18, 16:57:33:932] info: Store: SAVE_WINDOW_SETTINGS
{
  "isMaximized": true,
  "position": [
    384,
    108
  ],
  "size": [
    1152,
    864
  ]
}
[04/11/18, 16:57:33:977] info: Store: UPDATE_TEAM_THEME
{
  "teamId": "T9C6NUMBJ",
  "theme": {
    "active_item": "#4C9689",
    "active_item_text": "#FFFFFF",
    "active_presence": "#38978D",
    "badge": "#EB4D5C",
    "column_bg": "#4D394B",
    "hover_item": "#3E313C",
    "menu_bg": "#3E313C",
    "text_color": "#FFFFFF"
  }
}
[04/11/18, 16:57:33:982] info: Store: STORE_API_TOKEN
{
  "teamId": "T9C6NUMBJ",
  "token": "xoxs-⋯"
}
[04/11/18, 16:57:33:994] info: Store: UPDATE_TEAM_ICONS
{
  "icons": false,
  "teamId": "T9C6NUMBJ"
}
[04/11/18, 16:57:34:175] info: Store: UPDATE_TEAM_LOCALE
{
  "locale": "en-US"
}
[04/11/18, 16:57:34:181] info: Store: UPSERT_WEB_CONTENTS
{
  "id": 3,
  "state": "webapp-loaded",
  "teamId": "T8U7NRKQU"
}
[04/11/18, 16:57:34:301] info: Store: UPDATE_TEAM_THEME
{
  "teamId": "T8U7NRKQU",
  "theme": {
    "active_item": "#4C9689",
    "active_item_text": "#FFFFFF",
    "active_presence": "#38978D",
    "badge": "#EB4D5C",
    "column_bg": "#4D394B",
    "hover_item": "#3E313C",
    "menu_bg": "#3E313C",
    "text_color": "#FFFFFF"
  }
}
[04/11/18, 16:57:34:733] info: Store: STORE_API_TOKEN
{
  "teamId": "T8U7NRKQU",
  "token": "xoxs-⋯"
}
[04/11/18, 16:57:34:763] info: Store: UPDATE_TEAM_ICONS
{
  "icons": false,
  "teamId": "T8U7NRKQU"
}
[04/11/18, 16:58:05:726] info: Store: SELECT_CHANNEL C8TMARN2V
[04/11/18, 17:08:43:263] info: Store: NEW_NOTIFICATION
{
  "avatarImage": "https://ca.slack-edge.com/T8U7NRKQU-U8U581G3V-g01dbb70d805-512",
  "channel": "C8TMARN2V",
  "content": "[REDACTED]",
  "id": "Z0yQCMhy2p5xjZA",
  "imageUri": null,
  "launchUri": "slack://channel?id=C8TMARN2V&message=1523466523.000013&team=T8U7NRKQU",
  "msg": "1523466523.000013",
  "silent": true,
  "subtitle": "",
  "teamId": "T8U7NRKQU",
  "title": "[REDACTED]"
}
[04/11/18, 17:12:18:687] info: Store: NEW_NOTIFICATION
{
  "avatarImage": "https://ca.slack-edge.com/T8U7NRKQU-U8U581G3V-g01dbb70d805-512",
  "channel": "C8TJBPHEC",
  "content": "[REDACTED]",
  "id": "Y5xPIDiVJBN3n5X",
  "imageUri": null,
  "launchUri": "slack://channel?id=C8TJBPHEC&message=1523466738.000422&team=T8U7NRKQU",
  "msg": "1523466738.000422",
  "silent": true,
  "subtitle": "",
  "teamId": "T8U7NRKQU",
  "title": "[REDACTED]"
}
[04/11/18, 17:12:24:064] info: Store: SELECT_CHANNEL C8TJBPHEC
[04/11/18, 17:12:35:620] info: Store: NEW_NOTIFICATION
{
  "avatarImage": "https://ca.slack-edge.com/T8U7NRKQU-U8U581G3V-g01dbb70d805-512",
  "channel": "C8TJBPHEC",
  "content": "[REDACTED]",
  "id": "4Lw0HYsW9pljGZl",
  "imageUri": null,
  "launchUri": "slack://channel?id=C8TJBPHEC&message=1523466755.000227&team=T8U7NRKQU",
  "msg": "1523466755.000227",
  "silent": true,
  "subtitle": "",
  "teamId": "T8U7NRKQU",
  "title": "[REDACTED]"
}
[04/11/18, 17:13:13:487] info: Store: NEW_NOTIFICATION
{
  "avatarImage": "https://ca.slack-edge.com/T8U7NRKQU-U8U581G3V-g01dbb70d805-512",
  "channel": "C8TJBPHEC",
  "content": "[REDACTED]",
  "id": "G8xqHLtQAn9YW7O",
  "imageUri": null,
  "launchUri": "slack://channel?id=C8TJBPHEC&message=1523466793.000244&team=T8U7NRKQU",
  "msg": "1523466793.000244",
  "silent": true,
  "subtitle": "",
  "teamId": "T8U7NRKQU",
  "title": "[REDACTED]"
}
[04/11/18, 22:46:31:772] info: Store: SET_NETWORK_STATUS offline
[04/11/18, 22:46:33:359] info: Store: UPSERT_WEB_CONTENTS
{
  "id": 3,
  "state": "page-will-navigate",
  "teamId": "T8U7NRKQU"
}
[04/11/18, 22:46:33:646] info: Store: UPSERT_WEB_CONTENTS
{
  "id": 4,
  "state": "page-will-navigate",
  "teamId": "T9C6NUMBJ"
}
[04/11/18, 22:46:33:650] info: Window is unloading, winssb is no longer accessible
[04/11/18, 22:46:33:657] info: Store: SET_NETWORK_STATUS online
[04/11/18, 22:46:33:666] info: Store: UPDATE_SESSION_STATUS
{
  "hasValidSession": true,
  "teamId": "T8U7NRKQU"
}
[04/11/18, 22:46:33:907] info: Store: UPDATE_SESSION_STATUS
{
  "hasValidSession": true,
  "teamId": "T9C6NUMBJ"
}
