[04/17/18, 00:51:50:625] info: ╔═════════════════════════════════════════════════════════════════════════════════╗
[04/17/18, 00:51:50:629] info: ║      Slack 3.1.1, linux 4.13.0-36-generic on x64 at 04/17/18, 00:51:50:619      ║
[04/17/18, 00:51:50:629] info: ╚═════════════════════════════════════════════════════════════════════════════════╝
[04/17/18, 00:51:50:850] info: Initializing local storage instance at path: /home/pimp-of-pimps/.config/Slack/local-settings.json
[04/17/18, 00:51:52:902] info: Store: SET_NETWORK_STATUS online
[04/17/18, 00:51:58:246] info: Store: SELECT_CHANNEL C9CRAPUAG
[04/17/18, 00:51:58:254] info: Store: UPDATE_TEAM_LOCALE
{
  "locale": "en-US"
}
[04/17/18, 00:51:58:260] info: Store: UPDATE_SETTINGS
{
  "locale": "en-US"
}
[04/17/18, 00:51:58:384] info: Store: SELECT_CHANNEL C8TMARN2V
[04/17/18, 00:51:58:392] info: Store: UPDATE_TEAM_LOCALE
{
  "locale": "en-US"
}
[04/17/18, 00:51:58:835] info: Store: UPSERT_WEB_CONTENTS
{
  "id": 4,
  "state": "loaded",
  "teamId": "T9C6NUMBJ"
}
[04/17/18, 00:51:58:934] info: Store: UPSERT_WEB_CONTENTS
{
  "id": 3,
  "state": "loaded",
  "teamId": "T8U7NRKQU"
}
[04/17/18, 00:51:58:941] info: Store: MAIN_WINDOW_SHOWN
[04/17/18, 00:51:58:997] info: Store: SET_FULL_SCREEN
[04/17/18, 00:51:59:005] info: Store: SET_FULL_SCREEN
[04/17/18, 00:51:59:010] info: Store: SET_FULL_SCREEN
[04/17/18, 00:51:59:017] info: Store: SET_FULL_SCREEN
[04/17/18, 00:51:59:030] info: Store: SET_FULL_SCREEN
