[04/12/18, 20:58:58:264] info: ╔═════════════════════════════════════════════════════════════════════════════════╗
[04/12/18, 20:58:58:266] info: ║      Slack 3.1.1, linux 4.13.0-36-generic on x64 at 04/12/18, 20:58:58:257      ║
[04/12/18, 20:58:58:266] info: ╚═════════════════════════════════════════════════════════════════════════════════╝
[04/12/18, 20:58:58:543] info: Initializing local storage instance at path: /home/pimp-of-pimps/.config/Slack/local-settings.json
[04/12/18, 20:59:00:702] info: Store: SET_NETWORK_STATUS online
[04/12/18, 20:59:08:475] info: Store: SELECT_CHANNEL C8TJBPHEC
[04/12/18, 20:59:08:487] info: Store: UPDATE_TEAM_LOCALE
{
  "locale": "en-US"
}
[04/12/18, 20:59:08:494] info: Store: UPDATE_SETTINGS
{
  "locale": "en-US"
}
[04/12/18, 20:59:09:226] info: Store: SELECT_CHANNEL C9CRAPUAG
[04/12/18, 20:59:09:236] info: Store: UPSERT_WEB_CONTENTS
{
  "id": 3,
  "state": "loaded",
  "teamId": "T8U7NRKQU"
}
[04/12/18, 20:59:09:248] info: Store: MAIN_WINDOW_SHOWN
[04/12/18, 20:59:09:279] info: Store: UPDATE_TEAM_LOCALE
{
  "locale": "en-US"
}
[04/12/18, 20:59:09:289] info: Store: SET_FULL_SCREEN
[04/12/18, 20:59:09:299] info: Store: SET_FULL_SCREEN
[04/12/18, 20:59:09:303] info: Store: SET_FULL_SCREEN
[04/12/18, 20:59:09:311] info: Store: SET_FULL_SCREEN
[04/12/18, 20:59:09:318] info: Store: SET_FULL_SCREEN
