[04/10/18, 13:18:47:581] info: ╔═════════════════════════════════════════════════════════════════════════════════╗
[04/10/18, 13:18:47:583] info: ║      Slack 3.1.1, linux 4.13.0-36-generic on x64 at 04/10/18, 13:18:47:565      ║
[04/10/18, 13:18:47:583] info: ╚═════════════════════════════════════════════════════════════════════════════════╝
[04/10/18, 13:18:47:843] info: Initializing local storage instance at path: /home/pimp-of-pimps/.config/Slack/local-settings.json
[04/10/18, 13:18:49:141] info: cld3::loadModule: loading cld3 module
[04/10/18, 13:18:49:263] info: cld3Loader::loadModule: running environment is NODE
[04/10/18, 13:18:49:263] info: cld3Loader::loadModule: constructed module object for runtime
[04/10/18, 13:18:49:777] info: cld3Loader::initializeRuntime: successfully initialized module
[04/10/18, 13:18:49:777] info: cld3Loader::loadModule: initialized wasm binary Runtime
[04/10/18, 13:18:49:787] warn: updateSpellcheckerLanguage: Tried to update language, but spellchecker not initialized
[04/10/18, 13:18:49:788] info: SSBIntegration: Main window preload script loaded 2969.059683
[04/10/18, 13:18:57:604] info: Store: SELECT_CHANNEL C8TMARN2V
[04/10/18, 13:18:57:607] info: Store: UPDATE_TEAM_LOCALE
{
  "locale": "en-US"
}
[04/10/18, 13:18:57:608] info: Store: UPDATE_SETTINGS
{
  "locale": "en-US"
}
[04/10/18, 13:18:57:617] info: Store: UPSERT_WEB_CONTENTS
{
  "id": 3,
  "state": "loaded",
  "teamId": "T8U7NRKQU"
}
[04/10/18, 13:18:57:626] info: Store: MAIN_WINDOW_SHOWN
[04/10/18, 13:18:57:757] info: Store: SET_FULL_SCREEN
[04/10/18, 13:18:57:758] info: Store: SET_FULL_SCREEN
[04/10/18, 13:18:57:758] info: Store: SET_FULL_SCREEN
[04/10/18, 13:18:57:759] info: Store: SET_FULL_SCREEN
[04/10/18, 13:18:57:759] info: Store: SET_FULL_SCREEN
[04/10/18, 13:18:57:760] info: Store: UPDATE_SESSION_STATUS
{
  "hasValidSession": true,
  "teamId": "T8U7NRKQU"
}
[04/10/18, 13:18:57:760] info: Store: SELECT_CHANNEL C9CRAPUAG
[04/10/18, 13:18:57:761] info: Store: UPDATE_TEAM_LOCALE
{
  "locale": "en-US"
}
[04/10/18, 13:18:58:124] info: Store: UPDATE_TEAM_LOCALE
{
  "locale": "en-US"
}
[04/10/18, 13:18:58:125] info: Store: UPSERT_WEB_CONTENTS
{
  "id": 3,
  "state": "webapp-loaded",
  "teamId": "T8U7NRKQU"
}
[04/10/18, 13:18:58:144] info: Store: UPSERT_WEB_CONTENTS
{
  "id": 4,
  "state": "loaded",
  "teamId": "T9C6NUMBJ"
}
[04/10/18, 13:18:58:146] info: Store: SAVE_WINDOW_SETTINGS
{
  "isMaximized": true,
  "position": [
    384,
    108
  ],
  "size": [
    1152,
    864
  ]
}
[04/10/18, 13:18:58:147] info: Store: UPDATE_TEAM_THEME
{
  "teamId": "T8U7NRKQU",
  "theme": {
    "active_item": "#4C9689",
    "active_item_text": "#FFFFFF",
    "active_presence": "#38978D",
    "badge": "#EB4D5C",
    "column_bg": "#4D394B",
    "hover_item": "#3E313C",
    "menu_bg": "#3E313C",
    "text_color": "#FFFFFF"
  }
}
[04/10/18, 13:18:58:155] info: Store: UPDATE_TEAM_LOCALE
{
  "locale": "en-US"
}
[04/10/18, 13:18:58:155] info: Store: UPSERT_WEB_CONTENTS
{
  "id": 4,
  "state": "webapp-loaded",
  "teamId": "T9C6NUMBJ"
}
[04/10/18, 13:18:58:170] info: Store: UPDATE_SESSION_STATUS
{
  "hasValidSession": true,
  "teamId": "T9C6NUMBJ"
}
[04/10/18, 13:18:58:172] info: Store: UPDATE_TEAM_THEME
{
  "teamId": "T9C6NUMBJ",
  "theme": {
    "active_item": "#4C9689",
    "active_item_text": "#FFFFFF",
    "active_presence": "#38978D",
    "badge": "#EB4D5C",
    "column_bg": "#4D394B",
    "hover_item": "#3E313C",
    "menu_bg": "#3E313C",
    "text_color": "#FFFFFF"
  }
}
[04/10/18, 13:18:58:174] info: Store: STORE_API_TOKEN
{
  "teamId": "T9C6NUMBJ",
  "token": "xoxs-⋯"
}
[04/10/18, 13:18:58:332] info: Store: STORE_API_TOKEN
{
  "teamId": "T8U7NRKQU",
  "token": "xoxs-⋯"
}
[04/10/18, 13:18:58:449] info: Store: UPDATE_TEAM_ICONS
{
  "icons": false,
  "teamId": "T8U7NRKQU"
}
[04/10/18, 13:18:58:466] info: Store: UPDATE_TEAM_ICONS
{
  "icons": false,
  "teamId": "T9C6NUMBJ"
}
[04/10/18, 13:18:59:900] info: Raw Locale list: ["C","C.UTF-8","en_US.utf8","is_IS.utf8","POSIX",""]
[04/10/18, 13:18:59:900] info: Filtered Locale list: ["en_US","is_IS"]
[04/10/18, 13:18:59:901] info: Counts: {"en":["en_US"],"is":["is_IS"]}
[04/10/18, 13:18:59:901] info: Setting en
[04/10/18, 13:18:59:902] info: Setting is
[04/10/18, 13:18:59:902] info: Result: {"en":"en-US","is":"is-IS"}
[04/10/18, 13:18:59:905] info: Requesting to load is-IS, alternatives are ["is-IS","is-IS","is-IS"]
[04/10/18, 13:18:59:907] info: Loading dictionary for language is-IS
[04/10/18, 13:18:59:907] info: Returning local copy: /home/pimp-of-pimps/.config/Slack/dictionaries/is-IS.bdic
[04/10/18, 13:18:59:910] info: Failed to read file /home/pimp-of-pimps/.config/Slack/dictionaries/is-IS.bdic: File exists but is most likely bogus
[04/10/18, 13:18:59:911] info: Actually downloading https://redirector.gvt1.com/edgedl/chrome/dict/is-is-3-0.bdic
[04/10/18, 13:19:01:942] info: Loading dictionary for language is-IS
[04/10/18, 13:19:01:942] info: Returning local copy: /home/pimp-of-pimps/.config/Slack/dictionaries/is-IS.bdic
[04/10/18, 13:19:01:943] info: Failed to read file /home/pimp-of-pimps/.config/Slack/dictionaries/is-IS.bdic: File exists but is most likely bogus
[04/10/18, 13:19:01:944] info: Actually downloading https://redirector.gvt1.com/edgedl/chrome/dict/is-is-3-0.bdic
[04/10/18, 13:19:02:345] info: Loading dictionary for language is-IS
[04/10/18, 13:19:02:345] info: Returning local copy: /home/pimp-of-pimps/.config/Slack/dictionaries/is-IS.bdic
[04/10/18, 13:19:02:347] info: Failed to read file /home/pimp-of-pimps/.config/Slack/dictionaries/is-IS.bdic: File exists but is most likely bogus
[04/10/18, 13:19:02:347] info: Actually downloading https://redirector.gvt1.com/edgedl/chrome/dict/is-is-3-0.bdic
[04/10/18, 13:19:03:348] info: dictionary for is-IS_is-IS is not available
[04/10/18, 13:19:03:349] info: Actually installing spell check provider to Electron
[04/10/18, 13:19:20:287] info: Store: SELECT_CHANNEL C8TJBPHEC
[04/10/18, 13:19:22:725] info: Couldn't detect language for text of length '2548': Not enough reliable text, ignoring sample
[04/10/18, 13:19:36:393] info: Store: SELECT_CHANNEL C8TMARN2V
[04/10/18, 13:19:36:864] info: Requesting to load is-IS, alternatives are ["is-IS","is-IS","is-IS"]
[04/10/18, 13:19:36:865] info: Loading dictionary for language is-IS
[04/10/18, 13:19:36:865] info: Returning local copy: /home/pimp-of-pimps/.config/Slack/dictionaries/is-IS.bdic
[04/10/18, 13:19:36:866] info: Failed to read file /home/pimp-of-pimps/.config/Slack/dictionaries/is-IS.bdic: File exists but is most likely bogus
[04/10/18, 13:19:36:866] info: Actually downloading https://redirector.gvt1.com/edgedl/chrome/dict/is-is-3-0.bdic
[04/10/18, 13:19:37:734] info: Loading dictionary for language is-IS
[04/10/18, 13:19:37:734] info: Returning local copy: /home/pimp-of-pimps/.config/Slack/dictionaries/is-IS.bdic
[04/10/18, 13:19:37:736] info: Failed to read file /home/pimp-of-pimps/.config/Slack/dictionaries/is-IS.bdic: File exists but is most likely bogus
[04/10/18, 13:19:37:736] info: Actually downloading https://redirector.gvt1.com/edgedl/chrome/dict/is-is-3-0.bdic
[04/10/18, 13:19:38:172] info: Loading dictionary for language is-IS
[04/10/18, 13:19:38:172] info: Returning local copy: /home/pimp-of-pimps/.config/Slack/dictionaries/is-IS.bdic
[04/10/18, 13:19:38:173] info: Failed to read file /home/pimp-of-pimps/.config/Slack/dictionaries/is-IS.bdic: File exists but is most likely bogus
[04/10/18, 13:19:38:174] info: Actually downloading https://redirector.gvt1.com/edgedl/chrome/dict/is-is-3-0.bdic
[04/10/18, 13:19:38:407] info: dictionary for is-IS_is-IS is not available
[04/10/18, 13:20:20:304] info: Unloading spellchecker
[04/10/18, 13:20:20:307] info: Unloading spellchecker
[04/10/18, 13:24:21:340] info: Store: SET_NETWORK_STATUS offline
[04/10/18, 13:24:22:347] info: Store: SET_NETWORK_STATUS online
[04/10/18, 13:26:22:341] info: Store: SET_NETWORK_STATUS offline
[04/10/18, 13:26:23:338] info: Store: SET_NETWORK_STATUS online
[04/10/18, 13:27:55:248] info: Restoring spellchecker
[04/10/18, 13:27:55:249] info: Requesting to load is-IS, alternatives are ["is-IS","is-IS","is-IS"]
[04/10/18, 13:27:55:250] info: Loading dictionary for language is-IS
[04/10/18, 13:27:55:251] info: Returning local copy: /home/pimp-of-pimps/.config/Slack/dictionaries/is-IS.bdic
[04/10/18, 13:27:55:333] info: Unloading spellchecker
[04/10/18, 13:27:55:340] info: Restoring spellchecker
[04/10/18, 13:27:55:341] info: Requesting to load is-IS, alternatives are ["is-IS","is-IS","is-IS"]
[04/10/18, 13:27:55:341] info: Loading dictionary for language is-IS
[04/10/18, 13:27:55:342] info: Returning local copy: /home/pimp-of-pimps/.config/Slack/dictionaries/is-IS.bdic
[04/10/18, 13:27:55:400] info: Failed to read file /home/pimp-of-pimps/.config/Slack/dictionaries/is-IS.bdic: File exists but is most likely bogus
[04/10/18, 13:27:55:400] info: Failed to read file /home/pimp-of-pimps/.config/Slack/dictionaries/is-IS.bdic: File exists but is most likely bogus
[04/10/18, 13:27:55:403] info: Actually downloading https://redirector.gvt1.com/edgedl/chrome/dict/is-is-3-0.bdic
[04/10/18, 13:27:55:442] info: Can't clear out file, bailing
[04/10/18, 13:27:55:443] info: Loading dictionary for language is-IS
[04/10/18, 13:27:55:443] info: Actually downloading https://redirector.gvt1.com/edgedl/chrome/dict/is-is-3-0.bdic
[04/10/18, 13:27:56:207] info: Store: SAVE_WINDOW_SETTINGS
{
  "isMaximized": true,
  "position": [
    384,
    108
  ],
  "size": [
    1152,
    864
  ]
}
[04/10/18, 13:27:56:400] info: Loading dictionary for language is-IS
[04/10/18, 13:27:56:400] info: Returning local copy: /home/pimp-of-pimps/.config/Slack/dictionaries/is-IS.bdic
[04/10/18, 13:27:56:401] info: Failed to read file /home/pimp-of-pimps/.config/Slack/dictionaries/is-IS.bdic: File exists but is most likely bogus
[04/10/18, 13:27:56:402] info: Actually downloading https://redirector.gvt1.com/edgedl/chrome/dict/is-is-3-0.bdic
[04/10/18, 13:27:56:600] info: Unloading spellchecker
[04/10/18, 13:27:56:637] info: Unloading spellchecker
[04/10/18, 13:27:56:819] info: Loading dictionary for language is-IS
[04/10/18, 13:27:56:820] info: Returning local copy: /home/pimp-of-pimps/.config/Slack/dictionaries/is-IS.bdic
[04/10/18, 13:27:56:821] info: Failed to read file /home/pimp-of-pimps/.config/Slack/dictionaries/is-IS.bdic: File exists but is most likely bogus
[04/10/18, 13:27:56:822] info: Actually downloading https://redirector.gvt1.com/edgedl/chrome/dict/is-is-3-0.bdic
[04/10/18, 13:27:56:975] info: Loading dictionary for language is-IS
[04/10/18, 13:27:56:976] info: Returning local copy: /home/pimp-of-pimps/.config/Slack/dictionaries/is-IS.bdic
[04/10/18, 13:27:56:978] info: Failed to read file /home/pimp-of-pimps/.config/Slack/dictionaries/is-IS.bdic: File exists but is most likely bogus
[04/10/18, 13:27:56:978] info: Actually downloading https://redirector.gvt1.com/edgedl/chrome/dict/is-is-3-0.bdic
[04/10/18, 13:27:57:193] info: dictionary for is-IS_is-IS is not available
[04/10/18, 13:27:58:093] info: dictionary for is-IS_is-IS is not available
[04/10/18, 13:37:41:918] info: Restoring spellchecker
[04/10/18, 13:37:41:919] info: Requesting to load is-IS, alternatives are ["is-IS","is-IS","is-IS"]
[04/10/18, 13:37:41:919] info: Loading dictionary for language is-IS
[04/10/18, 13:37:41:919] info: Returning local copy: /home/pimp-of-pimps/.config/Slack/dictionaries/is-IS.bdic
[04/10/18, 13:37:41:968] info: Failed to read file /home/pimp-of-pimps/.config/Slack/dictionaries/is-IS.bdic: File exists but is most likely bogus
[04/10/18, 13:37:41:969] info: Actually downloading https://redirector.gvt1.com/edgedl/chrome/dict/is-is-3-0.bdic
[04/10/18, 13:37:42:582] info: Unloading spellchecker
[04/10/18, 13:37:42:587] info: Unloading spellchecker
[04/10/18, 13:37:43:295] info: Loading dictionary for language is-IS
[04/10/18, 13:37:43:296] info: Returning local copy: /home/pimp-of-pimps/.config/Slack/dictionaries/is-IS.bdic
[04/10/18, 13:37:43:297] info: Failed to read file /home/pimp-of-pimps/.config/Slack/dictionaries/is-IS.bdic: File exists but is most likely bogus
[04/10/18, 13:37:43:299] info: Actually downloading https://redirector.gvt1.com/edgedl/chrome/dict/is-is-3-0.bdic
[04/10/18, 13:37:43:530] info: Restoring spellchecker
[04/10/18, 13:37:43:531] info: Requesting to load is-IS, alternatives are ["is-IS","is-IS","is-IS"]
[04/10/18, 13:37:43:532] info: Loading dictionary for language is-IS
[04/10/18, 13:37:43:532] info: Actually downloading https://redirector.gvt1.com/edgedl/chrome/dict/is-is-3-0.bdic
[04/10/18, 13:37:43:798] info: Loading dictionary for language is-IS
[04/10/18, 13:37:43:799] info: Returning local copy: /home/pimp-of-pimps/.config/Slack/dictionaries/is-IS.bdic
[04/10/18, 13:37:43:808] info: Failed to read file /home/pimp-of-pimps/.config/Slack/dictionaries/is-IS.bdic: File exists but is most likely bogus
[04/10/18, 13:37:43:809] info: Actually downloading https://redirector.gvt1.com/edgedl/chrome/dict/is-is-3-0.bdic
[04/10/18, 13:37:44:044] info: dictionary for is-IS_is-IS is not available
[04/10/18, 13:37:44:667] info: Unloading spellchecker
[04/10/18, 13:37:44:696] info: Unloading spellchecker
[04/10/18, 13:37:44:738] info: Loading dictionary for language is-IS
[04/10/18, 13:37:44:738] info: Returning local copy: /home/pimp-of-pimps/.config/Slack/dictionaries/is-IS.bdic
[04/10/18, 13:37:44:741] info: Failed to read file /home/pimp-of-pimps/.config/Slack/dictionaries/is-IS.bdic: File exists but is most likely bogus
[04/10/18, 13:37:44:742] info: Actually downloading https://redirector.gvt1.com/edgedl/chrome/dict/is-is-3-0.bdic
[04/10/18, 13:37:45:125] info: Loading dictionary for language is-IS
[04/10/18, 13:37:45:126] info: Returning local copy: /home/pimp-of-pimps/.config/Slack/dictionaries/is-IS.bdic
[04/10/18, 13:37:45:127] info: Failed to read file /home/pimp-of-pimps/.config/Slack/dictionaries/is-IS.bdic: File exists but is most likely bogus
[04/10/18, 13:37:45:127] info: Actually downloading https://redirector.gvt1.com/edgedl/chrome/dict/is-is-3-0.bdic
[04/10/18, 13:37:45:381] info: dictionary for is-IS_is-IS is not available
[04/10/18, 13:37:45:916] info: Restoring spellchecker
[04/10/18, 13:37:45:917] info: Requesting to load is-IS, alternatives are ["is-IS","is-IS","is-IS"]
[04/10/18, 13:37:45:919] info: Loading dictionary for language is-IS
[04/10/18, 13:37:45:919] info: Returning local copy: /home/pimp-of-pimps/.config/Slack/dictionaries/is-IS.bdic
[04/10/18, 13:37:45:955] info: Failed to read file /home/pimp-of-pimps/.config/Slack/dictionaries/is-IS.bdic: File exists but is most likely bogus
[04/10/18, 13:37:45:956] info: Actually downloading https://redirector.gvt1.com/edgedl/chrome/dict/is-is-3-0.bdic
[04/10/18, 13:37:46:056] info: Unloading spellchecker
[04/10/18, 13:37:46:138] info: Unloading spellchecker
[04/10/18, 13:37:46:177] info: Loading dictionary for language is-IS
[04/10/18, 13:37:46:177] info: Returning local copy: /home/pimp-of-pimps/.config/Slack/dictionaries/is-IS.bdic
[04/10/18, 13:37:46:178] info: Failed to read file /home/pimp-of-pimps/.config/Slack/dictionaries/is-IS.bdic: File exists but is most likely bogus
[04/10/18, 13:37:46:179] info: Actually downloading https://redirector.gvt1.com/edgedl/chrome/dict/is-is-3-0.bdic
[04/10/18, 13:37:46:716] info: Loading dictionary for language is-IS
[04/10/18, 13:37:46:723] info: Returning local copy: /home/pimp-of-pimps/.config/Slack/dictionaries/is-IS.bdic
[04/10/18, 13:37:46:729] info: Failed to read file /home/pimp-of-pimps/.config/Slack/dictionaries/is-IS.bdic: File exists but is most likely bogus
[04/10/18, 13:37:46:732] info: Actually downloading https://redirector.gvt1.com/edgedl/chrome/dict/is-is-3-0.bdic
[04/10/18, 13:37:47:015] info: dictionary for is-IS_is-IS is not available
[04/10/18, 13:46:59:841] warn: Unable to read quiet hours setting: windows-quiet-hours works only on Windows
[04/10/18, 13:46:59:841] warn: Unable to read quiet hours setting: windows-quiet-hours works only on Windows
[04/10/18, 13:46:59:951] info: Store: NEW_NOTIFICATION
{
  "avatarImage": "https://ca.slack-edge.com/T8U7NRKQU-U8U581G3V-g01dbb70d805-512",
  "channel": "C8TJQJ1RN",
  "content": "[REDACTED]",
  "id": "4xEWuJhW9p3lgEo",
  "imageUri": null,
  "launchUri": "slack://channel?id=C8TJQJ1RN&message=1523368019.000558&team=T8U7NRKQU",
  "msg": "1523368019.000558",
  "silent": true,
  "subtitle": "",
  "teamId": "T8U7NRKQU",
  "title": "[REDACTED]"
}
[04/10/18, 13:47:19:178] warn: Unable to read quiet hours setting: windows-quiet-hours works only on Windows
[04/10/18, 13:47:19:179] warn: Unable to read quiet hours setting: windows-quiet-hours works only on Windows
[04/10/18, 13:47:19:192] info: Store: NEW_NOTIFICATION
{
  "avatarImage": "https://ca.slack-edge.com/T8U7NRKQU-U8U581G3V-g01dbb70d805-512",
  "channel": "C8TJQJ1RN",
  "content": "[REDACTED]",
  "id": "PNX6h0ijqGmKywX",
  "imageUri": null,
  "launchUri": "slack://channel?id=C8TJQJ1RN&message=1523368038.000835&team=T8U7NRKQU",
  "msg": "1523368038.000835",
  "silent": true,
  "subtitle": "",
  "teamId": "T8U7NRKQU",
  "title": "[REDACTED]"
}
[04/10/18, 13:47:30:348] warn: Unable to read quiet hours setting: windows-quiet-hours works only on Windows
[04/10/18, 13:47:30:348] warn: Unable to read quiet hours setting: windows-quiet-hours works only on Windows
[04/10/18, 13:47:30:355] info: Store: NEW_NOTIFICATION
{
  "avatarImage": "https://ca.slack-edge.com/T8U7NRKQU-U8U581G3V-g01dbb70d805-512",
  "channel": "C8TJQJ1RN",
  "content": "[REDACTED]",
  "id": "Z6qZsPsy2pM7jEV",
  "imageUri": null,
  "launchUri": "slack://channel?id=C8TJQJ1RN&message=1523368050.000190&team=T8U7NRKQU",
  "msg": "1523368050.000190",
  "silent": true,
  "subtitle": "",
  "teamId": "T8U7NRKQU",
  "title": "[REDACTED]"
}
[04/10/18, 13:48:00:183] warn: Unable to read quiet hours setting: windows-quiet-hours works only on Windows
[04/10/18, 13:48:00:183] warn: Unable to read quiet hours setting: windows-quiet-hours works only on Windows
[04/10/18, 13:48:00:188] info: Store: NEW_NOTIFICATION
{
  "avatarImage": "https://ca.slack-edge.com/T8U7NRKQU-U8U581G3V-g01dbb70d805-512",
  "channel": "C8TJQJ1RN",
  "content": "[REDACTED]",
  "id": "QWZAINtkmyGplWY",
  "imageUri": null,
  "launchUri": "slack://channel?id=C8TJQJ1RN&message=1523368080.000041&team=T8U7NRKQU",
  "msg": "1523368080.000041",
  "silent": true,
  "subtitle": "",
  "teamId": "T8U7NRKQU",
  "title": "[REDACTED]"
}
[04/10/18, 13:48:07:789] warn: Unable to read quiet hours setting: windows-quiet-hours works only on Windows
[04/10/18, 13:48:07:789] warn: Unable to read quiet hours setting: windows-quiet-hours works only on Windows
[04/10/18, 13:48:07:796] info: Store: NEW_NOTIFICATION
{
  "avatarImage": "https://ca.slack-edge.com/T8U7NRKQU-U8U581G3V-g01dbb70d805-512",
  "channel": "C8TJQJ1RN",
  "content": "[REDACTED]",
  "id": "0RvAImuWQ0oy1Kp",
  "imageUri": null,
  "launchUri": "slack://channel?id=C8TJQJ1RN&message=1523368087.000602&team=T8U7NRKQU",
  "msg": "1523368087.000602",
  "silent": true,
  "subtitle": "",
  "teamId": "T8U7NRKQU",
  "title": "[REDACTED]"
}
[04/10/18, 13:48:20:731] warn: Unable to read quiet hours setting: windows-quiet-hours works only on Windows
[04/10/18, 13:48:20:732] warn: Unable to read quiet hours setting: windows-quiet-hours works only on Windows
[04/10/18, 13:48:20:745] info: Store: NEW_NOTIFICATION
{
  "avatarImage": "https://ca.slack-edge.com/T8U7NRKQU-U8U581G3V-g01dbb70d805-512",
  "channel": "C8TJQJ1RN",
  "content": "[REDACTED]",
  "id": "XDmYhDCkZ5rJ4oG",
  "imageUri": null,
  "launchUri": "slack://channel?id=C8TJQJ1RN&message=1523368100.000384&team=T8U7NRKQU",
  "msg": "1523368100.000384",
  "silent": true,
  "subtitle": "",
  "teamId": "T8U7NRKQU",
  "title": "[REDACTED]"
}
[04/10/18, 13:48:27:520] warn: Unable to read quiet hours setting: windows-quiet-hours works only on Windows
[04/10/18, 13:48:27:520] warn: Unable to read quiet hours setting: windows-quiet-hours works only on Windows
[04/10/18, 13:48:27:524] info: Store: NEW_NOTIFICATION
{
  "avatarImage": "https://ca.slack-edge.com/T8U7NRKQU-U8U581G3V-g01dbb70d805-512",
  "channel": "C8TJQJ1RN",
  "content": "[REDACTED]",
  "id": "XDmYhqFkZ5rJNqY",
  "imageUri": null,
  "launchUri": "slack://channel?id=C8TJQJ1RN&message=1523368107.000369&team=T8U7NRKQU",
  "msg": "1523368107.000369",
  "silent": true,
  "subtitle": "",
  "teamId": "T8U7NRKQU",
  "title": "[REDACTED]"
}
[04/10/18, 13:48:34:878] warn: Unable to read quiet hours setting: windows-quiet-hours works only on Windows
[04/10/18, 13:48:34:879] warn: Unable to read quiet hours setting: windows-quiet-hours works only on Windows
[04/10/18, 13:48:34:889] info: Store: NEW_NOTIFICATION
{
  "avatarImage": "https://ca.slack-edge.com/T8U7NRKQU-U8U581G3V-g01dbb70d805-512",
  "channel": "C8TJQJ1RN",
  "content": "[REDACTED]",
  "id": "mZl7h6H9vz4gjqz",
  "imageUri": null,
  "launchUri": "slack://channel?id=C8TJQJ1RN&message=1523368114.000660&team=T8U7NRKQU",
  "msg": "1523368114.000660",
  "silent": true,
  "subtitle": "",
  "teamId": "T8U7NRKQU",
  "title": "[REDACTED]"
}
[04/10/18, 13:48:45:078] warn: Unable to read quiet hours setting: windows-quiet-hours works only on Windows
[04/10/18, 13:48:45:079] warn: Unable to read quiet hours setting: windows-quiet-hours works only on Windows
[04/10/18, 13:48:45:082] info: Store: NEW_NOTIFICATION
{
  "avatarImage": "https://ca.slack-edge.com/T8U7NRKQU-U8U581G3V-g01dbb70d805-512",
  "channel": "C8TJQJ1RN",
  "content": "[REDACTED]",
  "id": "lYj8S6IqXpjZrzn",
  "imageUri": null,
  "launchUri": "slack://channel?id=C8TJQJ1RN&message=1523368124.000855&team=T8U7NRKQU",
  "msg": "1523368124.000855",
  "silent": true,
  "subtitle": "",
  "teamId": "T8U7NRKQU",
  "title": "[REDACTED]"
}
[04/10/18, 13:48:50:960] warn: Unable to read quiet hours setting: windows-quiet-hours works only on Windows
[04/10/18, 13:48:50:960] warn: Unable to read quiet hours setting: windows-quiet-hours works only on Windows
[04/10/18, 13:48:50:963] info: Store: NEW_NOTIFICATION
{
  "avatarImage": "https://ca.slack-edge.com/T8U7NRKQU-U8U581G3V-g01dbb70d805-512",
  "channel": "C8TJQJ1RN",
  "content": "[REDACTED]",
  "id": "zpVqhESKQ0VkZZ2",
  "imageUri": null,
  "launchUri": "slack://channel?id=C8TJQJ1RN&message=1523368130.000709&team=T8U7NRKQU",
  "msg": "1523368130.000709",
  "silent": true,
  "subtitle": "",
  "teamId": "T8U7NRKQU",
  "title": "[REDACTED]"
}
[04/10/18, 13:48:57:353] warn: Unable to read quiet hours setting: windows-quiet-hours works only on Windows
[04/10/18, 13:48:57:354] warn: Unable to read quiet hours setting: windows-quiet-hours works only on Windows
[04/10/18, 13:48:57:361] info: Store: NEW_NOTIFICATION
{
  "avatarImage": "https://ca.slack-edge.com/T8U7NRKQU-U8U581G3V-g01dbb70d805-512",
  "channel": "C8TJQJ1RN",
  "content": "[REDACTED]",
  "id": "gJ17F8T3LvyO2kw",
  "imageUri": null,
  "launchUri": "slack://channel?id=C8TJQJ1RN&message=1523368137.000201&team=T8U7NRKQU",
  "msg": "1523368137.000201",
  "silent": true,
  "subtitle": "",
  "teamId": "T8U7NRKQU",
  "title": "[REDACTED]"
}
[04/10/18, 13:49:03:792] warn: Unable to read quiet hours setting: windows-quiet-hours works only on Windows
[04/10/18, 13:49:03:792] warn: Unable to read quiet hours setting: windows-quiet-hours works only on Windows
[04/10/18, 13:49:03:796] info: Store: NEW_NOTIFICATION
{
  "avatarImage": "https://ca.slack-edge.com/T8U7NRKQU-U8U581G3V-g01dbb70d805-512",
  "channel": "C8TJQJ1RN",
  "content": "[REDACTED]",
  "id": "wpMnhXUK2YR68nq",
  "imageUri": null,
  "launchUri": "slack://channel?id=C8TJQJ1RN&message=1523368143.000634&team=T8U7NRKQU",
  "msg": "1523368143.000634",
  "silent": true,
  "subtitle": "",
  "teamId": "T8U7NRKQU",
  "title": "[REDACTED]"
}
[04/10/18, 13:49:09:961] warn: Unable to read quiet hours setting: windows-quiet-hours works only on Windows
[04/10/18, 13:49:09:961] warn: Unable to read quiet hours setting: windows-quiet-hours works only on Windows
[04/10/18, 13:49:09:964] info: Store: NEW_NOTIFICATION
{
  "avatarImage": "https://ca.slack-edge.com/T8U7NRKQU-U8U581G3V-g01dbb70d805-512",
  "channel": "C8TJQJ1RN",
  "content": "[REDACTED]",
  "id": "lYj8SqcqXpjoj8L",
  "imageUri": null,
  "launchUri": "slack://channel?id=C8TJQJ1RN&message=1523368149.000706&team=T8U7NRKQU",
  "msg": "1523368149.000706",
  "silent": true,
  "subtitle": "",
  "teamId": "T8U7NRKQU",
  "title": "[REDACTED]"
}
[04/10/18, 13:49:14:636] warn: Unable to read quiet hours setting: windows-quiet-hours works only on Windows
[04/10/18, 13:49:14:636] warn: Unable to read quiet hours setting: windows-quiet-hours works only on Windows
[04/10/18, 13:49:14:640] info: Store: NEW_NOTIFICATION
{
  "avatarImage": "https://ca.slack-edge.com/T8U7NRKQU-U8U581G3V-g01dbb70d805-512",
  "channel": "C8TJQJ1RN",
  "content": "[REDACTED]",
  "id": "XDmYh6fkZ5rPEQ0",
  "imageUri": null,
  "launchUri": "slack://channel?id=C8TJQJ1RN&message=1523368154.000456&team=T8U7NRKQU",
  "msg": "1523368154.000456",
  "silent": true,
  "subtitle": "",
  "teamId": "T8U7NRKQU",
  "title": "[REDACTED]"
}
[04/10/18, 13:49:19:754] warn: Unable to read quiet hours setting: windows-quiet-hours works only on Windows
[04/10/18, 13:49:19:755] warn: Unable to read quiet hours setting: windows-quiet-hours works only on Windows
[04/10/18, 13:49:19:758] info: Store: NEW_NOTIFICATION
{
  "avatarImage": "https://ca.slack-edge.com/T8U7NRKQU-U8U581G3V-g01dbb70d805-512",
  "channel": "C8TJQJ1RN",
  "content": "[REDACTED]",
  "id": "n5nGFMhZA3vn1nQ",
  "imageUri": null,
  "launchUri": "slack://channel?id=C8TJQJ1RN&message=1523368159.000563&team=T8U7NRKQU",
  "msg": "1523368159.000563",
  "silent": true,
  "subtitle": "",
  "teamId": "T8U7NRKQU",
  "title": "[REDACTED]"
}
[04/10/18, 13:49:25:108] warn: Unable to read quiet hours setting: windows-quiet-hours works only on Windows
[04/10/18, 13:49:25:108] warn: Unable to read quiet hours setting: windows-quiet-hours works only on Windows
[04/10/18, 13:49:25:117] info: Store: NEW_NOTIFICATION
{
  "avatarImage": "https://ca.slack-edge.com/T8U7NRKQU-U8U581G3V-g01dbb70d805-512",
  "channel": "C8TJQJ1RN",
  "content": "[REDACTED]",
  "id": "xkOoHwiwQ5AjBoy",
  "imageUri": null,
  "launchUri": "slack://channel?id=C8TJQJ1RN&message=1523368164.000744&team=T8U7NRKQU",
  "msg": "1523368164.000744",
  "silent": true,
  "subtitle": "",
  "teamId": "T8U7NRKQU",
  "title": "[REDACTED]"
}
[04/10/18, 13:49:30:006] warn: Unable to read quiet hours setting: windows-quiet-hours works only on Windows
[04/10/18, 13:49:30:006] warn: Unable to read quiet hours setting: windows-quiet-hours works only on Windows
[04/10/18, 13:49:30:009] info: Store: NEW_NOTIFICATION
{
  "avatarImage": "https://ca.slack-edge.com/T8U7NRKQU-U8U581G3V-g01dbb70d805-512",
  "channel": "C8TJQJ1RN",
  "content": "[REDACTED]",
  "id": "ADj8h6sY7LBr52x",
  "imageUri": null,
  "launchUri": "slack://channel?id=C8TJQJ1RN&message=1523368169.000728&team=T8U7NRKQU",
  "msg": "1523368169.000728",
  "silent": true,
  "subtitle": "",
  "teamId": "T8U7NRKQU",
  "title": "[REDACTED]"
}
[04/10/18, 13:49:35:364] warn: Unable to read quiet hours setting: windows-quiet-hours works only on Windows
[04/10/18, 13:49:35:365] warn: Unable to read quiet hours setting: windows-quiet-hours works only on Windows
[04/10/18, 13:49:35:367] info: Store: NEW_NOTIFICATION
{
  "avatarImage": "https://ca.slack-edge.com/T8U7NRKQU-U8U581G3V-g01dbb70d805-512",
  "channel": "C8TJQJ1RN",
  "content": "[REDACTED]",
  "id": "xkOoHOtwQ5AjD5L",
  "imageUri": null,
  "launchUri": "slack://channel?id=C8TJQJ1RN&message=1523368175.000198&team=T8U7NRKQU",
  "msg": "1523368175.000198",
  "silent": true,
  "subtitle": "",
  "teamId": "T8U7NRKQU",
  "title": "[REDACTED]"
}
[04/10/18, 13:49:44:002] warn: Unable to read quiet hours setting: windows-quiet-hours works only on Windows
[04/10/18, 13:49:44:002] warn: Unable to read quiet hours setting: windows-quiet-hours works only on Windows
[04/10/18, 13:49:44:006] info: Store: NEW_NOTIFICATION
{
  "avatarImage": "https://ca.slack-edge.com/T8U7NRKQU-U8U581G3V-g01dbb70d805-512",
  "channel": "C8TJQJ1RN",
  "content": "[REDACTED]",
  "id": "OYVJSJurygW0oX2",
  "imageUri": null,
  "launchUri": "slack://channel?id=C8TJQJ1RN&message=1523368183.000768&team=T8U7NRKQU",
  "msg": "1523368183.000768",
  "silent": true,
  "subtitle": "",
  "teamId": "T8U7NRKQU",
  "title": "[REDACTED]"
}
[04/10/18, 13:49:49:408] warn: Unable to read quiet hours setting: windows-quiet-hours works only on Windows
[04/10/18, 13:49:49:408] warn: Unable to read quiet hours setting: windows-quiet-hours works only on Windows
[04/10/18, 13:49:49:414] info: Store: NEW_NOTIFICATION
{
  "avatarImage": "https://ca.slack-edge.com/T8U7NRKQU-U8U581G3V-g01dbb70d805-512",
  "channel": "C8TJQJ1RN",
  "content": "[REDACTED]",
  "id": "PNX6h7CjqGm43Zq",
  "imageUri": null,
  "launchUri": "slack://channel?id=C8TJQJ1RN&message=1523368189.000300&team=T8U7NRKQU",
  "msg": "1523368189.000300",
  "silent": true,
  "subtitle": "",
  "teamId": "T8U7NRKQU",
  "title": "[REDACTED]"
}
[04/10/18, 13:49:55:118] warn: Unable to read quiet hours setting: windows-quiet-hours works only on Windows
[04/10/18, 13:49:55:118] warn: Unable to read quiet hours setting: windows-quiet-hours works only on Windows
[04/10/18, 13:49:55:122] info: Store: NEW_NOTIFICATION
{
  "avatarImage": "https://ca.slack-edge.com/T8U7NRKQU-U8U581G3V-g01dbb70d805-512",
  "channel": "C8TJQJ1RN",
  "content": "[REDACTED]",
  "id": "PNX6hPFjqGm4qrg",
  "imageUri": null,
  "launchUri": "slack://channel?id=C8TJQJ1RN&message=1523368195.000001&team=T8U7NRKQU",
  "msg": "1523368195.000001",
  "silent": true,
  "subtitle": "",
  "teamId": "T8U7NRKQU",
  "title": "[REDACTED]"
}
[04/10/18, 13:53:09:265] warn: Unable to read quiet hours setting: windows-quiet-hours works only on Windows
[04/10/18, 13:53:09:266] warn: Unable to read quiet hours setting: windows-quiet-hours works only on Windows
[04/10/18, 13:53:09:275] info: Store: NEW_NOTIFICATION
{
  "avatarImage": "https://ca.slack-edge.com/T8U7NRKQU-U8TMX55PB-g824735fd9fd-512",
  "channel": "C8TJQJ1RN",
  "content": "[REDACTED]",
  "id": "NkQ7H6HRqZyZmgY",
  "imageUri": null,
  "launchUri": "slack://channel?id=C8TJQJ1RN&message=1523368389.000146&team=T8U7NRKQU",
  "msg": "1523368389.000146",
  "silent": true,
  "subtitle": "",
  "teamId": "T8U7NRKQU",
  "title": "[REDACTED]"
}
[04/10/18, 13:53:09:399] info: Restoring spellchecker
[04/10/18, 13:53:09:400] info: Requesting to load is-IS, alternatives are ["is-IS","is-IS","is-IS"]
[04/10/18, 13:53:09:401] info: Loading dictionary for language is-IS
[04/10/18, 13:53:09:401] info: Returning local copy: /home/pimp-of-pimps/.config/Slack/dictionaries/is-IS.bdic
[04/10/18, 13:53:09:425] info: Failed to read file /home/pimp-of-pimps/.config/Slack/dictionaries/is-IS.bdic: File exists but is most likely bogus
[04/10/18, 13:53:09:427] info: Actually downloading https://redirector.gvt1.com/edgedl/chrome/dict/is-is-3-0.bdic
[04/10/18, 13:53:10:734] info: Loading dictionary for language is-IS
[04/10/18, 13:53:10:734] info: Returning local copy: /home/pimp-of-pimps/.config/Slack/dictionaries/is-IS.bdic
[04/10/18, 13:53:10:735] info: Failed to read file /home/pimp-of-pimps/.config/Slack/dictionaries/is-IS.bdic: File exists but is most likely bogus
[04/10/18, 13:53:10:736] info: Actually downloading https://redirector.gvt1.com/edgedl/chrome/dict/is-is-3-0.bdic
[04/10/18, 13:53:11:167] info: Loading dictionary for language is-IS
[04/10/18, 13:53:11:167] info: Returning local copy: /home/pimp-of-pimps/.config/Slack/dictionaries/is-IS.bdic
[04/10/18, 13:53:11:168] info: Failed to read file /home/pimp-of-pimps/.config/Slack/dictionaries/is-IS.bdic: File exists but is most likely bogus
[04/10/18, 13:53:11:169] info: Actually downloading https://redirector.gvt1.com/edgedl/chrome/dict/is-is-3-0.bdic
[04/10/18, 13:53:11:416] info: dictionary for is-IS_is-IS is not available
[04/10/18, 13:53:11:962] info: Store: SELECT_CHANNEL C8TJQJ1RN
[04/10/18, 13:53:12:957] info: Requesting to load en-US, alternatives are ["en-US","en-US","en-US"]
[04/10/18, 13:53:12:958] info: Loading dictionary for language en-US
[04/10/18, 13:53:12:961] info: Returning local copy: /home/pimp-of-pimps/.config/Slack/dictionaries/en-US.bdic
[04/10/18, 13:53:13:021] info: Setting current spellchecker to en-US, requested language was en-US
[04/10/18, 13:53:13:022] info: Creating node-spellchecker instance
[04/10/18, 13:53:13:026] info: Actually installing spell check provider to Electron
[04/10/18, 13:53:19:751] info: Unloading spellchecker
[04/10/18, 13:53:19:837] info: Unloading spellchecker
[04/10/18, 13:53:25:520] info: Restoring spellchecker
[04/10/18, 13:53:25:520] info: Loading dictionary for language en-US
[04/10/18, 13:53:25:520] info: Returning local copy: /home/pimp-of-pimps/.config/Slack/dictionaries/en-US.bdic
[04/10/18, 13:53:25:619] info: Setting current spellchecker to en-US, requested language was en-US
[04/10/18, 13:53:25:620] info: Creating node-spellchecker instance
[04/10/18, 13:53:27:219] info: Unloading spellchecker
[04/10/18, 13:53:27:221] info: Unloading spellchecker
[04/10/18, 14:01:38:164] warn: Unable to read quiet hours setting: windows-quiet-hours works only on Windows
[04/10/18, 14:01:38:164] warn: Unable to read quiet hours setting: windows-quiet-hours works only on Windows
[04/10/18, 14:01:38:202] info: Store: NEW_NOTIFICATION
{
  "avatarImage": "https://ca.slack-edge.com/T8U7NRKQU-U8U581G3V-g01dbb70d805-512",
  "channel": "C8TJQJ1RN",
  "content": "[REDACTED]",
  "id": "kR96IvI9qRDQEGB",
  "imageUri": null,
  "launchUri": "slack://channel?id=C8TJQJ1RN&message=1523368897.000703&team=T8U7NRKQU",
  "msg": "1523368897.000703",
  "silent": true,
  "subtitle": "",
  "teamId": "T8U7NRKQU",
  "title": "[REDACTED]"
}
[04/10/18, 14:28:24:932] info: Store: SET_NETWORK_STATUS offline
[04/10/18, 14:28:25:691] info: Store: SET_NETWORK_STATUS online
[04/10/18, 14:40:25:950] info: Store: SET_NETWORK_STATUS offline
[04/10/18, 14:40:26:939] info: Store: SET_NETWORK_STATUS online
[04/10/18, 15:10:27:362] info: Store: SET_NETWORK_STATUS offline
[04/10/18, 15:10:28:305] info: Store: SET_NETWORK_STATUS online
[04/10/18, 15:16:58:628] info: Restoring spellchecker
[04/10/18, 15:16:58:643] info: Loading dictionary for language en-US
[04/10/18, 15:16:58:651] info: Returning local copy: /home/pimp-of-pimps/.config/Slack/dictionaries/en-US.bdic
[04/10/18, 15:16:58:696] info: Setting current spellchecker to en-US, requested language was en-US
[04/10/18, 15:16:58:696] info: Creating node-spellchecker instance
[04/10/18, 15:16:58:882] info: Unloading spellchecker
[04/10/18, 15:16:59:871] info: Store: SAVE_WINDOW_SETTINGS
{
  "isMaximized": false,
  "position": [
    0,
    29
  ],
  "size": [
    1920,
    1051
  ]
}
[04/10/18, 15:26:24:343] info: Store: SET_NETWORK_STATUS offline
[04/10/18, 15:26:25:343] info: Store: SET_NETWORK_STATUS online
[04/10/18, 15:32:25:342] info: Store: SET_NETWORK_STATUS offline
[04/10/18, 15:32:26:341] info: Store: SET_NETWORK_STATUS online
[04/10/18, 15:35:45:337] info: Store: SET_NETWORK_STATUS offline
