[04/09/18, 21:13:49:213] info: ╔═════════════════════════════════════════════════════════════════════════════════╗
[04/09/18, 21:13:49:214] info: ║      Slack 3.1.1, linux 4.13.0-36-generic on x64 at 04/09/18, 21:13:49:208      ║
[04/09/18, 21:13:49:214] info: ╚═════════════════════════════════════════════════════════════════════════════════╝
[04/09/18, 21:13:49:775] info: Initializing local storage instance at path: /home/pimp-of-pimps/.config/Slack/local-settings.json
[04/09/18, 21:13:50:128] info: NetworkStatus: Waiting for network online…
[04/09/18, 21:13:51:420] info: NetworkStatus: Response from api.test
{
  "status": "online"
}
[04/09/18, 21:13:51:826] info: Store: SET_NETWORK_STATUS online
[04/09/18, 21:13:57:801] info: Store: SELECT_CHANNEL C8TMARN2V
[04/09/18, 21:13:57:809] info: Store: UPDATE_TEAM_LOCALE
{
  "locale": "en-US"
}
[04/09/18, 21:13:57:819] info: Store: UPDATE_SETTINGS
{
  "locale": "en-US"
}
[04/09/18, 21:13:58:447] info: Store: UPSERT_WEB_CONTENTS
{
  "id": 3,
  "state": "loaded",
  "teamId": "T8U7NRKQU"
}
[04/09/18, 21:13:58:466] info: Store: MAIN_WINDOW_SHOWN
[04/09/18, 21:13:58:543] info: Store: SET_FULL_SCREEN
[04/09/18, 21:13:58:552] info: Store: SET_FULL_SCREEN
[04/09/18, 21:13:58:556] info: Store: SET_FULL_SCREEN
[04/09/18, 21:13:58:562] info: Store: SET_FULL_SCREEN
[04/09/18, 21:13:58:566] info: Store: SET_FULL_SCREEN
[04/09/18, 21:13:58:727] info: Store: UPDATE_SESSION_STATUS
{
  "hasValidSession": true,
  "teamId": "T8U7NRKQU"
}
[04/09/18, 21:13:58:942] info: Store: SELECT_CHANNEL C9CRAPUAG
[04/09/18, 21:13:58:950] info: Store: UPDATE_TEAM_LOCALE
{
  "locale": "en-US"
}
[04/09/18, 21:13:59:533] info: Store: SAVE_WINDOW_SETTINGS
{
  "isMaximized": true,
  "position": [
    384,
    108
  ],
  "size": [
    1152,
    864
  ]
}
[04/09/18, 21:13:59:601] info: Store: UPSERT_WEB_CONTENTS
{
  "id": 4,
  "state": "loaded",
  "teamId": "T9C6NUMBJ"
}
[04/09/18, 21:13:59:699] info: Store: UPDATE_TEAM_LOCALE
{
  "locale": "en-US"
}
[04/09/18, 21:13:59:706] info: Store: UPSERT_WEB_CONTENTS
{
  "id": 3,
  "state": "webapp-loaded",
  "teamId": "T8U7NRKQU"
}
[04/09/18, 21:13:59:853] info: Store: UPDATE_TEAM_THEME
{
  "teamId": "T8U7NRKQU",
  "theme": {
    "active_item": "#4C9689",
    "active_item_text": "#FFFFFF",
    "active_presence": "#38978D",
    "badge": "#EB4D5C",
    "column_bg": "#4D394B",
    "hover_item": "#3E313C",
    "menu_bg": "#3E313C",
    "text_color": "#FFFFFF"
  }
}
[04/09/18, 21:13:59:861] info: Store: UPDATE_SESSION_STATUS
{
  "hasValidSession": true,
  "teamId": "T9C6NUMBJ"
}
[04/09/18, 21:13:59:935] info: Store: UPDATE_TEAM_LOCALE
{
  "locale": "en-US"
}
[04/09/18, 21:13:59:941] info: Store: UPSERT_WEB_CONTENTS
{
  "id": 4,
  "state": "webapp-loaded",
  "teamId": "T9C6NUMBJ"
}
[04/09/18, 21:14:00:038] info: Store: UPDATE_TEAM_THEME
{
  "teamId": "T9C6NUMBJ",
  "theme": {
    "active_item": "#4C9689",
    "active_item_text": "#FFFFFF",
    "active_presence": "#38978D",
    "badge": "#EB4D5C",
    "column_bg": "#4D394B",
    "hover_item": "#3E313C",
    "menu_bg": "#3E313C",
    "text_color": "#FFFFFF"
  }
}
[04/09/18, 21:14:00:048] info: Store: STORE_API_TOKEN
{
  "teamId": "T9C6NUMBJ",
  "token": "xoxs-⋯"
}
[04/09/18, 21:14:00:232] info: Store: UPDATE_TEAM_ICONS
{
  "icons": false,
  "teamId": "T9C6NUMBJ"
}
[04/09/18, 21:14:00:516] info: Store: STORE_API_TOKEN
{
  "teamId": "T8U7NRKQU",
  "token": "xoxs-⋯"
}
[04/09/18, 21:14:00:619] info: Store: UPDATE_TEAM_ICONS
{
  "icons": false,
  "teamId": "T8U7NRKQU"
}
[04/09/18, 22:28:35:008] info: Store: SET_NETWORK_STATUS offline
