[04/10/18, 18:46:09:189] info: ╔═════════════════════════════════════════════════════════════════════════════════╗
[04/10/18, 18:46:09:191] info: ║      Slack 3.1.1, linux 4.13.0-36-generic on x64 at 04/10/18, 18:46:09:183      ║
[04/10/18, 18:46:09:191] info: ╚═════════════════════════════════════════════════════════════════════════════════╝
[04/10/18, 18:46:09:389] info: Initializing local storage instance at path: /home/pimp-of-pimps/.config/Slack/local-settings.json
[04/10/18, 18:46:11:360] info: Store: SET_NETWORK_STATUS online
[04/10/18, 18:46:18:445] info: Store: SELECT_CHANNEL C8TJQJ1RN
[04/10/18, 18:46:18:452] info: Store: UPDATE_TEAM_LOCALE
{
  "locale": "en-US"
}
[04/10/18, 18:46:18:465] info: Store: UPDATE_SETTINGS
{
  "locale": "en-US"
}
[04/10/18, 18:46:18:559] info: Store: SELECT_CHANNEL C9CRAPUAG
[04/10/18, 18:46:18:562] info: Store: UPDATE_TEAM_LOCALE
{
  "locale": "en-US"
}
[04/10/18, 18:46:19:093] info: Store: UPSERT_WEB_CONTENTS
{
  "id": 4,
  "state": "loaded",
  "teamId": "T9C6NUMBJ"
}
[04/10/18, 18:46:19:105] info: Store: UPSERT_WEB_CONTENTS
{
  "id": 3,
  "state": "loaded",
  "teamId": "T8U7NRKQU"
}
[04/10/18, 18:46:19:110] info: Store: MAIN_WINDOW_SHOWN
[04/10/18, 18:46:19:209] info: Store: SET_FULL_SCREEN
[04/10/18, 18:46:19:226] info: Store: SET_FULL_SCREEN
[04/10/18, 18:46:19:227] info: Store: SET_FULL_SCREEN
[04/10/18, 18:46:19:243] info: Store: SET_FULL_SCREEN
[04/10/18, 18:46:19:248] info: Store: SET_FULL_SCREEN
