[04/17/18, 00:51:10:230] info: ╔═════════════════════════════════════════════════════════════════════════════════╗
[04/17/18, 00:51:10:231] info: ║      Slack 3.1.1, linux 4.13.0-36-generic on x64 at 04/17/18, 00:51:10:223      ║
[04/17/18, 00:51:10:232] info: ╚═════════════════════════════════════════════════════════════════════════════════╝
[04/17/18, 00:51:11:191] info: Initializing local storage instance at path: /home/pimp-of-pimps/.config/Slack/local-settings.json
[04/17/18, 00:51:12:451] info: NetworkStatus: Waiting for network online…
[04/17/18, 00:51:12:512] info: Store: SET_NETWORK_STATUS offline
[04/17/18, 00:51:13:334] info: NetworkStatus: Response from api.test
{
  "status": "online"
}
[04/17/18, 00:51:13:498] info: Store: UPSERT_WEB_CONTENTS
{
  "id": 3,
  "state": "loaded",
  "teamId": "T8U7NRKQU"
}
[04/17/18, 00:51:13:522] info: Store: UPSERT_WEB_CONTENTS
{
  "id": 3,
  "state": "empty-page",
  "teamId": "T8U7NRKQU"
}
[04/17/18, 00:51:13:608] info: Store: UPSERT_WEB_CONTENTS
{
  "id": 4,
  "state": "loaded",
  "teamId": "T9C6NUMBJ"
}
[04/17/18, 00:51:13:628] info: Store: UPSERT_WEB_CONTENTS
{
  "id": 4,
  "state": "empty-page",
  "teamId": "T9C6NUMBJ"
}
[04/17/18, 00:51:13:740] info: Store: SET_NETWORK_STATUS online
[04/17/18, 00:51:13:750] warn: Base Component: Attempting to update LoadingScreen when unmounted.
[04/17/18, 00:51:13:758] info: Store: MAIN_WINDOW_SHOWN
[04/17/18, 00:51:13:790] info: Store: SET_FULL_SCREEN
[04/17/18, 00:51:13:804] info: Store: SET_FULL_SCREEN
[04/17/18, 00:51:13:809] info: Store: SET_FULL_SCREEN
[04/17/18, 00:51:13:812] info: Store: SET_FULL_SCREEN
[04/17/18, 00:51:13:834] info: Store: SET_FULL_SCREEN
[04/17/18, 00:51:13:849] info: Store: UPSERT_WEB_CONTENTS
{
  "id": 3,
  "state": "page-will-navigate",
  "teamId": "T8U7NRKQU"
}
[04/17/18, 00:51:13:886] info: Store: UPSERT_WEB_CONTENTS
{
  "id": 4,
  "state": "page-will-navigate",
  "teamId": "T9C6NUMBJ"
}
[04/17/18, 00:51:13:907] info: Store: UPDATE_SESSION_STATUS
{
  "hasValidSession": true,
  "teamId": "T8U7NRKQU"
}
[04/17/18, 00:51:13:924] info: Store: UPDATE_SESSION_STATUS
{
  "hasValidSession": true,
  "teamId": "T9C6NUMBJ"
}
[04/17/18, 00:51:14:136] info: Store: UPDATE_SESSION_STATUS
{
  "hasValidSession": true,
  "teamId": "T8U7NRKQU"
}
[04/17/18, 00:51:14:142] info: Store: UPDATE_SESSION_STATUS
{
  "hasValidSession": true,
  "teamId": "T9C6NUMBJ"
}
[04/17/18, 00:51:14:792] info: Store: SAVE_WINDOW_SETTINGS
{
  "isMaximized": true,
  "position": [
    384,
    108
  ],
  "size": [
    1152,
    864
  ]
}
[04/17/18, 00:51:19:252] info: Store: SET_NETWORK_STATUS offline
[04/17/18, 00:51:21:124] info: NetworkStatus: Waiting for network online…
[04/17/18, 00:51:21:128] info: NetworkStatus: Network check failed
{
  "error": {
    "message": "Failed to fetch",
    "stack": "TypeError: Failed to fetch"
  }
}
[04/17/18, 00:51:21:129] info: NetworkStatus: Response from api.test
{
  "status": "offline"
}
[04/17/18, 00:51:26:343] info: NetworkStatus: Response from api.test
{
  "status": "online"
}
[04/17/18, 00:51:26:368] info: Store: MAIN_WINDOW_FOCUSED
[04/17/18, 00:51:26:467] info: Store: SELECT_TEAM T8U7NRKQU
[04/17/18, 00:51:26:475] info: Store: UPDATE_SETTINGS
{
  "locale": "en-US"
}
[04/17/18, 00:51:26:543] info: Store: MAIN_WINDOW_FOCUSED
[04/17/18, 00:51:26:640] info: Store: SELECT_TEAM T8U7NRKQU
[04/17/18, 00:51:26:746] info: Store: SET_NETWORK_STATUS online
[04/17/18, 00:51:26:748] warn: Base Component: Attempting to update LoadingScreen when unmounted.
[04/17/18, 00:51:30:439] info: Store: MAIN_WINDOW_FOCUSED
[04/17/18, 00:51:30:526] info: Store: SELECT_TEAM T8U7NRKQU
[04/17/18, 00:51:30:584] info: Store: MAIN_WINDOW_FOCUSED
[04/17/18, 00:51:30:678] info: Store: SELECT_TEAM T8U7NRKQU
[04/17/18, 00:51:35:166] info: Store: MAIN_WINDOW_FOCUSED
[04/17/18, 00:51:35:259] info: Store: SELECT_TEAM T9C6NUMBJ
[04/17/18, 00:51:36:931] info: Store: MAIN_WINDOW_FOCUSED
[04/17/18, 00:51:37:050] info: Store: SELECT_TEAM T8U7NRKQU
[04/17/18, 00:51:39:273] info: Store: SAVE_WINDOW_SETTINGS
{
  "isMaximized": false,
  "position": [
    0,
    29
  ],
  "size": [
    1920,
    1051
  ]
}
[04/17/18, 00:51:42:672] info: Store: SELECT_CHANNEL C9CRAPUAG
[04/17/18, 00:51:42:677] info: Store: UPDATE_TEAM_LOCALE
{
  "locale": "en-US"
}
[04/17/18, 00:51:43:026] info: Store: QUIT_APP
[04/17/18, 00:51:43:034] info: Store: UPDATE_TEAM_USAGE
{
  "T8U7NRKQU": 27483,
  "T9C6NUMBJ": 1789
}
[04/17/18, 00:51:43:051] info: Store: REMOVE_WINDOW 2
[04/17/18, 00:51:43:075] info: Store: QUIT_APP
