[04/09/18, 14:35:38:732] info: ╔═════════════════════════════════════════════════════════════════════════════════╗
[04/09/18, 14:35:38:734] info: ║      Slack 3.1.1, linux 4.13.0-36-generic on x64 at 04/09/18, 14:35:38:726      ║
[04/09/18, 14:35:38:734] info: ╚═════════════════════════════════════════════════════════════════════════════════╝
[04/09/18, 14:35:38:946] info: Initializing local storage instance at path: /home/pimp-of-pimps/.config/Slack/local-settings.json
[04/09/18, 14:35:40:965] info: Store: SET_NETWORK_STATUS online
[04/09/18, 14:35:47:436] info: Store: SELECT_CHANNEL C9CRAPUAG
[04/09/18, 14:35:47:446] info: Store: UPDATE_TEAM_LOCALE
{
  "locale": "en-US"
}
[04/09/18, 14:35:47:450] info: Store: UPDATE_SETTINGS
{
  "locale": "en-US"
}
[04/09/18, 14:35:47:635] info: Store: SELECT_CHANNEL C8TJBPHEC
[04/09/18, 14:35:47:646] info: Store: UPDATE_TEAM_LOCALE
{
  "locale": "en-US"
}
[04/09/18, 14:35:48:080] info: Store: UPSERT_WEB_CONTENTS
{
  "id": 4,
  "state": "loaded",
  "teamId": "T9C6NUMBJ"
}
[04/09/18, 14:35:48:337] info: Store: UPSERT_WEB_CONTENTS
{
  "id": 3,
  "state": "loaded",
  "teamId": "T8U7NRKQU"
}
[04/09/18, 14:35:48:342] info: Store: MAIN_WINDOW_SHOWN
[04/09/18, 14:35:48:378] info: Store: SET_FULL_SCREEN
[04/09/18, 14:35:48:389] info: Store: SET_FULL_SCREEN
[04/09/18, 14:35:48:392] info: Store: SET_FULL_SCREEN
[04/09/18, 14:35:48:395] info: Store: SET_FULL_SCREEN
[04/09/18, 14:35:48:398] info: Store: SET_FULL_SCREEN
[04/09/18, 14:35:48:410] info: Store: UPDATE_SESSION_STATUS
{
  "hasValidSession": true,
  "teamId": "T9C6NUMBJ"
}
