[04/17/18, 00:51:10:527] info: ╔═════════════════════════════════════════════════════════════════════════════════╗
[04/17/18, 00:51:10:529] info: ║      Slack 3.1.1, linux 4.13.0-36-generic on x64 at 04/17/18, 00:51:10:521      ║
[04/17/18, 00:51:10:529] info: ╚═════════════════════════════════════════════════════════════════════════════════╝
[04/17/18, 00:51:10:734] info: Initializing local storage instance at path: /home/pimp-of-pimps/.config/Slack/local-settings.json
[04/17/18, 00:51:12:455] info: Store: SET_NETWORK_STATUS offline
[04/17/18, 00:51:13:497] info: Store: UPSERT_WEB_CONTENTS
{
  "id": 3,
  "state": "loaded",
  "teamId": "T8U7NRKQU"
}
[04/17/18, 00:51:13:532] info: Store: UPSERT_WEB_CONTENTS
{
  "id": 3,
  "state": "empty-page",
  "teamId": "T8U7NRKQU"
}
[04/17/18, 00:51:13:612] info: Store: UPSERT_WEB_CONTENTS
{
  "id": 4,
  "state": "loaded",
  "teamId": "T9C6NUMBJ"
}
[04/17/18, 00:51:13:630] info: Store: UPSERT_WEB_CONTENTS
{
  "id": 4,
  "state": "empty-page",
  "teamId": "T9C6NUMBJ"
}
[04/17/18, 00:51:13:737] info: Store: SET_NETWORK_STATUS online
[04/17/18, 00:51:13:757] info: Store: MAIN_WINDOW_SHOWN
[04/17/18, 00:51:13:793] info: Store: SET_FULL_SCREEN
[04/17/18, 00:51:13:801] info: Store: SET_FULL_SCREEN
[04/17/18, 00:51:13:802] info: Store: SET_FULL_SCREEN
[04/17/18, 00:51:13:802] info: Store: SET_FULL_SCREEN
[04/17/18, 00:51:13:816] info: Store: SET_FULL_SCREEN
