[04/19/18, 19:58:10:149] info: ╔═════════════════════════════════════════════════════════════════════════════════╗
[04/19/18, 19:58:10:151] info: ║      Slack 3.1.1, linux 4.13.0-36-generic on x64 at 04/19/18, 19:58:10:143      ║
[04/19/18, 19:58:10:151] info: ╚═════════════════════════════════════════════════════════════════════════════════╝
[04/19/18, 19:58:10:414] info: Initializing local storage instance at path: /home/pimp-of-pimps/.config/Slack/local-settings.json
[04/19/18, 19:58:12:238] info: cld3::loadModule: loading cld3 module
[04/19/18, 19:58:12:350] info: cld3Loader::loadModule: running environment is NODE
[04/19/18, 19:58:12:350] info: cld3Loader::loadModule: constructed module object for runtime
[04/19/18, 19:58:12:853] info: cld3Loader::initializeRuntime: successfully initialized module
[04/19/18, 19:58:12:853] info: cld3Loader::loadModule: initialized wasm binary Runtime
[04/19/18, 19:58:12:858] warn: updateSpellcheckerLanguage: Tried to update language, but spellchecker not initialized
[04/19/18, 19:58:12:859] info: SSBIntegration: Main window preload script loaded 3839.891166
[04/19/18, 19:58:20:282] info: Store: SELECT_CHANNEL D8TJFNSHW
[04/19/18, 19:58:20:288] info: Store: UPDATE_TEAM_LOCALE
{
  "locale": "en-US"
}
[04/19/18, 19:58:20:290] info: Store: SELECT_CHANNEL C9CRAPUAG
[04/19/18, 19:58:20:291] info: Store: UPDATE_TEAM_LOCALE
{
  "locale": "en-US"
}
[04/19/18, 19:58:20:302] info: Store: UPSERT_WEB_CONTENTS
{
  "id": 4,
  "state": "loaded",
  "teamId": "T9C6NUMBJ"
}
[04/19/18, 19:58:20:315] info: Store: UPSERT_WEB_CONTENTS
{
  "id": 3,
  "state": "loaded",
  "teamId": "T8U7NRKQU"
}
[04/19/18, 19:58:20:377] info: Store: UPDATE_TEAM_THEME
{
  "teamId": "T9C6NUMBJ",
  "theme": {
    "active_item": "#4C9689",
    "active_item_text": "#FFFFFF",
    "active_presence": "#38978D",
    "badge": "#EB4D5C",
    "column_bg": "#4D394B",
    "hover_item": "#3E313C",
    "menu_bg": "#3E313C",
    "text_color": "#FFFFFF"
  }
}
[04/19/18, 19:58:20:380] info: Store: UPDATE_TEAM_THEME
{
  "teamId": "T8U7NRKQU",
  "theme": {
    "active_item": "#4C9689",
    "active_item_text": "#FFFFFF",
    "active_presence": "#38978D",
    "badge": "#EB4D5C",
    "column_bg": "#4D394B",
    "hover_item": "#3E313C",
    "menu_bg": "#3E313C",
    "text_color": "#FFFFFF"
  }
}
[04/19/18, 19:58:21:380] info: Store: UPDATE_SESSION_STATUS
{
  "hasValidSession": true,
  "teamId": "T9C6NUMBJ"
}
[04/19/18, 19:58:21:381] info: Store: UPDATE_SESSION_STATUS
{
  "hasValidSession": true,
  "teamId": "T8U7NRKQU"
}
[04/19/18, 19:58:21:383] info: Store: UPDATE_TEAM_LOCALE
{
  "locale": "en-US",
  "teamId": "T8U7NRKQU"
}
[04/19/18, 19:58:21:384] info: Store: UPSERT_WEB_CONTENTS
{
  "id": 3,
  "state": "webapp-loaded",
  "teamId": "T8U7NRKQU"
}
[04/19/18, 19:58:21:386] info: Store: UPDATE_TEAM_LOCALE
{
  "locale": "en-US",
  "teamId": "T9C6NUMBJ"
}
[04/19/18, 19:58:21:387] info: Store: UPSERT_WEB_CONTENTS
{
  "id": 4,
  "state": "webapp-loaded",
  "teamId": "T9C6NUMBJ"
}
[04/19/18, 20:02:04:553] info: Store: SET_NETWORK_STATUS offline
[04/19/18, 20:02:05:559] info: Store: SET_NETWORK_STATUS online
[04/19/18, 20:16:04:554] info: Store: SET_NETWORK_STATUS offline
[04/19/18, 20:16:05:554] info: Store: SET_NETWORK_STATUS online
[04/19/18, 21:39:26:549] info: Store: SET_NETWORK_STATUS offline
