[04/10/18, 18:46:10:554] info: ╔═════════════════════════════════════════════════════════════════════════════════╗
[04/10/18, 18:46:10:556] info: ║      Slack 3.1.1, linux 4.13.0-36-generic on x64 at 04/10/18, 18:46:10:517      ║
[04/10/18, 18:46:10:556] info: ╚═════════════════════════════════════════════════════════════════════════════════╝
[04/10/18, 18:46:10:931] info: Initializing local storage instance at path: /home/pimp-of-pimps/.config/Slack/local-settings.json
[04/10/18, 18:46:12:038] info: cld3::loadModule: loading cld3 module
[04/10/18, 18:46:12:153] info: cld3Loader::loadModule: running environment is NODE
[04/10/18, 18:46:12:153] info: cld3Loader::loadModule: constructed module object for runtime
[04/10/18, 18:46:12:718] info: cld3Loader::initializeRuntime: successfully initialized module
[04/10/18, 18:46:12:718] info: cld3Loader::loadModule: initialized wasm binary Runtime
[04/10/18, 18:46:12:724] warn: updateSpellcheckerLanguage: Tried to update language, but spellchecker not initialized
[04/10/18, 18:46:12:727] info: SSBIntegration: Main window preload script loaded 3105.515683
[04/10/18, 18:46:20:427] info: Store: SELECT_CHANNEL C8TJQJ1RN
[04/10/18, 18:46:20:429] info: Store: UPDATE_TEAM_LOCALE
{
  "locale": "en-US"
}
[04/10/18, 18:46:20:430] info: Store: UPDATE_SETTINGS
{
  "locale": "en-US"
}
[04/10/18, 18:46:20:431] info: Store: SELECT_CHANNEL C9CRAPUAG
[04/10/18, 18:46:20:431] info: Store: UPDATE_TEAM_LOCALE
{
  "locale": "en-US"
}
[04/10/18, 18:46:20:440] info: Store: UPSERT_WEB_CONTENTS
{
  "id": 4,
  "state": "loaded",
  "teamId": "T9C6NUMBJ"
}
[04/10/18, 18:46:20:445] info: Store: UPSERT_WEB_CONTENTS
{
  "id": 3,
  "state": "loaded",
  "teamId": "T8U7NRKQU"
}
[04/10/18, 18:46:20:465] info: Store: MAIN_WINDOW_SHOWN
[04/10/18, 18:46:20:468] info: Store: SET_FULL_SCREEN
[04/10/18, 18:46:20:488] info: Store: SET_FULL_SCREEN
[04/10/18, 18:46:20:489] info: Store: SET_FULL_SCREEN
[04/10/18, 18:46:20:489] info: Store: SET_FULL_SCREEN
[04/10/18, 18:46:20:495] info: Store: SET_FULL_SCREEN
[04/10/18, 18:46:20:496] info: Store: UPDATE_SESSION_STATUS
{
  "hasValidSession": true,
  "teamId": "T8U7NRKQU"
}
[04/10/18, 18:46:20:496] info: Store: UPDATE_SESSION_STATUS
{
  "hasValidSession": true,
  "teamId": "T9C6NUMBJ"
}
[04/10/18, 18:46:20:513] info: Store: UPDATE_TEAM_LOCALE
{
  "locale": "en-US"
}
[04/10/18, 18:46:20:513] info: Store: UPSERT_WEB_CONTENTS
{
  "id": 4,
  "state": "webapp-loaded",
  "teamId": "T9C6NUMBJ"
}
[04/10/18, 18:46:20:515] info: Store: UPDATE_TEAM_THEME
{
  "teamId": "T9C6NUMBJ",
  "theme": {
    "active_item": "#4C9689",
    "active_item_text": "#FFFFFF",
    "active_presence": "#38978D",
    "badge": "#EB4D5C",
    "column_bg": "#4D394B",
    "hover_item": "#3E313C",
    "menu_bg": "#3E313C",
    "text_color": "#FFFFFF"
  }
}
[04/10/18, 18:46:20:515] info: Store: STORE_API_TOKEN
{
  "teamId": "T9C6NUMBJ",
  "token": "xoxs-⋯"
}
[04/10/18, 18:46:20:516] info: Store: UPDATE_TEAM_ICONS
{
  "icons": false,
  "teamId": "T9C6NUMBJ"
}
[04/10/18, 18:46:20:822] info: Store: SAVE_WINDOW_SETTINGS
{
  "isMaximized": true,
  "position": [
    384,
    108
  ],
  "size": [
    1152,
    864
  ]
}
[04/10/18, 18:46:20:849] info: Store: UPDATE_TEAM_LOCALE
{
  "locale": "en-US"
}
[04/10/18, 18:46:20:850] info: Store: UPSERT_WEB_CONTENTS
{
  "id": 3,
  "state": "webapp-loaded",
  "teamId": "T8U7NRKQU"
}
[04/10/18, 18:46:20:867] info: Store: UPDATE_TEAM_THEME
{
  "teamId": "T8U7NRKQU",
  "theme": {
    "active_item": "#4C9689",
    "active_item_text": "#FFFFFF",
    "active_presence": "#38978D",
    "badge": "#EB4D5C",
    "column_bg": "#4D394B",
    "hover_item": "#3E313C",
    "menu_bg": "#3E313C",
    "text_color": "#FFFFFF"
  }
}
[04/10/18, 18:46:21:100] info: Store: STORE_API_TOKEN
{
  "teamId": "T8U7NRKQU",
  "token": "xoxs-⋯"
}
[04/10/18, 18:46:21:114] info: Store: UPDATE_TEAM_ICONS
{
  "icons": false,
  "teamId": "T8U7NRKQU"
}
[04/10/18, 18:46:22:506] info: Raw Locale list: ["C","C.UTF-8","en_US.utf8","is_IS.utf8","POSIX",""]
[04/10/18, 18:46:22:507] info: Filtered Locale list: ["en_US","is_IS"]
[04/10/18, 18:46:22:507] info: Counts: {"en":["en_US"],"is":["is_IS"]}
[04/10/18, 18:46:22:507] info: Setting en
[04/10/18, 18:46:22:508] info: Setting is
[04/10/18, 18:46:22:508] info: Result: {"en":"en-US","is":"is-IS"}
[04/10/18, 18:46:22:511] info: Requesting to load is-IS, alternatives are ["is-IS","is-IS","is-IS"]
[04/10/18, 18:46:22:513] info: Loading dictionary for language is-IS
[04/10/18, 18:46:22:514] info: Returning local copy: /home/pimp-of-pimps/.config/Slack/dictionaries/is-IS.bdic
[04/10/18, 18:46:22:517] info: Failed to read file /home/pimp-of-pimps/.config/Slack/dictionaries/is-IS.bdic: File exists but is most likely bogus
[04/10/18, 18:46:22:518] info: Actually downloading https://redirector.gvt1.com/edgedl/chrome/dict/is-is-3-0.bdic
[04/10/18, 18:46:23:544] info: Loading dictionary for language is-IS
[04/10/18, 18:46:23:545] info: Returning local copy: /home/pimp-of-pimps/.config/Slack/dictionaries/is-IS.bdic
[04/10/18, 18:46:23:546] info: Failed to read file /home/pimp-of-pimps/.config/Slack/dictionaries/is-IS.bdic: File exists but is most likely bogus
[04/10/18, 18:46:23:546] info: Actually downloading https://redirector.gvt1.com/edgedl/chrome/dict/is-is-3-0.bdic
[04/10/18, 18:46:23:979] info: Loading dictionary for language is-IS
[04/10/18, 18:46:23:980] info: Returning local copy: /home/pimp-of-pimps/.config/Slack/dictionaries/is-IS.bdic
[04/10/18, 18:46:23:981] info: Failed to read file /home/pimp-of-pimps/.config/Slack/dictionaries/is-IS.bdic: File exists but is most likely bogus
[04/10/18, 18:46:23:982] info: Actually downloading https://redirector.gvt1.com/edgedl/chrome/dict/is-is-3-0.bdic
[04/10/18, 18:46:24:192] info: dictionary for is-IS_is-IS is not available
[04/10/18, 18:46:24:194] info: Actually installing spell check provider to Electron
[04/10/18, 18:47:10:251] info: Unloading spellchecker
[04/10/18, 18:47:10:255] info: Unloading spellchecker
[04/10/18, 18:50:15:931] info: Restoring spellchecker
[04/10/18, 18:50:15:932] info: Requesting to load is-IS, alternatives are ["is-IS","is-IS","is-IS"]
[04/10/18, 18:50:15:933] info: Loading dictionary for language is-IS
[04/10/18, 18:50:15:934] info: Returning local copy: /home/pimp-of-pimps/.config/Slack/dictionaries/is-IS.bdic
[04/10/18, 18:50:15:976] info: Failed to read file /home/pimp-of-pimps/.config/Slack/dictionaries/is-IS.bdic: File exists but is most likely bogus
[04/10/18, 18:50:15:978] info: Actually downloading https://redirector.gvt1.com/edgedl/chrome/dict/is-is-3-0.bdic
[04/10/18, 18:50:16:601] info: Unloading spellchecker
[04/10/18, 18:50:16:620] info: Unloading spellchecker
[04/10/18, 18:50:16:625] info: Loading dictionary for language is-IS
[04/10/18, 18:50:16:625] info: Returning local copy: /home/pimp-of-pimps/.config/Slack/dictionaries/is-IS.bdic
[04/10/18, 18:50:16:630] info: Failed to read file /home/pimp-of-pimps/.config/Slack/dictionaries/is-IS.bdic: File exists but is most likely bogus
[04/10/18, 18:50:16:632] info: Actually downloading https://redirector.gvt1.com/edgedl/chrome/dict/is-is-3-0.bdic
[04/10/18, 18:50:16:760] info: Loading dictionary for language is-IS
[04/10/18, 18:50:16:760] info: Returning local copy: /home/pimp-of-pimps/.config/Slack/dictionaries/is-IS.bdic
[04/10/18, 18:50:16:761] info: Failed to read file /home/pimp-of-pimps/.config/Slack/dictionaries/is-IS.bdic: File exists but is most likely bogus
[04/10/18, 18:50:16:762] info: Actually downloading https://redirector.gvt1.com/edgedl/chrome/dict/is-is-3-0.bdic
[04/10/18, 18:50:17:045] info: dictionary for is-IS_is-IS is not available
[04/10/18, 18:52:13:408] info: Restoring spellchecker
[04/10/18, 18:52:13:409] info: Requesting to load is-IS, alternatives are ["is-IS","is-IS","is-IS"]
[04/10/18, 18:52:13:409] info: Loading dictionary for language is-IS
[04/10/18, 18:52:13:409] info: Returning local copy: /home/pimp-of-pimps/.config/Slack/dictionaries/is-IS.bdic
[04/10/18, 18:52:13:429] info: Failed to read file /home/pimp-of-pimps/.config/Slack/dictionaries/is-IS.bdic: File exists but is most likely bogus
[04/10/18, 18:52:13:430] info: Actually downloading https://redirector.gvt1.com/edgedl/chrome/dict/is-is-3-0.bdic
[04/10/18, 18:52:14:049] info: Loading dictionary for language is-IS
[04/10/18, 18:52:14:050] info: Returning local copy: /home/pimp-of-pimps/.config/Slack/dictionaries/is-IS.bdic
[04/10/18, 18:52:14:051] info: Failed to read file /home/pimp-of-pimps/.config/Slack/dictionaries/is-IS.bdic: File exists but is most likely bogus
[04/10/18, 18:52:14:051] info: Actually downloading https://redirector.gvt1.com/edgedl/chrome/dict/is-is-3-0.bdic
[04/10/18, 18:52:14:096] info: Unloading spellchecker
[04/10/18, 18:52:14:125] info: Unloading spellchecker
[04/10/18, 18:52:14:171] info: Loading dictionary for language is-IS
[04/10/18, 18:52:14:172] info: Returning local copy: /home/pimp-of-pimps/.config/Slack/dictionaries/is-IS.bdic
[04/10/18, 18:52:14:173] info: Failed to read file /home/pimp-of-pimps/.config/Slack/dictionaries/is-IS.bdic: File exists but is most likely bogus
[04/10/18, 18:52:14:174] info: Actually downloading https://redirector.gvt1.com/edgedl/chrome/dict/is-is-3-0.bdic
[04/10/18, 18:52:14:296] info: dictionary for is-IS_is-IS is not available
[04/10/18, 18:52:31:978] info: Restoring spellchecker
[04/10/18, 18:52:31:979] info: Requesting to load is-IS, alternatives are ["is-IS","is-IS","is-IS"]
[04/10/18, 18:52:31:979] info: Loading dictionary for language is-IS
[04/10/18, 18:52:31:980] info: Returning local copy: /home/pimp-of-pimps/.config/Slack/dictionaries/is-IS.bdic
[04/10/18, 18:52:32:021] info: Failed to read file /home/pimp-of-pimps/.config/Slack/dictionaries/is-IS.bdic: File exists but is most likely bogus
[04/10/18, 18:52:32:022] info: Actually downloading https://redirector.gvt1.com/edgedl/chrome/dict/is-is-3-0.bdic
[04/10/18, 18:52:32:576] info: Loading dictionary for language is-IS
[04/10/18, 18:52:32:576] info: Returning local copy: /home/pimp-of-pimps/.config/Slack/dictionaries/is-IS.bdic
[04/10/18, 18:52:32:577] info: Failed to read file /home/pimp-of-pimps/.config/Slack/dictionaries/is-IS.bdic: File exists but is most likely bogus
[04/10/18, 18:52:32:577] info: Actually downloading https://redirector.gvt1.com/edgedl/chrome/dict/is-is-3-0.bdic
[04/10/18, 18:52:32:703] info: Loading dictionary for language is-IS
[04/10/18, 18:52:32:704] info: Returning local copy: /home/pimp-of-pimps/.config/Slack/dictionaries/is-IS.bdic
[04/10/18, 18:52:32:707] info: Failed to read file /home/pimp-of-pimps/.config/Slack/dictionaries/is-IS.bdic: File exists but is most likely bogus
[04/10/18, 18:52:32:709] info: Actually downloading https://redirector.gvt1.com/edgedl/chrome/dict/is-is-3-0.bdic
[04/10/18, 18:52:32:832] info: dictionary for is-IS_is-IS is not available
[04/10/18, 18:53:01:308] info: Unloading spellchecker
[04/10/18, 18:53:01:337] info: Unloading spellchecker
[04/10/18, 19:02:04:240] info: Restoring spellchecker
[04/10/18, 19:02:04:241] info: Requesting to load is-IS, alternatives are ["is-IS","is-IS","is-IS"]
[04/10/18, 19:02:04:241] info: Loading dictionary for language is-IS
[04/10/18, 19:02:04:242] info: Returning local copy: /home/pimp-of-pimps/.config/Slack/dictionaries/is-IS.bdic
[04/10/18, 19:02:04:312] info: Failed to read file /home/pimp-of-pimps/.config/Slack/dictionaries/is-IS.bdic: File exists but is most likely bogus
[04/10/18, 19:02:04:312] info: Actually downloading https://redirector.gvt1.com/edgedl/chrome/dict/is-is-3-0.bdic
[04/10/18, 19:02:05:218] info: Unloading spellchecker
[04/10/18, 19:02:05:266] info: Unloading spellchecker
[04/10/18, 19:02:05:432] info: Loading dictionary for language is-IS
[04/10/18, 19:02:05:433] info: Returning local copy: /home/pimp-of-pimps/.config/Slack/dictionaries/is-IS.bdic
[04/10/18, 19:02:05:437] info: Failed to read file /home/pimp-of-pimps/.config/Slack/dictionaries/is-IS.bdic: File exists but is most likely bogus
[04/10/18, 19:02:05:438] info: Actually downloading https://redirector.gvt1.com/edgedl/chrome/dict/is-is-3-0.bdic
[04/10/18, 19:02:05:562] info: Loading dictionary for language is-IS
[04/10/18, 19:02:05:562] info: Returning local copy: /home/pimp-of-pimps/.config/Slack/dictionaries/is-IS.bdic
[04/10/18, 19:02:05:564] info: Failed to read file /home/pimp-of-pimps/.config/Slack/dictionaries/is-IS.bdic: File exists but is most likely bogus
[04/10/18, 19:02:05:565] info: Actually downloading https://redirector.gvt1.com/edgedl/chrome/dict/is-is-3-0.bdic
[04/10/18, 19:02:05:692] info: dictionary for is-IS_is-IS is not available
[04/10/18, 19:02:06:641] info: Restoring spellchecker
[04/10/18, 19:02:06:645] info: Requesting to load is-IS, alternatives are ["is-IS","is-IS","is-IS"]
[04/10/18, 19:02:06:646] info: Loading dictionary for language is-IS
[04/10/18, 19:02:06:646] info: Returning local copy: /home/pimp-of-pimps/.config/Slack/dictionaries/is-IS.bdic
[04/10/18, 19:02:06:723] info: Failed to read file /home/pimp-of-pimps/.config/Slack/dictionaries/is-IS.bdic: File exists but is most likely bogus
[04/10/18, 19:02:06:724] info: Actually downloading https://redirector.gvt1.com/edgedl/chrome/dict/is-is-3-0.bdic
[04/10/18, 19:02:06:875] info: Loading dictionary for language is-IS
[04/10/18, 19:02:06:875] info: Returning local copy: /home/pimp-of-pimps/.config/Slack/dictionaries/is-IS.bdic
[04/10/18, 19:02:06:880] info: Failed to read file /home/pimp-of-pimps/.config/Slack/dictionaries/is-IS.bdic: File exists but is most likely bogus
[04/10/18, 19:02:06:881] info: Actually downloading https://redirector.gvt1.com/edgedl/chrome/dict/is-is-3-0.bdic
[04/10/18, 19:02:07:014] info: Loading dictionary for language is-IS
[04/10/18, 19:02:07:015] info: Returning local copy: /home/pimp-of-pimps/.config/Slack/dictionaries/is-IS.bdic
[04/10/18, 19:02:07:018] info: Failed to read file /home/pimp-of-pimps/.config/Slack/dictionaries/is-IS.bdic: File exists but is most likely bogus
[04/10/18, 19:02:07:019] info: Actually downloading https://redirector.gvt1.com/edgedl/chrome/dict/is-is-3-0.bdic
[04/10/18, 19:02:07:157] info: dictionary for is-IS_is-IS is not available
[04/10/18, 19:02:08:345] info: Unloading spellchecker
[04/10/18, 19:02:08:395] info: Unloading spellchecker
[04/10/18, 19:46:40:494] info: Restoring spellchecker
[04/10/18, 19:46:40:527] info: Requesting to load is-IS, alternatives are ["is-IS","is-IS","is-IS"]
[04/10/18, 19:46:40:528] info: Loading dictionary for language is-IS
[04/10/18, 19:46:40:558] info: Returning local copy: /home/pimp-of-pimps/.config/Slack/dictionaries/is-IS.bdic
[04/10/18, 19:46:40:872] info: Failed to read file /home/pimp-of-pimps/.config/Slack/dictionaries/is-IS.bdic: File exists but is most likely bogus
[04/10/18, 19:46:40:873] info: Actually downloading https://redirector.gvt1.com/edgedl/chrome/dict/is-is-3-0.bdic
[04/10/18, 19:46:43:726] info: Loading dictionary for language is-IS
[04/10/18, 19:46:43:726] info: Returning local copy: /home/pimp-of-pimps/.config/Slack/dictionaries/is-IS.bdic
[04/10/18, 19:46:43:729] info: Failed to read file /home/pimp-of-pimps/.config/Slack/dictionaries/is-IS.bdic: File exists but is most likely bogus
[04/10/18, 19:46:43:729] info: Actually downloading https://redirector.gvt1.com/edgedl/chrome/dict/is-is-3-0.bdic
[04/10/18, 19:46:43:853] info: Loading dictionary for language is-IS
[04/10/18, 19:46:43:854] info: Returning local copy: /home/pimp-of-pimps/.config/Slack/dictionaries/is-IS.bdic
[04/10/18, 19:46:43:855] info: Failed to read file /home/pimp-of-pimps/.config/Slack/dictionaries/is-IS.bdic: File exists but is most likely bogus
[04/10/18, 19:46:43:855] info: Actually downloading https://redirector.gvt1.com/edgedl/chrome/dict/is-is-3-0.bdic
[04/10/18, 19:46:43:972] info: dictionary for is-IS_is-IS is not available
[04/10/18, 19:46:48:082] info: Unloading spellchecker
[04/10/18, 19:46:48:084] info: Unloading spellchecker
[04/10/18, 19:46:56:249] info: Restoring spellchecker
[04/10/18, 19:46:56:250] info: Requesting to load is-IS, alternatives are ["is-IS","is-IS","is-IS"]
[04/10/18, 19:46:56:251] info: Loading dictionary for language is-IS
[04/10/18, 19:46:56:251] info: Returning local copy: /home/pimp-of-pimps/.config/Slack/dictionaries/is-IS.bdic
[04/10/18, 19:46:56:310] info: Unloading spellchecker
[04/10/18, 19:46:56:314] info: Restoring spellchecker
[04/10/18, 19:46:56:314] info: Requesting to load is-IS, alternatives are ["is-IS","is-IS","is-IS"]
[04/10/18, 19:46:56:315] info: Loading dictionary for language is-IS
[04/10/18, 19:46:56:315] info: Returning local copy: /home/pimp-of-pimps/.config/Slack/dictionaries/is-IS.bdic
[04/10/18, 19:46:56:405] info: Unloading spellchecker
[04/10/18, 19:46:56:445] info: Failed to read file /home/pimp-of-pimps/.config/Slack/dictionaries/is-IS.bdic: File exists but is most likely bogus
[04/10/18, 19:46:56:445] info: Failed to read file /home/pimp-of-pimps/.config/Slack/dictionaries/is-IS.bdic: File exists but is most likely bogus
[04/10/18, 19:46:56:446] info: Actually downloading https://redirector.gvt1.com/edgedl/chrome/dict/is-is-3-0.bdic
[04/10/18, 19:46:56:500] info: Can't clear out file, bailing
[04/10/18, 19:46:56:501] info: Loading dictionary for language is-IS
[04/10/18, 19:46:56:502] info: Actually downloading https://redirector.gvt1.com/edgedl/chrome/dict/is-is-3-0.bdic
[04/10/18, 19:46:57:068] info: Loading dictionary for language is-IS
[04/10/18, 19:46:57:068] info: Returning local copy: /home/pimp-of-pimps/.config/Slack/dictionaries/is-IS.bdic
[04/10/18, 19:46:57:069] info: Failed to read file /home/pimp-of-pimps/.config/Slack/dictionaries/is-IS.bdic: File exists but is most likely bogus
[04/10/18, 19:46:57:069] info: Actually downloading https://redirector.gvt1.com/edgedl/chrome/dict/is-is-3-0.bdic
[04/10/18, 19:46:57:125] info: Loading dictionary for language is-IS
[04/10/18, 19:46:57:126] info: Returning local copy: /home/pimp-of-pimps/.config/Slack/dictionaries/is-IS.bdic
[04/10/18, 19:46:57:127] info: Failed to read file /home/pimp-of-pimps/.config/Slack/dictionaries/is-IS.bdic: File exists but is most likely bogus
[04/10/18, 19:46:57:128] info: Actually downloading https://redirector.gvt1.com/edgedl/chrome/dict/is-is-3-0.bdic
[04/10/18, 19:46:57:185] info: Loading dictionary for language is-IS
[04/10/18, 19:46:57:185] info: Returning local copy: /home/pimp-of-pimps/.config/Slack/dictionaries/is-IS.bdic
[04/10/18, 19:46:57:187] info: Failed to read file /home/pimp-of-pimps/.config/Slack/dictionaries/is-IS.bdic: File exists but is most likely bogus
[04/10/18, 19:46:57:188] info: Actually downloading https://redirector.gvt1.com/edgedl/chrome/dict/is-is-3-0.bdic
[04/10/18, 19:46:57:249] info: dictionary for is-IS_is-IS is not available
[04/10/18, 19:46:57:321] info: dictionary for is-IS_is-IS is not available
[04/10/18, 19:46:58:828] info: Unloading spellchecker
[04/10/18, 19:46:58:847] info: Unloading spellchecker
[04/10/18, 20:20:55:252] info: Restoring spellchecker
[04/10/18, 20:20:55:258] info: Requesting to load is-IS, alternatives are ["is-IS","is-IS","is-IS"]
[04/10/18, 20:20:55:259] info: Loading dictionary for language is-IS
[04/10/18, 20:20:55:268] info: Returning local copy: /home/pimp-of-pimps/.config/Slack/dictionaries/is-IS.bdic
[04/10/18, 20:20:55:813] info: Failed to read file /home/pimp-of-pimps/.config/Slack/dictionaries/is-IS.bdic: File exists but is most likely bogus
[04/10/18, 20:20:55:814] info: Actually downloading https://redirector.gvt1.com/edgedl/chrome/dict/is-is-3-0.bdic
[04/10/18, 20:20:58:443] info: Unloading spellchecker
[04/10/18, 20:20:58:752] info: Loading dictionary for language is-IS
[04/10/18, 20:20:58:752] info: Returning local copy: /home/pimp-of-pimps/.config/Slack/dictionaries/is-IS.bdic
[04/10/18, 20:20:58:753] info: Failed to read file /home/pimp-of-pimps/.config/Slack/dictionaries/is-IS.bdic: File exists but is most likely bogus
[04/10/18, 20:20:58:754] info: Actually downloading https://redirector.gvt1.com/edgedl/chrome/dict/is-is-3-0.bdic
[04/10/18, 20:20:58:885] info: Loading dictionary for language is-IS
[04/10/18, 20:20:58:887] info: Returning local copy: /home/pimp-of-pimps/.config/Slack/dictionaries/is-IS.bdic
[04/10/18, 20:20:58:890] info: Failed to read file /home/pimp-of-pimps/.config/Slack/dictionaries/is-IS.bdic: File exists but is most likely bogus
[04/10/18, 20:20:58:892] info: Actually downloading https://redirector.gvt1.com/edgedl/chrome/dict/is-is-3-0.bdic
[04/10/18, 20:20:59:016] info: dictionary for is-IS_is-IS is not available
[04/10/18, 20:20:59:462] info: Store: SAVE_WINDOW_SETTINGS
{
  "isMaximized": false,
  "position": [
    0,
    29
  ],
  "size": [
    1920,
    1051
  ]
}
[04/10/18, 20:29:16:340] info: Store: SET_NETWORK_STATUS offline
[04/10/18, 20:29:17:349] info: Store: SET_NETWORK_STATUS online
[04/10/18, 21:19:16:648] info: Store: SET_NETWORK_STATUS offline
[04/10/18, 21:19:18:340] info: Store: SET_NETWORK_STATUS online
[04/10/18, 21:21:17:340] info: Store: SET_NETWORK_STATUS offline
[04/10/18, 21:21:18:343] info: Store: SET_NETWORK_STATUS online
[04/10/18, 21:45:19:389] info: Store: SET_NETWORK_STATUS offline
[04/10/18, 21:45:20:340] info: Store: SET_NETWORK_STATUS online
[04/10/18, 22:03:55:628] info: Store: FOREGROUND_APP
[04/10/18, 22:03:56:045] info: Store: SET_FULL_SCREEN
[04/10/18, 22:03:56:179] info: Restoring spellchecker
[04/10/18, 22:03:56:179] info: Requesting to load is-IS, alternatives are ["is-IS","is-IS","is-IS"]
[04/10/18, 22:03:56:179] info: Loading dictionary for language is-IS
[04/10/18, 22:03:56:181] info: Returning local copy: /home/pimp-of-pimps/.config/Slack/dictionaries/is-IS.bdic
[04/10/18, 22:03:56:195] info: Store: SET_FULL_SCREEN
[04/10/18, 22:03:56:195] info: Store: SET_FULL_SCREEN
[04/10/18, 22:03:56:198] info: Store: SET_FULL_SCREEN
[04/10/18, 22:03:56:199] info: Store: SET_FULL_SCREEN
[04/10/18, 22:03:56:200] info: Failed to read file /home/pimp-of-pimps/.config/Slack/dictionaries/is-IS.bdic: File exists but is most likely bogus
[04/10/18, 22:03:56:201] info: Actually downloading https://redirector.gvt1.com/edgedl/chrome/dict/is-is-3-0.bdic
[04/10/18, 22:03:56:825] info: Store: SAVE_WINDOW_SETTINGS
{
  "isMaximized": true,
  "position": [
    384,
    108
  ],
  "size": [
    1152,
    864
  ]
}
[04/10/18, 22:03:56:829] info: Unloading spellchecker
[04/10/18, 22:03:56:832] info: Restoring spellchecker
[04/10/18, 22:03:56:832] info: Requesting to load is-IS, alternatives are ["is-IS","is-IS","is-IS"]
[04/10/18, 22:03:56:833] info: Loading dictionary for language is-IS
[04/10/18, 22:03:56:834] info: Actually downloading https://redirector.gvt1.com/edgedl/chrome/dict/is-is-3-0.bdic
[04/10/18, 22:03:57:852] info: Loading dictionary for language is-IS
[04/10/18, 22:03:57:853] info: Returning local copy: /home/pimp-of-pimps/.config/Slack/dictionaries/is-IS.bdic
[04/10/18, 22:03:57:854] info: Failed to read file /home/pimp-of-pimps/.config/Slack/dictionaries/is-IS.bdic: File exists but is most likely bogus
[04/10/18, 22:03:57:854] info: Actually downloading https://redirector.gvt1.com/edgedl/chrome/dict/is-is-3-0.bdic
[04/10/18, 22:03:57:914] info: Loading dictionary for language is-IS
[04/10/18, 22:03:57:914] info: Returning local copy: /home/pimp-of-pimps/.config/Slack/dictionaries/is-IS.bdic
[04/10/18, 22:03:57:915] info: Failed to read file /home/pimp-of-pimps/.config/Slack/dictionaries/is-IS.bdic: File exists but is most likely bogus
[04/10/18, 22:03:57:916] info: Actually downloading https://redirector.gvt1.com/edgedl/chrome/dict/is-is-3-0.bdic
[04/10/18, 22:03:57:980] info: Loading dictionary for language is-IS
[04/10/18, 22:03:57:981] info: Returning local copy: /home/pimp-of-pimps/.config/Slack/dictionaries/is-IS.bdic
[04/10/18, 22:03:57:982] info: Failed to read file /home/pimp-of-pimps/.config/Slack/dictionaries/is-IS.bdic: File exists but is most likely bogus
[04/10/18, 22:03:57:983] info: Actually downloading https://redirector.gvt1.com/edgedl/chrome/dict/is-is-3-0.bdic
[04/10/18, 22:03:58:043] info: Loading dictionary for language is-IS
[04/10/18, 22:03:58:044] info: Returning local copy: /home/pimp-of-pimps/.config/Slack/dictionaries/is-IS.bdic
[04/10/18, 22:03:58:045] info: Failed to read file /home/pimp-of-pimps/.config/Slack/dictionaries/is-IS.bdic: File exists but is most likely bogus
[04/10/18, 22:03:58:046] info: Actually downloading https://redirector.gvt1.com/edgedl/chrome/dict/is-is-3-0.bdic
[04/10/18, 22:03:58:109] info: dictionary for is-IS_is-IS is not available
[04/10/18, 22:03:58:169] info: dictionary for is-IS_is-IS is not available
[04/10/18, 22:04:02:738] info: Store: SELECT_CHANNEL C8TMARN2V
[04/10/18, 22:04:05:836] info: Requesting to load is-IS, alternatives are ["is-IS","is-IS","is-IS"]
[04/10/18, 22:04:05:836] info: Loading dictionary for language is-IS
[04/10/18, 22:04:05:837] info: Returning local copy: /home/pimp-of-pimps/.config/Slack/dictionaries/is-IS.bdic
[04/10/18, 22:04:05:869] info: Failed to read file /home/pimp-of-pimps/.config/Slack/dictionaries/is-IS.bdic: File exists but is most likely bogus
[04/10/18, 22:04:05:871] info: Actually downloading https://redirector.gvt1.com/edgedl/chrome/dict/is-is-3-0.bdic
[04/10/18, 22:04:06:423] info: Loading dictionary for language is-IS
[04/10/18, 22:04:06:424] info: Returning local copy: /home/pimp-of-pimps/.config/Slack/dictionaries/is-IS.bdic
[04/10/18, 22:04:06:425] info: Failed to read file /home/pimp-of-pimps/.config/Slack/dictionaries/is-IS.bdic: File exists but is most likely bogus
[04/10/18, 22:04:06:425] info: Actually downloading https://redirector.gvt1.com/edgedl/chrome/dict/is-is-3-0.bdic
[04/10/18, 22:04:06:549] info: Loading dictionary for language is-IS
[04/10/18, 22:04:06:549] info: Returning local copy: /home/pimp-of-pimps/.config/Slack/dictionaries/is-IS.bdic
[04/10/18, 22:04:06:552] info: Failed to read file /home/pimp-of-pimps/.config/Slack/dictionaries/is-IS.bdic: File exists but is most likely bogus
[04/10/18, 22:04:06:552] info: Actually downloading https://redirector.gvt1.com/edgedl/chrome/dict/is-is-3-0.bdic
[04/10/18, 22:04:06:678] info: dictionary for is-IS_is-IS is not available
[04/10/18, 22:04:11:058] info: Store: SELECT_CHANNEL C8TJBPHEC
[04/10/18, 22:04:13:527] info: Couldn't detect language for text of length '2548': Not enough reliable text, ignoring sample
[04/10/18, 22:04:18:485] info: Store: SELECT_CHANNEL C8TMARN2V
[04/10/18, 22:04:18:521] info: Requesting to load is-IS, alternatives are ["is-IS","is-IS","is-IS"]
[04/10/18, 22:04:18:522] info: Loading dictionary for language is-IS
[04/10/18, 22:04:18:522] info: Returning local copy: /home/pimp-of-pimps/.config/Slack/dictionaries/is-IS.bdic
[04/10/18, 22:04:18:531] info: Failed to read file /home/pimp-of-pimps/.config/Slack/dictionaries/is-IS.bdic: File exists but is most likely bogus
[04/10/18, 22:04:18:532] info: Actually downloading https://redirector.gvt1.com/edgedl/chrome/dict/is-is-3-0.bdic
[04/10/18, 22:04:19:062] info: Loading dictionary for language is-IS
[04/10/18, 22:04:19:063] info: Returning local copy: /home/pimp-of-pimps/.config/Slack/dictionaries/is-IS.bdic
[04/10/18, 22:04:19:063] info: Failed to read file /home/pimp-of-pimps/.config/Slack/dictionaries/is-IS.bdic: File exists but is most likely bogus
[04/10/18, 22:04:19:064] info: Actually downloading https://redirector.gvt1.com/edgedl/chrome/dict/is-is-3-0.bdic
[04/10/18, 22:04:19:188] info: Loading dictionary for language is-IS
[04/10/18, 22:04:19:189] info: Returning local copy: /home/pimp-of-pimps/.config/Slack/dictionaries/is-IS.bdic
[04/10/18, 22:04:19:190] info: Failed to read file /home/pimp-of-pimps/.config/Slack/dictionaries/is-IS.bdic: File exists but is most likely bogus
[04/10/18, 22:04:19:190] info: Actually downloading https://redirector.gvt1.com/edgedl/chrome/dict/is-is-3-0.bdic
[04/10/18, 22:04:19:315] info: dictionary for is-IS_is-IS is not available
[04/10/18, 22:04:22:328] info: Store: SELECT_CHANNEL C8TJBPHEC
[04/10/18, 22:04:22:361] info: Couldn't detect language for text of length '2548': Not enough reliable text, ignoring sample
[04/10/18, 22:04:23:318] info: Store: SELECT_CHANNEL C8TJQJ1RN
[04/10/18, 22:04:23:347] info: Couldn't detect language for text of length '557': Not enough reliable text, ignoring sample
[04/10/18, 22:04:29:802] info: Store: SELECT_CHANNEL C8TJBPHEC
[04/10/18, 22:04:30:389] info: Couldn't detect language for text of length '2548': Not enough reliable text, ignoring sample
[04/10/18, 22:05:05:090] info: Unloading spellchecker
[04/10/18, 22:05:05:108] info: Unloading spellchecker
[04/10/18, 22:05:06:760] info: Restoring spellchecker
[04/10/18, 22:05:06:761] info: Requesting to load is-IS, alternatives are ["is-IS","is-IS","is-IS"]
[04/10/18, 22:05:06:762] info: Loading dictionary for language is-IS
[04/10/18, 22:05:06:762] info: Returning local copy: /home/pimp-of-pimps/.config/Slack/dictionaries/is-IS.bdic
[04/10/18, 22:05:06:823] info: Failed to read file /home/pimp-of-pimps/.config/Slack/dictionaries/is-IS.bdic: File exists but is most likely bogus
[04/10/18, 22:05:06:824] info: Actually downloading https://redirector.gvt1.com/edgedl/chrome/dict/is-is-3-0.bdic
[04/10/18, 22:05:06:926] info: Unloading spellchecker
[04/10/18, 22:05:06:971] info: Unloading spellchecker
[04/10/18, 22:05:07:169] info: Restoring spellchecker
[04/10/18, 22:05:07:177] info: Requesting to load is-IS, alternatives are ["is-IS","is-IS","is-IS"]
[04/10/18, 22:05:07:178] info: Loading dictionary for language is-IS
[04/10/18, 22:05:07:178] info: Actually downloading https://redirector.gvt1.com/edgedl/chrome/dict/is-is-3-0.bdic
[04/10/18, 22:05:07:669] info: Unloading spellchecker
[04/10/18, 22:05:08:537] info: Store: SAVE_WINDOW_SETTINGS
{
  "isMaximized": false,
  "position": [
    0,
    29
  ],
  "size": [
    1920,
    1051
  ]
}
[04/10/18, 22:05:08:549] info: Loading dictionary for language is-IS
[04/10/18, 22:05:08:549] info: Returning local copy: /home/pimp-of-pimps/.config/Slack/dictionaries/is-IS.bdic
[04/10/18, 22:05:08:550] info: Failed to read file /home/pimp-of-pimps/.config/Slack/dictionaries/is-IS.bdic: File exists but is most likely bogus
[04/10/18, 22:05:08:551] info: Actually downloading https://redirector.gvt1.com/edgedl/chrome/dict/is-is-3-0.bdic
[04/10/18, 22:05:08:565] info: Loading dictionary for language is-IS
[04/10/18, 22:05:08:565] info: Actually downloading https://redirector.gvt1.com/edgedl/chrome/dict/is-is-3-0.bdic
[04/10/18, 22:05:08:683] info: Loading dictionary for language is-IS
[04/10/18, 22:05:08:684] info: Returning local copy: /home/pimp-of-pimps/.config/Slack/dictionaries/is-IS.bdic
[04/10/18, 22:05:08:685] info: Failed to read file /home/pimp-of-pimps/.config/Slack/dictionaries/is-IS.bdic: File exists but is most likely bogus
[04/10/18, 22:05:08:685] info: Actually downloading https://redirector.gvt1.com/edgedl/chrome/dict/is-is-3-0.bdic
[04/10/18, 22:05:08:745] info: Loading dictionary for language is-IS
[04/10/18, 22:05:08:745] info: Returning local copy: /home/pimp-of-pimps/.config/Slack/dictionaries/is-IS.bdic
[04/10/18, 22:05:08:746] info: Failed to read file /home/pimp-of-pimps/.config/Slack/dictionaries/is-IS.bdic: File exists but is most likely bogus
[04/10/18, 22:05:08:747] info: Actually downloading https://redirector.gvt1.com/edgedl/chrome/dict/is-is-3-0.bdic
[04/10/18, 22:05:08:814] info: dictionary for is-IS_is-IS is not available
[04/10/18, 22:05:08:873] info: dictionary for is-IS_is-IS is not available
[04/10/18, 22:05:38:339] info: Store: SET_NETWORK_STATUS offline
[04/10/18, 22:05:41:338] info: Store: SET_NETWORK_STATUS online
[04/10/18, 22:06:43:336] info: Store: SET_NETWORK_STATUS offline
