[04/21/18, 15:27:14:221] info: ╔═════════════════════════════════════════════════════════════════════════════════╗
[04/21/18, 15:27:14:222] info: ║      Slack 3.1.1, linux 4.13.0-36-generic on x64 at 04/21/18, 15:27:14:214      ║
[04/21/18, 15:27:14:223] info: ╚═════════════════════════════════════════════════════════════════════════════════╝
[04/21/18, 15:27:14:930] info: Initializing local storage instance at path: /home/pimp-of-pimps/.config/Slack/local-settings.json
[04/21/18, 15:27:15:364] info: NetworkStatus: Waiting for network online…
[04/21/18, 15:27:16:990] info: NetworkStatus: Response from api.test
{
  "status": "online"
}
[04/21/18, 15:27:17:400] info: Store: SET_NETWORK_STATUS online
[04/21/18, 15:27:25:380] info: Store: SELECT_CHANNEL D8TJFNSHW
[04/21/18, 15:27:25:397] info: Store: UPDATE_TEAM_LOCALE
{
  "locale": "en-US"
}
[04/21/18, 15:27:25:407] info: Store: UPDATE_SETTINGS
{
  "locale": "en-US"
}
[04/21/18, 15:27:25:803] info: Store: SELECT_CHANNEL C9CRAPUAG
[04/21/18, 15:27:25:811] info: Store: UPDATE_TEAM_LOCALE
{
  "locale": "en-US"
}
[04/21/18, 15:27:26:030] info: Store: UPSERT_WEB_CONTENTS
{
  "id": 3,
  "state": "loaded",
  "teamId": "T8U7NRKQU"
}
[04/21/18, 15:27:26:093] info: Store: MAIN_WINDOW_SHOWN
[04/21/18, 15:27:26:147] info: Store: SET_FULL_SCREEN
[04/21/18, 15:27:26:151] info: Store: SET_FULL_SCREEN
[04/21/18, 15:27:26:164] info: Store: SET_FULL_SCREEN
[04/21/18, 15:27:26:168] info: Store: SET_FULL_SCREEN
[04/21/18, 15:27:26:179] info: Store: SET_FULL_SCREEN
[04/21/18, 15:27:26:343] info: Store: UPDATE_SESSION_STATUS
{
  "hasValidSession": true,
  "teamId": "T8U7NRKQU"
}
[04/21/18, 15:27:26:674] info: Store: UPSERT_WEB_CONTENTS
{
  "id": 4,
  "state": "loaded",
  "teamId": "T9C6NUMBJ"
}
[04/21/18, 15:27:26:958] info: Store: UPDATE_SESSION_STATUS
{
  "hasValidSession": true,
  "teamId": "T9C6NUMBJ"
}
[04/21/18, 15:27:26:988] info: Store: UPDATE_TEAM_THEME
{
  "teamId": "T8U7NRKQU",
  "theme": {
    "active_item": "#4C9689",
    "active_item_text": "#FFFFFF",
    "active_presence": "#38978D",
    "badge": "#EB4D5C",
    "column_bg": "#4D394B",
    "hover_item": "#3E313C",
    "menu_bg": "#3E313C",
    "text_color": "#FFFFFF"
  }
}
[04/21/18, 15:27:27:136] info: Store: SAVE_WINDOW_SETTINGS
{
  "isMaximized": true,
  "position": [
    384,
    108
  ],
  "size": [
    1152,
    864
  ]
}
[04/21/18, 15:27:27:153] info: Store: UPDATE_TEAM_LOCALE
{
  "locale": "en-US"
}
[04/21/18, 15:27:27:208] info: Store: UPSERT_WEB_CONTENTS
{
  "id": 4,
  "state": "webapp-loaded",
  "teamId": "T9C6NUMBJ"
}
[04/21/18, 15:27:27:395] info: Store: UPDATE_TEAM_THEME
{
  "teamId": "T9C6NUMBJ",
  "theme": {
    "active_item": "#4C9689",
    "active_item_text": "#FFFFFF",
    "active_presence": "#38978D",
    "badge": "#EB4D5C",
    "column_bg": "#4D394B",
    "hover_item": "#3E313C",
    "menu_bg": "#3E313C",
    "text_color": "#FFFFFF"
  }
}
[04/21/18, 15:27:27:466] info: Store: STORE_API_TOKEN
{
  "teamId": "T9C6NUMBJ",
  "token": "xoxs-⋯"
}
[04/21/18, 15:27:30:495] info: Store: UPDATE_TEAM_LOCALE
{
  "locale": "en-US",
  "teamId": "T8U7NRKQU"
}
[04/21/18, 15:27:30:505] info: Store: UPSERT_WEB_CONTENTS
{
  "id": 3,
  "state": "webapp-loaded",
  "teamId": "T8U7NRKQU"
}
[04/21/18, 15:27:31:015] info: Store: STORE_API_TOKEN
{
  "teamId": "T8U7NRKQU",
  "token": "xoxs-⋯"
}
[04/21/18, 15:27:31:940] info: Store: MAIN_WINDOW_FOCUSED
[04/21/18, 15:27:32:047] info: Store: SELECT_TEAM T9C6NUMBJ
[04/21/18, 15:27:33:310] info: Store: MAIN_WINDOW_FOCUSED
[04/21/18, 15:27:33:405] info: Store: SELECT_TEAM T8U7NRKQU
[04/21/18, 15:27:36:946] info: Store: MAIN_WINDOW_FOCUSED
[04/21/18, 15:27:37:046] info: Store: SELECT_TEAM T9C6NUMBJ
[04/21/18, 15:27:46:025] info: Store: MAIN_WINDOW_FOCUSED
[04/21/18, 15:27:46:125] info: Store: SELECT_TEAM T8U7NRKQU
[04/21/18, 15:27:48:487] info: Store: SELECT_CHANNEL C8TMARN2V
[04/21/18, 15:29:51:451] info: Store: MAIN_WINDOW_FOCUSED
[04/21/18, 15:29:52:426] info: Store: SAVE_WINDOW_SETTINGS
{
  "isMaximized": true,
  "position": [
    384,
    108
  ],
  "size": [
    1152,
    864
  ]
}
[04/21/18, 15:57:02:072] info: Store: MAIN_WINDOW_FOCUSED
[04/21/18, 15:57:03:055] info: Store: SAVE_WINDOW_SETTINGS
{
  "isMaximized": true,
  "position": [
    384,
    108
  ],
  "size": [
    1152,
    864
  ]
}
[04/21/18, 15:59:55:153] info: Store: SET_NETWORK_STATUS offline
[04/21/18, 15:59:56:078] info: NetworkStatus: Waiting for network online…
[04/21/18, 15:59:56:392] info: NetworkStatus: Response from api.test
{
  "status": "online"
}
[04/21/18, 15:59:56:796] info: Store: SET_NETWORK_STATUS online
[04/21/18, 15:59:56:802] warn: Base Component: Attempting to update LoadingScreen when unmounted.
[04/21/18, 16:00:29:110] info: Store: SET_NETWORK_STATUS offline
[04/21/18, 16:00:50:708] info: NetworkStatus: Waiting for network online…
[04/21/18, 16:00:50:721] info: NetworkStatus: Network check failed
{
  "error": {
    "message": "Failed to fetch",
    "stack": "TypeError: Failed to fetch"
  }
}
[04/21/18, 16:00:50:722] info: NetworkStatus: Response from api.test
{
  "status": "offline"
}
[04/21/18, 16:01:01:810] info: NetworkStatus: Response from api.test
{
  "status": "online"
}
[04/21/18, 16:01:02:214] info: Store: SET_NETWORK_STATUS online
[04/21/18, 16:01:02:221] warn: Base Component: Attempting to update LoadingScreen when unmounted.
[04/21/18, 16:03:32:145] info: Store: SET_NETWORK_STATUS offline
[04/21/18, 16:03:49:121] info: NetworkStatus: Waiting for network online…
[04/21/18, 16:03:49:366] info: NetworkStatus: Response from api.test
{
  "status": "online"
}
[04/21/18, 16:03:49:769] info: Store: SET_NETWORK_STATUS online
[04/21/18, 16:03:49:774] warn: Base Component: Attempting to update LoadingScreen when unmounted.
[04/21/18, 17:11:28:442] info: Store: NEW_NOTIFICATION
{
  "avatarImage": "https://ca.slack-edge.com/T8U7NRKQU-U8U581G3V-g01dbb70d805-512",
  "channel": "C8TMARN2V",
  "content": "[REDACTED]",
  "id": "APpxi9hYK98jW7n",
  "imageUri": null,
  "launchUri": "slack://channel?id=C8TMARN2V&message=1524330688.000015&team=T8U7NRKQU",
  "msg": "1524330688.000015",
  "silent": true,
  "subtitle": "",
  "teamId": "T8U7NRKQU",
  "title": "[REDACTED]"
}
[04/21/18, 17:11:51:104] info: Store: NEW_NOTIFICATION
{
  "avatarImage": "https://ca.slack-edge.com/T8U7NRKQU-U8U581G3V-g01dbb70d805-512",
  "channel": "C8TMARN2V",
  "content": "[REDACTED]",
  "id": "OyKRTNir1kvVqDD",
  "imageUri": null,
  "launchUri": "slack://channel?id=C8TMARN2V&message=1524330710.000106&team=T8U7NRKQU",
  "msg": "1524330710.000106",
  "silent": true,
  "subtitle": "",
  "teamId": "T8U7NRKQU",
  "title": "[REDACTED]"
}
[04/21/18, 17:27:01:882] info: Store: NEW_NOTIFICATION
{
  "avatarImage": "https://ca.slack-edge.com/T8U7NRKQU-U8U581G3V-g01dbb70d805-512",
  "channel": "C8TMARN2V",
  "content": "[REDACTED]",
  "id": "vo1ktOsA6zXMO2y",
  "imageUri": null,
  "launchUri": "slack://channel?id=C8TMARN2V&message=1524331621.000116&team=T8U7NRKQU",
  "msg": "1524331621.000116",
  "silent": true,
  "subtitle": "",
  "teamId": "T8U7NRKQU",
  "title": "[REDACTED]"
}
[04/21/18, 17:31:37:972] info: Store: MAIN_WINDOW_FOCUSED
[04/21/18, 17:31:38:016] info: Store: SAVE_WINDOW_SETTINGS
{
  "isMaximized": true,
  "position": [
    384,
    108
  ],
  "size": [
    1152,
    864
  ]
}
[04/21/18, 19:08:38:866] info: Store: SET_NETWORK_STATUS offline
