[04/17/18, 00:51:51:673] info: ╔═════════════════════════════════════════════════════════════════════════════════╗
[04/17/18, 00:51:51:679] info: ║      Slack 3.1.1, linux 4.13.0-36-generic on x64 at 04/17/18, 00:51:51:663      ║
[04/17/18, 00:51:51:679] info: ╚═════════════════════════════════════════════════════════════════════════════════╝
[04/17/18, 00:51:51:984] info: Initializing local storage instance at path: /home/pimp-of-pimps/.config/Slack/local-settings.json
[04/17/18, 00:51:52:761] info: cld3::loadModule: loading cld3 module
[04/17/18, 00:51:52:808] info: cld3Loader::loadModule: running environment is NODE
[04/17/18, 00:51:52:808] info: cld3Loader::loadModule: constructed module object for runtime
[04/17/18, 00:51:53:245] info: cld3Loader::initializeRuntime: successfully initialized module
[04/17/18, 00:51:53:246] info: cld3Loader::loadModule: initialized wasm binary Runtime
[04/17/18, 00:51:53:252] warn: updateSpellcheckerLanguage: Tried to update language, but spellchecker not initialized
[04/17/18, 00:51:53:253] info: SSBIntegration: Main window preload script loaded 2428.137412
[04/17/18, 00:52:00:314] info: Store: SELECT_CHANNEL C9CRAPUAG
[04/17/18, 00:52:00:317] info: Store: UPDATE_TEAM_LOCALE
{
  "locale": "en-US"
}
[04/17/18, 00:52:00:318] info: Store: UPDATE_SETTINGS
{
  "locale": "en-US"
}
[04/17/18, 00:52:00:323] info: Store: SELECT_CHANNEL C8TMARN2V
[04/17/18, 00:52:00:323] info: Store: UPDATE_TEAM_LOCALE
{
  "locale": "en-US"
}
[04/17/18, 00:52:00:325] info: Store: UPSERT_WEB_CONTENTS
{
  "id": 4,
  "state": "loaded",
  "teamId": "T9C6NUMBJ"
}
[04/17/18, 00:52:00:330] info: Store: UPSERT_WEB_CONTENTS
{
  "id": 3,
  "state": "loaded",
  "teamId": "T8U7NRKQU"
}
[04/17/18, 00:52:00:332] info: Store: MAIN_WINDOW_SHOWN
[04/17/18, 00:52:00:438] info: Store: SET_FULL_SCREEN
[04/17/18, 00:52:00:438] info: Store: SET_FULL_SCREEN
[04/17/18, 00:52:00:439] info: Store: SET_FULL_SCREEN
[04/17/18, 00:52:00:440] info: Store: SET_FULL_SCREEN
[04/17/18, 00:52:00:443] info: Store: SET_FULL_SCREEN
[04/17/18, 00:52:00:483] info: Store: UPDATE_TEAM_LOCALE
{
  "locale": "en-US"
}
[04/17/18, 00:52:00:483] info: Store: UPDATE_SESSION_STATUS
{
  "hasValidSession": true,
  "teamId": "T9C6NUMBJ"
}
[04/17/18, 00:52:00:484] info: Store: UPSERT_WEB_CONTENTS
{
  "id": 4,
  "state": "webapp-loaded",
  "teamId": "T9C6NUMBJ"
}
[04/17/18, 00:52:00:486] info: Store: UPDATE_SESSION_STATUS
{
  "hasValidSession": true,
  "teamId": "T8U7NRKQU"
}
[04/17/18, 00:52:00:487] info: Store: UPDATE_TEAM_THEME
{
  "teamId": "T9C6NUMBJ",
  "theme": {
    "active_item": "#4C9689",
    "active_item_text": "#FFFFFF",
    "active_presence": "#38978D",
    "badge": "#EB4D5C",
    "column_bg": "#4D394B",
    "hover_item": "#3E313C",
    "menu_bg": "#3E313C",
    "text_color": "#FFFFFF"
  }
}
[04/17/18, 00:52:00:487] info: Store: STORE_API_TOKEN
{
  "teamId": "T9C6NUMBJ",
  "token": "xoxs-⋯"
}
[04/17/18, 00:52:00:488] info: Store: UPDATE_TEAM_ICONS
{
  "icons": false,
  "teamId": "T9C6NUMBJ"
}
[04/17/18, 00:52:01:041] info: Store: SAVE_WINDOW_SETTINGS
{
  "isMaximized": true,
  "position": [
    384,
    108
  ],
  "size": [
    1152,
    864
  ]
}
[04/17/18, 00:52:01:056] info: Store: UPDATE_TEAM_LOCALE
{
  "locale": "en-US"
}
[04/17/18, 00:52:01:057] info: Store: UPSERT_WEB_CONTENTS
{
  "id": 3,
  "state": "webapp-loaded",
  "teamId": "T8U7NRKQU"
}
[04/17/18, 00:52:01:102] info: Store: UPDATE_TEAM_THEME
{
  "teamId": "T8U7NRKQU",
  "theme": {
    "active_item": "#4C9689",
    "active_item_text": "#FFFFFF",
    "active_presence": "#38978D",
    "badge": "#EB4D5C",
    "column_bg": "#4D394B",
    "hover_item": "#3E313C",
    "menu_bg": "#3E313C",
    "text_color": "#FFFFFF"
  }
}
[04/17/18, 00:52:01:395] info: Store: STORE_API_TOKEN
{
  "teamId": "T8U7NRKQU",
  "token": "xoxs-⋯"
}
[04/17/18, 00:52:01:416] info: Store: UPDATE_TEAM_ICONS
{
  "icons": false,
  "teamId": "T8U7NRKQU"
}
[04/17/18, 00:52:02:901] info: Raw Locale list: ["C","C.UTF-8","en_US.utf8","is_IS.utf8","POSIX",""]
[04/17/18, 00:52:02:901] info: Filtered Locale list: ["en_US","is_IS"]
[04/17/18, 00:52:02:901] info: Counts: {"en":["en_US"],"is":["is_IS"]}
[04/17/18, 00:52:02:902] info: Setting en
[04/17/18, 00:52:02:903] info: Setting is
[04/17/18, 00:52:02:903] info: Result: {"en":"en-US","is":"is-IS"}
[04/17/18, 00:52:02:905] info: Requesting to load is-IS, alternatives are ["is-IS","is-IS","is-IS"]
[04/17/18, 00:52:02:907] info: Loading dictionary for language is-IS
[04/17/18, 00:52:02:907] info: Returning local copy: /home/pimp-of-pimps/.config/Slack/dictionaries/is-IS.bdic
[04/17/18, 00:52:02:911] info: Failed to read file /home/pimp-of-pimps/.config/Slack/dictionaries/is-IS.bdic: File exists but is most likely bogus
[04/17/18, 00:52:02:912] info: Actually downloading https://redirector.gvt1.com/edgedl/chrome/dict/is-is-3-0.bdic
[04/17/18, 00:52:03:463] info: Loading dictionary for language is-IS
[04/17/18, 00:52:03:463] info: Returning local copy: /home/pimp-of-pimps/.config/Slack/dictionaries/is-IS.bdic
[04/17/18, 00:52:03:509] info: Failed to read file /home/pimp-of-pimps/.config/Slack/dictionaries/is-IS.bdic: File exists but is most likely bogus
[04/17/18, 00:52:03:513] info: Actually downloading https://redirector.gvt1.com/edgedl/chrome/dict/is-is-3-0.bdic
[04/17/18, 00:52:03:636] info: Loading dictionary for language is-IS
[04/17/18, 00:52:03:636] info: Returning local copy: /home/pimp-of-pimps/.config/Slack/dictionaries/is-IS.bdic
[04/17/18, 00:52:03:638] info: Failed to read file /home/pimp-of-pimps/.config/Slack/dictionaries/is-IS.bdic: File exists but is most likely bogus
[04/17/18, 00:52:03:639] info: Actually downloading https://redirector.gvt1.com/edgedl/chrome/dict/is-is-3-0.bdic
[04/17/18, 00:52:03:750] info: dictionary for is-IS_is-IS is not available
[04/17/18, 00:52:03:751] info: Actually installing spell check provider to Electron
[04/17/18, 00:52:05:351] info: Unloading spellchecker
[04/17/18, 00:52:05:356] info: Unloading spellchecker
[04/17/18, 00:52:07:620] info: Restoring spellchecker
[04/17/18, 00:52:07:621] info: Requesting to load is-IS, alternatives are ["is-IS","is-IS","is-IS"]
[04/17/18, 00:52:07:621] info: Loading dictionary for language is-IS
[04/17/18, 00:52:07:622] info: Returning local copy: /home/pimp-of-pimps/.config/Slack/dictionaries/is-IS.bdic
[04/17/18, 00:52:07:701] info: Failed to read file /home/pimp-of-pimps/.config/Slack/dictionaries/is-IS.bdic: File exists but is most likely bogus
[04/17/18, 00:52:07:702] info: Actually downloading https://redirector.gvt1.com/edgedl/chrome/dict/is-is-3-0.bdic
[04/17/18, 00:52:07:833] info: Loading dictionary for language is-IS
[04/17/18, 00:52:07:833] info: Returning local copy: /home/pimp-of-pimps/.config/Slack/dictionaries/is-IS.bdic
[04/17/18, 00:52:07:835] info: Failed to read file /home/pimp-of-pimps/.config/Slack/dictionaries/is-IS.bdic: File exists but is most likely bogus
[04/17/18, 00:52:07:836] info: Actually downloading https://redirector.gvt1.com/edgedl/chrome/dict/is-is-3-0.bdic
[04/17/18, 00:52:08:054] info: Loading dictionary for language is-IS
[04/17/18, 00:52:08:060] info: Returning local copy: /home/pimp-of-pimps/.config/Slack/dictionaries/is-IS.bdic
[04/17/18, 00:52:08:275] info: Failed to read file /home/pimp-of-pimps/.config/Slack/dictionaries/is-IS.bdic: File exists but is most likely bogus
[04/17/18, 00:52:08:284] info: Actually downloading https://redirector.gvt1.com/edgedl/chrome/dict/is-is-3-0.bdic
[04/17/18, 00:52:08:431] info: dictionary for is-IS_is-IS is not available
[04/17/18, 00:52:08:865] info: Unloading spellchecker
[04/17/18, 00:52:08:867] info: Unloading spellchecker
[04/17/18, 00:53:44:011] info: Restoring spellchecker
[04/17/18, 00:53:44:013] info: Requesting to load is-IS, alternatives are ["is-IS","is-IS","is-IS"]
[04/17/18, 00:53:44:014] info: Loading dictionary for language is-IS
[04/17/18, 00:53:44:015] info: Returning local copy: /home/pimp-of-pimps/.config/Slack/dictionaries/is-IS.bdic
[04/17/18, 00:53:44:052] info: Failed to read file /home/pimp-of-pimps/.config/Slack/dictionaries/is-IS.bdic: File exists but is most likely bogus
[04/17/18, 00:53:44:054] info: Actually downloading https://redirector.gvt1.com/edgedl/chrome/dict/is-is-3-0.bdic
[04/17/18, 00:53:44:558] info: Unloading spellchecker
[04/17/18, 00:53:44:560] info: Unloading spellchecker
[04/17/18, 00:53:44:755] info: Loading dictionary for language is-IS
[04/17/18, 00:53:44:756] info: Returning local copy: /home/pimp-of-pimps/.config/Slack/dictionaries/is-IS.bdic
[04/17/18, 00:53:44:757] info: Failed to read file /home/pimp-of-pimps/.config/Slack/dictionaries/is-IS.bdic: File exists but is most likely bogus
[04/17/18, 00:53:44:757] info: Actually downloading https://redirector.gvt1.com/edgedl/chrome/dict/is-is-3-0.bdic
[04/17/18, 00:53:44:876] info: Loading dictionary for language is-IS
[04/17/18, 00:53:44:876] info: Returning local copy: /home/pimp-of-pimps/.config/Slack/dictionaries/is-IS.bdic
[04/17/18, 00:53:44:877] info: Failed to read file /home/pimp-of-pimps/.config/Slack/dictionaries/is-IS.bdic: File exists but is most likely bogus
[04/17/18, 00:53:44:878] info: Actually downloading https://redirector.gvt1.com/edgedl/chrome/dict/is-is-3-0.bdic
[04/17/18, 00:53:44:996] info: dictionary for is-IS_is-IS is not available
[04/17/18, 00:58:29:382] info: Restoring spellchecker
[04/17/18, 00:58:29:382] info: Requesting to load is-IS, alternatives are ["is-IS","is-IS","is-IS"]
[04/17/18, 00:58:29:382] info: Loading dictionary for language is-IS
[04/17/18, 00:58:29:382] info: Returning local copy: /home/pimp-of-pimps/.config/Slack/dictionaries/is-IS.bdic
[04/17/18, 00:58:29:409] info: Failed to read file /home/pimp-of-pimps/.config/Slack/dictionaries/is-IS.bdic: File exists but is most likely bogus
[04/17/18, 00:58:29:409] info: Actually downloading https://redirector.gvt1.com/edgedl/chrome/dict/is-is-3-0.bdic
[04/17/18, 00:58:30:203] info: Unloading spellchecker
[04/17/18, 00:58:30:205] info: Unloading spellchecker
[04/17/18, 00:58:30:264] info: Loading dictionary for language is-IS
[04/17/18, 00:58:30:265] info: Returning local copy: /home/pimp-of-pimps/.config/Slack/dictionaries/is-IS.bdic
[04/17/18, 00:58:30:266] info: Failed to read file /home/pimp-of-pimps/.config/Slack/dictionaries/is-IS.bdic: File exists but is most likely bogus
[04/17/18, 00:58:30:266] info: Actually downloading https://redirector.gvt1.com/edgedl/chrome/dict/is-is-3-0.bdic
[04/17/18, 00:58:30:389] info: Loading dictionary for language is-IS
[04/17/18, 00:58:30:390] info: Returning local copy: /home/pimp-of-pimps/.config/Slack/dictionaries/is-IS.bdic
[04/17/18, 00:58:30:392] info: Failed to read file /home/pimp-of-pimps/.config/Slack/dictionaries/is-IS.bdic: File exists but is most likely bogus
[04/17/18, 00:58:30:392] info: Actually downloading https://redirector.gvt1.com/edgedl/chrome/dict/is-is-3-0.bdic
[04/17/18, 00:58:30:512] info: dictionary for is-IS_is-IS is not available
[04/17/18, 01:30:30:696] info: Restoring spellchecker
[04/17/18, 01:30:30:696] info: Requesting to load is-IS, alternatives are ["is-IS","is-IS","is-IS"]
[04/17/18, 01:30:30:697] info: Loading dictionary for language is-IS
[04/17/18, 01:30:30:697] info: Returning local copy: /home/pimp-of-pimps/.config/Slack/dictionaries/is-IS.bdic
[04/17/18, 01:30:30:842] info: Failed to read file /home/pimp-of-pimps/.config/Slack/dictionaries/is-IS.bdic: File exists but is most likely bogus
[04/17/18, 01:30:30:843] info: Actually downloading https://redirector.gvt1.com/edgedl/chrome/dict/is-is-3-0.bdic
[04/17/18, 01:30:31:805] info: Loading dictionary for language is-IS
[04/17/18, 01:30:31:805] info: Returning local copy: /home/pimp-of-pimps/.config/Slack/dictionaries/is-IS.bdic
[04/17/18, 01:30:31:806] info: Failed to read file /home/pimp-of-pimps/.config/Slack/dictionaries/is-IS.bdic: File exists but is most likely bogus
[04/17/18, 01:30:31:806] info: Actually downloading https://redirector.gvt1.com/edgedl/chrome/dict/is-is-3-0.bdic
[04/17/18, 01:30:31:928] info: Loading dictionary for language is-IS
[04/17/18, 01:30:31:929] info: Returning local copy: /home/pimp-of-pimps/.config/Slack/dictionaries/is-IS.bdic
[04/17/18, 01:30:31:930] info: Failed to read file /home/pimp-of-pimps/.config/Slack/dictionaries/is-IS.bdic: File exists but is most likely bogus
[04/17/18, 01:30:31:931] info: Actually downloading https://redirector.gvt1.com/edgedl/chrome/dict/is-is-3-0.bdic
[04/17/18, 01:30:32:054] info: dictionary for is-IS_is-IS is not available
[04/17/18, 01:30:44:458] info: Unloading spellchecker
[04/17/18, 01:30:44:460] info: Unloading spellchecker
[04/17/18, 01:30:53:494] info: Restoring spellchecker
[04/17/18, 01:30:53:494] info: Requesting to load is-IS, alternatives are ["is-IS","is-IS","is-IS"]
[04/17/18, 01:30:53:495] info: Loading dictionary for language is-IS
[04/17/18, 01:30:53:495] info: Returning local copy: /home/pimp-of-pimps/.config/Slack/dictionaries/is-IS.bdic
[04/17/18, 01:30:53:529] info: Failed to read file /home/pimp-of-pimps/.config/Slack/dictionaries/is-IS.bdic: File exists but is most likely bogus
[04/17/18, 01:30:53:530] info: Actually downloading https://redirector.gvt1.com/edgedl/chrome/dict/is-is-3-0.bdic
[04/17/18, 01:30:54:131] info: Loading dictionary for language is-IS
[04/17/18, 01:30:54:131] info: Returning local copy: /home/pimp-of-pimps/.config/Slack/dictionaries/is-IS.bdic
[04/17/18, 01:30:54:132] info: Failed to read file /home/pimp-of-pimps/.config/Slack/dictionaries/is-IS.bdic: File exists but is most likely bogus
[04/17/18, 01:30:54:133] info: Actually downloading https://redirector.gvt1.com/edgedl/chrome/dict/is-is-3-0.bdic
[04/17/18, 01:30:54:254] info: Loading dictionary for language is-IS
[04/17/18, 01:30:54:255] info: Returning local copy: /home/pimp-of-pimps/.config/Slack/dictionaries/is-IS.bdic
[04/17/18, 01:30:54:258] info: Failed to read file /home/pimp-of-pimps/.config/Slack/dictionaries/is-IS.bdic: File exists but is most likely bogus
[04/17/18, 01:30:54:258] info: Actually downloading https://redirector.gvt1.com/edgedl/chrome/dict/is-is-3-0.bdic
[04/17/18, 01:30:54:391] info: dictionary for is-IS_is-IS is not available
[04/17/18, 01:31:15:318] info: Unloading spellchecker
[04/17/18, 01:31:15:358] info: Unloading spellchecker
[04/17/18, 01:33:39:727] info: Restoring spellchecker
[04/17/18, 01:33:39:727] info: Requesting to load is-IS, alternatives are ["is-IS","is-IS","is-IS"]
[04/17/18, 01:33:39:728] info: Loading dictionary for language is-IS
[04/17/18, 01:33:39:728] info: Returning local copy: /home/pimp-of-pimps/.config/Slack/dictionaries/is-IS.bdic
[04/17/18, 01:33:39:777] info: Failed to read file /home/pimp-of-pimps/.config/Slack/dictionaries/is-IS.bdic: File exists but is most likely bogus
[04/17/18, 01:33:39:778] info: Actually downloading https://redirector.gvt1.com/edgedl/chrome/dict/is-is-3-0.bdic
[04/17/18, 01:33:40:369] info: Loading dictionary for language is-IS
[04/17/18, 01:33:40:369] info: Returning local copy: /home/pimp-of-pimps/.config/Slack/dictionaries/is-IS.bdic
[04/17/18, 01:33:40:370] info: Failed to read file /home/pimp-of-pimps/.config/Slack/dictionaries/is-IS.bdic: File exists but is most likely bogus
[04/17/18, 01:33:40:371] info: Actually downloading https://redirector.gvt1.com/edgedl/chrome/dict/is-is-3-0.bdic
[04/17/18, 01:33:40:524] info: Loading dictionary for language is-IS
[04/17/18, 01:33:40:525] info: Returning local copy: /home/pimp-of-pimps/.config/Slack/dictionaries/is-IS.bdic
[04/17/18, 01:33:40:544] info: Failed to read file /home/pimp-of-pimps/.config/Slack/dictionaries/is-IS.bdic: File exists but is most likely bogus
[04/17/18, 01:33:40:546] info: Actually downloading https://redirector.gvt1.com/edgedl/chrome/dict/is-is-3-0.bdic
[04/17/18, 01:33:40:671] info: dictionary for is-IS_is-IS is not available
[04/17/18, 01:33:46:486] info: Unloading spellchecker
[04/17/18, 01:33:46:525] info: Unloading spellchecker
[04/17/18, 02:04:51:736] info: Restoring spellchecker
[04/17/18, 02:04:51:736] info: Requesting to load is-IS, alternatives are ["is-IS","is-IS","is-IS"]
[04/17/18, 02:04:51:737] info: Loading dictionary for language is-IS
[04/17/18, 02:04:51:737] info: Returning local copy: /home/pimp-of-pimps/.config/Slack/dictionaries/is-IS.bdic
[04/17/18, 02:04:51:862] info: Unloading spellchecker
[04/17/18, 02:04:51:868] info: Failed to read file /home/pimp-of-pimps/.config/Slack/dictionaries/is-IS.bdic: File exists but is most likely bogus
[04/17/18, 02:04:51:869] info: Actually downloading https://redirector.gvt1.com/edgedl/chrome/dict/is-is-3-0.bdic
[04/17/18, 02:04:52:927] info: Store: SAVE_WINDOW_SETTINGS
{
  "isMaximized": false,
  "position": [
    0,
    29
  ],
  "size": [
    1920,
    1051
  ]
}
[04/17/18, 02:04:55:425] info: Loading dictionary for language is-IS
[04/17/18, 02:04:55:425] info: Returning local copy: /home/pimp-of-pimps/.config/Slack/dictionaries/is-IS.bdic
[04/17/18, 02:04:55:426] info: Failed to read file /home/pimp-of-pimps/.config/Slack/dictionaries/is-IS.bdic: File exists but is most likely bogus
[04/17/18, 02:04:55:426] info: Actually downloading https://redirector.gvt1.com/edgedl/chrome/dict/is-is-3-0.bdic
[04/17/18, 02:04:55:543] info: Loading dictionary for language is-IS
[04/17/18, 02:04:55:543] info: Returning local copy: /home/pimp-of-pimps/.config/Slack/dictionaries/is-IS.bdic
[04/17/18, 02:04:55:544] info: Failed to read file /home/pimp-of-pimps/.config/Slack/dictionaries/is-IS.bdic: File exists but is most likely bogus
[04/17/18, 02:04:55:546] info: Actually downloading https://redirector.gvt1.com/edgedl/chrome/dict/is-is-3-0.bdic
[04/17/18, 02:04:55:667] info: dictionary for is-IS_is-IS is not available
