[04/10/18, 18:46:10:483] info: ╔═════════════════════════════════════════════════════════════════════════════════╗
[04/10/18, 18:46:10:486] info: ║      Slack 3.1.1, linux 4.13.0-36-generic on x64 at 04/10/18, 18:46:10:472      ║
[04/10/18, 18:46:10:486] info: ╚═════════════════════════════════════════════════════════════════════════════════╝
[04/10/18, 18:46:10:753] info: Initializing local storage instance at path: /home/pimp-of-pimps/.config/Slack/local-settings.json
[04/10/18, 18:46:12:038] info: cld3::loadModule: loading cld3 module
[04/10/18, 18:46:12:144] info: cld3Loader::loadModule: running environment is NODE
[04/10/18, 18:46:12:145] info: cld3Loader::loadModule: constructed module object for runtime
[04/10/18, 18:46:12:588] info: cld3Loader::initializeRuntime: successfully initialized module
[04/10/18, 18:46:12:588] info: cld3Loader::loadModule: initialized wasm binary Runtime
[04/10/18, 18:46:12:596] warn: updateSpellcheckerLanguage: Tried to update language, but spellchecker not initialized
[04/10/18, 18:46:12:598] info: SSBIntegration: Main window preload script loaded 3049.253423
[04/10/18, 18:46:19:540] info: Store: SELECT_CHANNEL C8TJQJ1RN
[04/10/18, 18:46:19:543] info: Store: UPDATE_TEAM_LOCALE
{
  "locale": "en-US"
}
[04/10/18, 18:46:19:546] info: Store: UPDATE_SETTINGS
{
  "locale": "en-US"
}
[04/10/18, 18:46:19:548] info: Store: SELECT_CHANNEL C9CRAPUAG
[04/10/18, 18:46:19:549] info: Store: UPDATE_TEAM_LOCALE
{
  "locale": "en-US"
}
[04/10/18, 18:46:19:552] info: Store: UPSERT_WEB_CONTENTS
{
  "id": 4,
  "state": "loaded",
  "teamId": "T9C6NUMBJ"
}
[04/10/18, 18:46:19:556] info: Store: UPSERT_WEB_CONTENTS
{
  "id": 3,
  "state": "loaded",
  "teamId": "T8U7NRKQU"
}
[04/10/18, 18:46:19:562] info: Store: MAIN_WINDOW_SHOWN
[04/10/18, 18:46:19:602] info: Store: SET_FULL_SCREEN
[04/10/18, 18:46:19:603] info: Store: SET_FULL_SCREEN
[04/10/18, 18:46:19:604] info: Store: SET_FULL_SCREEN
[04/10/18, 18:46:19:604] info: Store: SET_FULL_SCREEN
[04/10/18, 18:46:19:606] info: Store: SET_FULL_SCREEN
[04/10/18, 18:46:19:608] info: Store: UPDATE_SESSION_STATUS
{
  "hasValidSession": true,
  "teamId": "T8U7NRKQU"
}
[04/10/18, 18:46:19:609] info: Store: UPDATE_SESSION_STATUS
{
  "hasValidSession": true,
  "teamId": "T9C6NUMBJ"
}
[04/10/18, 18:46:19:609] info: Store: UPDATE_TEAM_LOCALE
{
  "locale": "en-US"
}
[04/10/18, 18:46:19:610] info: Store: UPSERT_WEB_CONTENTS
{
  "id": 4,
  "state": "webapp-loaded",
  "teamId": "T9C6NUMBJ"
}
[04/10/18, 18:46:19:626] info: Store: UPDATE_TEAM_THEME
{
  "teamId": "T9C6NUMBJ",
  "theme": {
    "active_item": "#4C9689",
    "active_item_text": "#FFFFFF",
    "active_presence": "#38978D",
    "badge": "#EB4D5C",
    "column_bg": "#4D394B",
    "hover_item": "#3E313C",
    "menu_bg": "#3E313C",
    "text_color": "#FFFFFF"
  }
}
[04/10/18, 18:46:19:627] info: Store: STORE_API_TOKEN
{
  "teamId": "T9C6NUMBJ",
  "token": "xoxs-⋯"
}
[04/10/18, 18:46:19:682] info: Store: UPDATE_TEAM_ICONS
{
  "icons": false,
  "teamId": "T9C6NUMBJ"
}
[04/10/18, 18:46:20:185] info: Store: SAVE_WINDOW_SETTINGS
{
  "isMaximized": true,
  "position": [
    384,
    108
  ],
  "size": [
    1152,
    864
  ]
}
[04/10/18, 18:46:20:361] info: Store: UPDATE_TEAM_LOCALE
{
  "locale": "en-US"
}
[04/10/18, 18:46:20:376] info: Store: UPSERT_WEB_CONTENTS
{
  "id": 3,
  "state": "webapp-loaded",
  "teamId": "T8U7NRKQU"
}
[04/10/18, 18:46:20:467] info: Store: UPDATE_TEAM_THEME
{
  "teamId": "T8U7NRKQU",
  "theme": {
    "active_item": "#4C9689",
    "active_item_text": "#FFFFFF",
    "active_presence": "#38978D",
    "badge": "#EB4D5C",
    "column_bg": "#4D394B",
    "hover_item": "#3E313C",
    "menu_bg": "#3E313C",
    "text_color": "#FFFFFF"
  }
}
[04/10/18, 18:46:20:854] info: Store: STORE_API_TOKEN
{
  "teamId": "T8U7NRKQU",
  "token": "xoxs-⋯"
}
[04/10/18, 18:46:20:977] info: Store: UPDATE_TEAM_ICONS
{
  "icons": false,
  "teamId": "T8U7NRKQU"
}
[04/10/18, 20:20:59:464] info: Store: SAVE_WINDOW_SETTINGS
{
  "isMaximized": false,
  "position": [
    0,
    29
  ],
  "size": [
    1920,
    1051
  ]
}
[04/10/18, 20:29:16:340] info: Store: SET_NETWORK_STATUS offline
[04/10/18, 20:29:17:349] info: Store: SET_NETWORK_STATUS online
[04/10/18, 21:19:16:648] info: Store: SET_NETWORK_STATUS offline
[04/10/18, 21:19:18:339] info: Store: SET_NETWORK_STATUS online
[04/10/18, 21:21:17:339] info: Store: SET_NETWORK_STATUS offline
[04/10/18, 21:21:18:342] info: Store: SET_NETWORK_STATUS online
[04/10/18, 21:45:19:389] info: Store: SET_NETWORK_STATUS offline
[04/10/18, 21:45:20:339] info: Store: SET_NETWORK_STATUS online
[04/10/18, 22:03:55:622] info: Store: FOREGROUND_APP
[04/10/18, 22:03:55:882] info: Store: SET_FULL_SCREEN
[04/10/18, 22:03:55:886] info: Store: SET_FULL_SCREEN
[04/10/18, 22:03:55:887] info: Store: SET_FULL_SCREEN
[04/10/18, 22:03:55:888] info: Store: SET_FULL_SCREEN
[04/10/18, 22:03:55:889] info: Store: SET_FULL_SCREEN
[04/10/18, 22:03:56:825] info: Store: SAVE_WINDOW_SETTINGS
{
  "isMaximized": true,
  "position": [
    384,
    108
  ],
  "size": [
    1152,
    864
  ]
}
[04/10/18, 22:04:02:582] info: Store: SELECT_CHANNEL C8TMARN2V
[04/10/18, 22:04:10:994] info: Store: SELECT_CHANNEL C8TJBPHEC
[04/10/18, 22:04:18:298] info: Store: SELECT_CHANNEL C8TMARN2V
[04/10/18, 22:04:22:150] info: Store: SELECT_CHANNEL C8TJBPHEC
[04/10/18, 22:04:23:185] info: Store: SELECT_CHANNEL C8TJQJ1RN
[04/10/18, 22:04:29:654] info: Store: SELECT_CHANNEL C8TJBPHEC
[04/10/18, 22:05:08:536] info: Store: SAVE_WINDOW_SETTINGS
{
  "isMaximized": false,
  "position": [
    0,
    29
  ],
  "size": [
    1920,
    1051
  ]
}
[04/10/18, 22:05:38:339] info: Store: SET_NETWORK_STATUS offline
[04/10/18, 22:05:41:336] info: Store: SET_NETWORK_STATUS online
[04/10/18, 22:06:43:336] info: Store: SET_NETWORK_STATUS offline
