[04/17/18, 00:51:15:563] info: ╔═════════════════════════════════════════════════════════════════════════════════╗
[04/17/18, 00:51:15:564] info: ║      Slack 3.1.1, linux 4.13.0-36-generic on x64 at 04/17/18, 00:51:15:558      ║
[04/17/18, 00:51:15:564] info: ╚═════════════════════════════════════════════════════════════════════════════════╝
[04/17/18, 00:51:15:853] info: Initializing local storage instance at path: /home/pimp-of-pimps/.config/Slack/local-settings.json
[04/17/18, 00:51:16:754] info: cld3::loadModule: loading cld3 module
[04/17/18, 00:51:16:799] info: cld3Loader::loadModule: running environment is NODE
[04/17/18, 00:51:16:799] info: cld3Loader::loadModule: constructed module object for runtime
[04/17/18, 00:51:17:239] info: cld3Loader::initializeRuntime: successfully initialized module
[04/17/18, 00:51:17:240] info: cld3Loader::loadModule: initialized wasm binary Runtime
[04/17/18, 00:51:17:246] warn: updateSpellcheckerLanguage: Tried to update language, but spellchecker not initialized
[04/17/18, 00:51:17:247] info: SSBIntegration: Main window preload script loaded 2258.873005
[04/17/18, 00:51:19:253] info: Store: SET_NETWORK_STATUS offline
[04/17/18, 00:51:26:366] info: Store: MAIN_WINDOW_FOCUSED
[04/17/18, 00:51:26:465] info: Store: SELECT_TEAM T8U7NRKQU
[04/17/18, 00:51:26:472] info: Store: UPDATE_SETTINGS
{
  "locale": "en-US"
}
[04/17/18, 00:51:26:542] info: Store: MAIN_WINDOW_FOCUSED
[04/17/18, 00:51:26:640] info: Store: SELECT_TEAM T8U7NRKQU
[04/17/18, 00:51:26:745] info: Store: SET_NETWORK_STATUS online
[04/17/18, 00:51:30:439] info: Store: MAIN_WINDOW_FOCUSED
[04/17/18, 00:51:30:525] info: Store: SELECT_TEAM T8U7NRKQU
[04/17/18, 00:51:30:583] info: Store: MAIN_WINDOW_FOCUSED
[04/17/18, 00:51:30:678] info: Store: SELECT_TEAM T8U7NRKQU
[04/17/18, 00:51:35:166] info: Store: MAIN_WINDOW_FOCUSED
[04/17/18, 00:51:35:259] info: Store: SELECT_TEAM T9C6NUMBJ
[04/17/18, 00:51:36:930] info: Store: MAIN_WINDOW_FOCUSED
[04/17/18, 00:51:37:049] info: Store: SELECT_TEAM T8U7NRKQU
[04/17/18, 00:51:39:273] info: Store: SAVE_WINDOW_SETTINGS
{
  "isMaximized": false,
  "position": [
    0,
    29
  ],
  "size": [
    1920,
    1051
  ]
}
[04/17/18, 00:51:42:672] info: Store: SELECT_CHANNEL C9CRAPUAG
[04/17/18, 00:51:42:677] info: Store: UPDATE_TEAM_LOCALE
{
  "locale": "en-US"
}
[04/17/18, 00:51:43:026] info: Store: QUIT_APP
[04/17/18, 00:51:43:034] info: Store: UPDATE_TEAM_USAGE
{
  "T8U7NRKQU": 27483,
  "T9C6NUMBJ": 1789
}
[04/17/18, 00:51:43:051] info: Store: REMOVE_WINDOW 2
[04/17/18, 00:51:43:075] info: Store: QUIT_APP
