[04/09/18, 14:35:39:670] info: ╔═════════════════════════════════════════════════════════════════════════════════╗
[04/09/18, 14:35:39:672] info: ║      Slack 3.1.1, linux 4.13.0-36-generic on x64 at 04/09/18, 14:35:39:662      ║
[04/09/18, 14:35:39:672] info: ╚═════════════════════════════════════════════════════════════════════════════════╝
[04/09/18, 14:35:39:946] info: Initializing local storage instance at path: /home/pimp-of-pimps/.config/Slack/local-settings.json
[04/09/18, 14:35:41:297] info: cld3::loadModule: loading cld3 module
[04/09/18, 14:35:41:399] info: cld3Loader::loadModule: running environment is NODE
[04/09/18, 14:35:41:399] info: cld3Loader::loadModule: constructed module object for runtime
[04/09/18, 14:35:41:873] info: cld3Loader::initializeRuntime: successfully initialized module
[04/09/18, 14:35:41:874] info: cld3Loader::loadModule: initialized wasm binary Runtime
[04/09/18, 14:35:41:880] warn: updateSpellcheckerLanguage: Tried to update language, but spellchecker not initialized
[04/09/18, 14:35:41:882] info: SSBIntegration: Main window preload script loaded 3003.809029
[04/09/18, 14:35:48:712] info: Store: SELECT_CHANNEL C9CRAPUAG
[04/09/18, 14:35:48:719] info: Store: UPDATE_TEAM_LOCALE
{
  "locale": "en-US"
}
[04/09/18, 14:35:48:721] info: Store: UPDATE_SETTINGS
{
  "locale": "en-US"
}
[04/09/18, 14:35:48:722] info: Store: SELECT_CHANNEL C8TJBPHEC
[04/09/18, 14:35:48:722] info: Store: UPDATE_TEAM_LOCALE
{
  "locale": "en-US"
}
[04/09/18, 14:35:48:727] info: Store: UPSERT_WEB_CONTENTS
{
  "id": 4,
  "state": "loaded",
  "teamId": "T9C6NUMBJ"
}
[04/09/18, 14:35:48:794] info: Store: UPSERT_WEB_CONTENTS
{
  "id": 3,
  "state": "loaded",
  "teamId": "T8U7NRKQU"
}
[04/09/18, 14:35:48:795] info: Store: MAIN_WINDOW_SHOWN
[04/09/18, 14:35:48:798] info: Store: SET_FULL_SCREEN
[04/09/18, 14:35:48:798] info: Store: SET_FULL_SCREEN
[04/09/18, 14:35:48:798] info: Store: SET_FULL_SCREEN
[04/09/18, 14:35:48:799] info: Store: SET_FULL_SCREEN
[04/09/18, 14:35:48:799] info: Store: SET_FULL_SCREEN
[04/09/18, 14:35:48:800] info: Store: UPDATE_SESSION_STATUS
{
  "hasValidSession": true,
  "teamId": "T9C6NUMBJ"
}
[04/09/18, 14:35:48:800] info: Store: UPDATE_TEAM_LOCALE
{
  "locale": "en-US"
}
[04/09/18, 14:35:48:801] info: Store: UPSERT_WEB_CONTENTS
{
  "id": 4,
  "state": "webapp-loaded",
  "teamId": "T9C6NUMBJ"
}
[04/09/18, 14:35:48:806] info: Store: UPDATE_SESSION_STATUS
{
  "hasValidSession": true,
  "teamId": "T8U7NRKQU"
}
[04/09/18, 14:35:48:822] info: Store: UPDATE_TEAM_THEME
{
  "teamId": "T9C6NUMBJ",
  "theme": {
    "active_item": "#4C9689",
    "active_item_text": "#FFFFFF",
    "active_presence": "#38978D",
    "badge": "#EB4D5C",
    "column_bg": "#4D394B",
    "hover_item": "#3E313C",
    "menu_bg": "#3E313C",
    "text_color": "#FFFFFF"
  }
}
[04/09/18, 14:35:48:827] info: Store: STORE_API_TOKEN
{
  "teamId": "T9C6NUMBJ",
  "token": "xoxs-⋯"
}
[04/09/18, 14:35:48:847] info: Store: UPDATE_TEAM_ICONS
{
  "icons": false,
  "teamId": "T9C6NUMBJ"
}
[04/09/18, 14:35:49:378] info: Store: SAVE_WINDOW_SETTINGS
{
  "isMaximized": true,
  "position": [
    384,
    108
  ],
  "size": [
    1152,
    864
  ]
}
[04/09/18, 14:35:49:996] info: Store: UPDATE_TEAM_LOCALE
{
  "locale": "en-US"
}
[04/09/18, 14:35:50:007] info: Store: UPSERT_WEB_CONTENTS
{
  "id": 3,
  "state": "webapp-loaded",
  "teamId": "T8U7NRKQU"
}
[04/09/18, 14:35:50:136] info: Store: UPDATE_TEAM_THEME
{
  "teamId": "T8U7NRKQU",
  "theme": {
    "active_item": "#4C9689",
    "active_item_text": "#FFFFFF",
    "active_presence": "#38978D",
    "badge": "#EB4D5C",
    "column_bg": "#4D394B",
    "hover_item": "#3E313C",
    "menu_bg": "#3E313C",
    "text_color": "#FFFFFF"
  }
}
[04/09/18, 14:35:50:632] info: Store: STORE_API_TOKEN
{
  "teamId": "T8U7NRKQU",
  "token": "xoxs-⋯"
}
[04/09/18, 14:35:50:657] info: Store: UPDATE_TEAM_ICONS
{
  "icons": false,
  "teamId": "T8U7NRKQU"
}
[04/09/18, 14:49:25:236] info: Store: SET_NETWORK_STATUS offline
[04/09/18, 14:49:31:773] info: Store: SET_NETWORK_STATUS online
[04/09/18, 14:59:25:165] info: Store: SET_NETWORK_STATUS offline
[04/09/18, 14:59:31:685] info: Store: SET_NETWORK_STATUS online
[04/09/18, 15:05:25:094] info: Store: SET_NETWORK_STATUS offline
[04/09/18, 15:05:54:701] error: Apr-9 15:05:54.699 T9C6NUMBJ SOCKET-MANAGER: Closing socket due to unknown error
[04/09/18, 15:06:24:708] error: Apr-9 15:06:24.708 T9C6NUMBJ SOCKET-MANAGER: Closing socket due to unknown error
[04/09/18, 15:06:54:974] error: Apr-9 15:06:54.974 T9C6NUMBJ SOCKET-MANAGER: Closing socket due to unknown error
[04/09/18, 15:07:26:974] error: Apr-9 15:07:26.974 T9C6NUMBJ SOCKET-MANAGER: Closing socket due to unknown error
[04/09/18, 15:07:58:976] error: Apr-9 15:07:58.975 T9C6NUMBJ SOCKET-MANAGER: Closing socket due to unknown error
[04/09/18, 15:08:12:484] info: Store: SET_NETWORK_STATUS online
[04/09/18, 15:08:30:975] error: Apr-9 15:08:30.975 T9C6NUMBJ SOCKET-MANAGER: Closing socket due to unknown error
[04/09/18, 15:08:48:317] info: Store: UPDATE_TEAM_ICONS
{
  "icons": false,
  "teamId": "T8U7NRKQU"
}
[04/09/18, 15:08:48:485] info: Store: UPDATE_TEAM_LOCALE
{
  "locale": "en-US",
  "teamId": "T8U7NRKQU"
}
[04/09/18, 15:08:51:669] info: Store: SET_NETWORK_STATUS offline
[04/09/18, 15:08:58:557] info: Store: SET_NETWORK_STATUS online
[04/09/18, 15:09:32:511] info: Store: SET_NETWORK_STATUS offline
[04/09/18, 15:09:33:962] info: Store: SET_NETWORK_STATUS online
[04/09/18, 15:09:42:177] error: Apr-9 15:09:42.176 T9C6NUMBJ SOCKET-MANAGER: Closing socket due to unknown error
[04/09/18, 15:09:51:166] info: Store: SET_NETWORK_STATUS offline
[04/09/18, 15:09:53:287] info: Store: SET_NETWORK_STATUS online
[04/09/18, 15:10:02:047] info: Store: SET_NETWORK_STATUS offline
[04/09/18, 15:10:03:118] info: Store: SET_NETWORK_STATUS online
[04/09/18, 15:10:12:685] info: Store: UPDATE_TEAM_ICONS
{
  "icons": false,
  "teamId": "T9C6NUMBJ"
}
[04/09/18, 15:10:12:688] info: Store: UPDATE_TEAM_LOCALE
{
  "locale": "en-US",
  "teamId": "T9C6NUMBJ"
}
[04/09/18, 15:21:10:130] info: Store: SET_NETWORK_STATUS offline
[04/09/18, 15:21:15:363] info: Store: SET_NETWORK_STATUS online
[04/09/18, 15:29:11:295] info: Store: SET_NETWORK_STATUS offline
[04/09/18, 15:29:16:509] info: Store: SET_NETWORK_STATUS online
[04/09/18, 15:51:11:266] info: Store: SET_NETWORK_STATUS offline
[04/09/18, 15:51:11:827] info: Store: SET_NETWORK_STATUS online
[04/09/18, 16:05:11:686] info: Store: SET_NETWORK_STATUS offline
[04/09/18, 16:05:16:879] info: Store: SET_NETWORK_STATUS online
[04/09/18, 16:07:10:262] info: Store: SET_NETWORK_STATUS offline
[04/09/18, 16:07:10:771] info: Store: SET_NETWORK_STATUS online
[04/09/18, 16:17:09:986] info: Store: SET_NETWORK_STATUS offline
[04/09/18, 16:17:16:430] info: Store: SET_NETWORK_STATUS online
[04/09/18, 17:17:11:250] info: Store: SET_NETWORK_STATUS offline
[04/09/18, 17:17:17:716] info: Store: SET_NETWORK_STATUS online
[04/09/18, 17:21:09:795] info: Store: SET_NETWORK_STATUS offline
[04/09/18, 17:21:11:100] info: Store: SET_NETWORK_STATUS online
[04/09/18, 17:43:11:627] info: Store: SET_NETWORK_STATUS offline
[04/09/18, 17:43:13:094] info: Store: SET_NETWORK_STATUS online
[04/09/18, 18:47:10:052] info: Store: SET_NETWORK_STATUS offline
[04/09/18, 18:47:10:454] info: Store: SET_NETWORK_STATUS online
[04/09/18, 19:02:12:730] info: Store: SELECT_CHANNEL C8TMARN2V
[04/09/18, 19:03:10:965] info: Store: SET_NETWORK_STATUS offline
[04/09/18, 19:03:15:776] info: Store: SET_NETWORK_STATUS online
[04/09/18, 19:17:10:852] info: Store: SET_NETWORK_STATUS offline
[04/09/18, 19:17:24:577] info: Store: SET_NETWORK_STATUS online
[04/09/18, 19:27:09:301] info: Store: SET_NETWORK_STATUS offline
[04/09/18, 19:27:16:124] info: Store: SET_NETWORK_STATUS online
[04/09/18, 19:31:32:876] info: Store: SET_NETWORK_STATUS offline
