[04/18/18, 12:23:35:508] info: ╔═════════════════════════════════════════════════════════════════════════════════╗
[04/18/18, 12:23:35:510] info: ║      Slack 3.1.1, linux 4.13.0-36-generic on x64 at 04/18/18, 12:23:35:501      ║
[04/18/18, 12:23:35:510] info: ╚═════════════════════════════════════════════════════════════════════════════════╝
[04/18/18, 12:23:35:727] info: Initializing local storage instance at path: /home/pimp-of-pimps/.config/Slack/local-settings.json
[04/18/18, 12:23:37:884] info: Store: SET_NETWORK_STATUS online
[04/18/18, 12:23:50:510] info: Store: SELECT_CHANNEL C8TMARN2V
[04/18/18, 12:23:50:531] info: Store: UPDATE_TEAM_LOCALE
{
  "locale": "en-US"
}
[04/18/18, 12:23:50:532] info: Store: UPDATE_SETTINGS
{
  "locale": "en-US"
}
[04/18/18, 12:23:53:030] info: Store: SELECT_CHANNEL C9CRAPUAG
[04/18/18, 12:23:53:038] info: Store: UPDATE_TEAM_LOCALE
{
  "locale": "en-US"
}
[04/18/18, 12:23:53:376] info: Store: UPSERT_WEB_CONTENTS
{
  "id": 3,
  "state": "loaded",
  "teamId": "T8U7NRKQU"
}
[04/18/18, 12:23:53:408] info: Store: MAIN_WINDOW_SHOWN
