VirtualBox XPCOM Server 5.1.34_Ubuntu r121010 linux.amd64 (Feb  2 2018 12:27:46) release log
00:00:00.000274 main     Log opened 2018-04-02T18:01:50.895082000Z
00:00:00.000277 main     Build Type: release
00:00:00.000281 main     OS Product: Linux
00:00:00.000282 main     OS Release: 4.13.0-36-generic
00:00:00.000284 main     OS Version: #40~16.04.1-Ubuntu SMP Fri Feb 16 23:25:58 UTC 2018
00:00:00.000311 main     DMI Product Name: X540LA
00:00:00.000322 main     DMI Product Version: 1.0       
00:00:00.000378 main     Host RAM: 7878MB (7.6GB) total, 3484MB (3.4GB) available
00:00:00.000383 main     Executable: /usr/lib/virtualbox/VBoxSVC
00:00:00.000384 main     Process ID: 18429
00:00:00.000384 main     Package type: LINUX_64BITS_GENERIC (OSE)
00:00:00.002449 main     IPC socket path: /tmp/.vbox-pimp-of-pimps-ipc/ipcd
00:00:00.107237 nspr-2   VirtualBox: object creation starts
00:00:00.107334 nspr-2   Home directory: '/home/pimp-of-pimps/.config/VirtualBox'
00:00:00.125003 nspr-2   NetIfAdpCtlOut: VBoxNetAdpCtl: Error while retrieving link speed for wlp3s0: VBoxNetAdpCtl: ioctl failed: Operation not supported
00:00:00.125668 nspr-2   NAT: resolv.conf: nameserver 127.0.1.1
00:00:00.125692 nspr-2   HostDnsMonitor: old information
00:00:00.125696 nspr-2     no server entries
00:00:00.125699 nspr-2     no domain set
00:00:00.125702 nspr-2     no search string entries
00:00:00.125705 nspr-2   HostDnsMonitor: new information
00:00:00.125708 nspr-2     server 1: 127.0.1.1
00:00:00.125711 nspr-2     no domain set
00:00:00.125714 nspr-2     no search string entries
00:00:00.125720 nspr-2   HostDnsMonitorProxy::notify
00:00:00.128386 nspr-2   Failed to open "/dev/vboxdrvu", errno=2, rc=VERR_VM_DRIVER_NOT_INSTALLED
00:00:00.129701 nspr-2   VD: VDInit finished
00:00:00.129860 nspr-2   ERROR [COM]: aRC=NS_ERROR_FAILURE (0x80004005) aIID={0eb668d2-495e-5a36-8890-29999b5f030c} aComponent={SystemPropertiesWrap} aText={Cannot determine default Guest Additions ISO location. Most likely they are not available}, preserve=false aResultDetail=0
00:00:00.130729 nspr-2   VirtualBox: object created
00:00:20.361475 main     VirtualBox: object deletion starts
00:00:20.635737 Watcher  ERROR [COM]: aRC=E_ACCESSDENIED (0x80070005) aIID={0169423f-46b4-cde9-91af-1e9d5b6cd945} aComponent={VirtualBoxWrap} aText={The object is not ready}, preserve=false aResultDetail=0
00:00:25.362080 main     {00007f24c0016f60} HostPowerServiceLinux::~HostPowerServiceLinux: RTThreadWait() for 5000 ms failed with VERR_TIMEOUT
00:00:25.363170 main     VirtualBox: object deleted
